Starting Test1Application on UnDead with PID 11104 (started by SeeClanUkyo in D:\新建文件夹\test1)
No active profile set, falling back to default profiles: default
Multiple Spring Data modules found, entering strict repository configuration mode!
Bootstrapping Spring Data repositories in DEFAULT mode.
Finished Spring Data repository scanning in 144ms. Found 0 repository interfaces.
@Bean method PropertiesConfig.properties is non-static and returns an object assignable to Spring's BeanFactoryPostProcessor interface. This will result in a failure to process annotations such as @Autowired, @Resource and @PostConstruct within the method's declaring @Configuration class. Add the 'static' modifier to this method to avoid these container lifecycle issues; see @Bean javadoc for complete details.
Bean 'shiroConfiguration' of type [com.tansuo365.test1.config.shiro.ShiroConfiguration$$EnhancerBySpringCGLIB$$26fdc9e0] is not eligible for getting processed by all BeanPostProcessors (for example: not eligible for auto-proxying)
Bean 'hashedCredentialsMatcher' of type [org.apache.shiro.authc.credential.HashedCredentialsMatcher] is not eligible for getting processed by all BeanPostProcessors (for example: not eligible for auto-proxying)
Bean 'mybatis-org.mybatis.spring.boot.autoconfigure.MybatisProperties' of type [org.mybatis.spring.boot.autoconfigure.MybatisProperties] is not eligible for getting processed by all BeanPostProcessors (for example: not eligible for auto-proxying)
Bean 'org.mybatis.spring.boot.autoconfigure.MybatisAutoConfiguration' of type [org.mybatis.spring.boot.autoconfigure.MybatisAutoConfiguration$$EnhancerBySpringCGLIB$$bcf1d8e5] is not eligible for getting processed by all BeanPostProcessors (for example: not eligible for auto-proxying)
Bean 'com.alibaba.druid.spring.boot.autoconfigure.DruidDataSourceAutoConfigure' of type [com.alibaba.druid.spring.boot.autoconfigure.DruidDataSourceAutoConfigure$$EnhancerBySpringCGLIB$$a3c97d27] is not eligible for getting processed by all BeanPostProcessors (for example: not eligible for auto-proxying)
Init DruidDataSource
Bean 'spring.datasource-org.springframework.boot.autoconfigure.jdbc.DataSourceProperties' of type [org.springframework.boot.autoconfigure.jdbc.DataSourceProperties] is not eligible for getting processed by all BeanPostProcessors (for example: not eligible for auto-proxying)
Bean 'com.alibaba.druid.spring.boot.autoconfigure.stat.DruidFilterConfiguration' of type [com.alibaba.druid.spring.boot.autoconfigure.stat.DruidFilterConfiguration] is not eligible for getting processed by all BeanPostProcessors (for example: not eligible for auto-proxying)
Bean 'statFilter' of type [com.alibaba.druid.filter.stat.StatFilter] is not eligible for getting processed by all BeanPostProcessors (for example: not eligible for auto-proxying)
{dataSource-1} inited
Bean 'dataSource' of type [com.alibaba.druid.spring.boot.autoconfigure.DruidDataSourceWrapper] is not eligible for getting processed by all BeanPostProcessors (for example: not eligible for auto-proxying)
Bean 'sqlSessionFactory' of type [org.apache.ibatis.session.defaults.DefaultSqlSessionFactory] is not eligible for getting processed by all BeanPostProcessors (for example: not eligible for auto-proxying)
Bean 'sqlSessionTemplate' of type [org.mybatis.spring.SqlSessionTemplate] is not eligible for getting processed by all BeanPostProcessors (for example: not eligible for auto-proxying)
Bean 'userMapper' of type [org.mybatis.spring.mapper.MapperFactoryBean] is not eligible for getting processed by all BeanPostProcessors (for example: not eligible for auto-proxying)
Bean 'userMapper' of type [com.sun.proxy.$Proxy68] is not eligible for getting processed by all BeanPostProcessors (for example: not eligible for auto-proxying)
Bean 'userRoleMapper' of type [org.mybatis.spring.mapper.MapperFactoryBean] is not eligible for getting processed by all BeanPostProcessors (for example: not eligible for auto-proxying)
Bean 'userRoleMapper' of type [com.sun.proxy.$Proxy69] is not eligible for getting processed by all BeanPostProcessors (for example: not eligible for auto-proxying)
Bean 'userRoleServiceImpl' of type [com.tansuo365.test1.service.user.impl.UserRoleServiceImpl] is not eligible for getting processed by all BeanPostProcessors (for example: not eligible for auto-proxying)
Bean 'passwordEncrypt' of type [com.tansuo365.test1.util.PasswordEncrypt] is not eligible for getting processed by all BeanPostProcessors (for example: not eligible for auto-proxying)
Bean 'userServiceImpl' of type [com.tansuo365.test1.service.user.impl.UserServiceImpl] is not eligible for getting processed by all BeanPostProcessors (for example: not eligible for auto-proxying)
Bean 'roleMapper' of type [org.mybatis.spring.mapper.MapperFactoryBean] is not eligible for getting processed by all BeanPostProcessors (for example: not eligible for auto-proxying)
Bean 'roleMapper' of type [com.sun.proxy.$Proxy73] is not eligible for getting processed by all BeanPostProcessors (for example: not eligible for auto-proxying)
Bean 'roleServiceImpl' of type [com.tansuo365.test1.service.user.impl.RoleServiceImpl] is not eligible for getting processed by all BeanPostProcessors (for example: not eligible for auto-proxying)
Bean 'EMenuMapper' of type [org.mybatis.spring.mapper.MapperFactoryBean] is not eligible for getting processed by all BeanPostProcessors (for example: not eligible for auto-proxying)
Bean 'EMenuMapper' of type [com.sun.proxy.$Proxy74] is not eligible for getting processed by all BeanPostProcessors (for example: not eligible for auto-proxying)
Bean 'EMenuServiceImpl' of type [com.tansuo365.test1.service.user.impl.EMenuServiceImpl] is not eligible for getting processed by all BeanPostProcessors (for example: not eligible for auto-proxying)
Bean 'getDatabaseRealm' of type [com.tansuo365.test1.config.shiro.realm.DatabaseRealm] is not eligible for getting processed by all BeanPostProcessors (for example: not eligible for auto-proxying)
Bean 'rememberMeCookie' of type [org.apache.shiro.web.servlet.SimpleCookie] is not eligible for getting processed by all BeanPostProcessors (for example: not eligible for auto-proxying)
Bean 'rememberMeManager' of type [org.apache.shiro.web.mgt.CookieRememberMeManager] is not eligible for getting processed by all BeanPostProcessors (for example: not eligible for auto-proxying)
Bean 'securityManager' of type [org.apache.shiro.web.mgt.DefaultWebSecurityManager] is not eligible for getting processed by all BeanPostProcessors (for example: not eligible for auto-proxying)
Bean 'redisConfig' of type [com.tansuo365.test1.config.RedisConfig$$EnhancerBySpringCGLIB$$11f5e1cf] is not eligible for getting processed by all BeanPostProcessors (for example: not eligible for auto-proxying)
Bean 'org.springframework.transaction.annotation.ProxyTransactionManagementConfiguration' of type [org.springframework.transaction.annotation.ProxyTransactionManagementConfiguration$$EnhancerBySpringCGLIB$$8a1d87b5] is not eligible for getting processed by all BeanPostProcessors (for example: not eligible for auto-proxying)
Bean 'authorizationAttributeSourceAdvisor' of type [org.apache.shiro.spring.security.interceptor.AuthorizationAttributeSourceAdvisor] is not eligible for getting processed by all BeanPostProcessors (for example: not eligible for auto-proxying)
Tomcat initialized with port(s): 80 (http)
Initializing ProtocolHandler ["http-nio-80"]
Starting service [Tomcat]
Starting Servlet Engine: Apache Tomcat/9.0.13
The APR based Apache Tomcat Native library which allows optimal performance in production environments was not found on the java.library.path: [C:\Program Files\Java\jdk1.8.0_191\bin;C:\WINDOWS\Sun\Java\bin;C:\WINDOWS\system32;C:\WINDOWS;C:\ProgramData\DockerDesktop\version-bin;C:\Program Files\Docker\Docker\Resources\bin;F:\Xshell6\;C:\Program Files (x86)\Common Files\Oracle\Java\javapath;C:\Program Files (x86)\Intel\Intel(R) Management Engine Components\iCLS\;C:\Program Files\Intel\Intel(R) Management Engine Components\iCLS\;F:\Oracle\app\oracle\product\10.2.0\server\bin;C:\ProgramData\Oracle\Java\javapath;C:\Windows\system32;C:\Windows;C:\Windows\System32\Wbem;C:\Windows\System32\WindowsPowerShell\v1.0\;C:\Program Files (x86)\NVIDIA Corporation\PhysX\Common;F:\kranalyzer;"F:\apache-tomcat-8.5.30\lib;F:\apache-tomcat-8.5.30\bin";F:\apache-maven-3.6.0\bin;F:\apache-maven-3.6.0\bin;F:\spring-2.0.1.RELEASE\bin;F:\commons-logging-1.2;F:\nodejs\;C:\Program Files (x86)\Calibre2\;C:\WINDOWS\system32;C:\WINDOWS;C:\WINDOWS\System32\Wbem;C:\WINDOWS\System32\WindowsPowerShell\v1.0\;C:\WINDOWS\System32\OpenSSH\;F:\postgreSQL\pg10\bin;C:\Program Files (x86)\Intel\Intel(R) Management Engine Components\DAL;C:\Program Files\Intel\Intel(R) Management Engine Components\DAL;C:\Program Files (x86)\Intel\Intel(R) Management Engine Components\IPT;C:\Program Files\Intel\Intel(R) Management Engine Components\IPT;C:\Program Files\Intel\WiFi\bin\;C:\Program Files\Common Files\Intel\WirelessCommon\;F:\mysql\mysql-5.7.21-winx64\bin;F:\spring-2.0.4.RELEASE\bin;F:\gradle-4.10.1\bin;C:\Program Files\Java\jdk1.8.0_191\bin;F:\redis\;F:\Go\bin;C:\Program Files\Microsoft SQL Server\Client SDK\ODBC\130\Tools\Binn\;C:\Program Files (x86)\Microsoft SQL Server\140\Tools\Binn\;C:\Program Files\Microsoft SQL Server\140\Tools\Binn\;C:\Program Files\Microsoft SQL Server\140\DTS\Binn\;C:\Program Files (x86)\Microsoft SQL Server\Client SDK\ODBC\130\Tools\Binn\;C:\Program Files (x86)\Microsoft SQL Server\140\DTS\Binn\;C:\Program Files (x86)\Microsoft SQL Server\140\Tools\Binn\ManagementStudio\;F:\Git\cmd;F:\erl7.1\bin;F:\newngrok;F:\TortoiseSVN\bin;F:\SVNtool\bin;C:\Program Files\Java\jre1.8.0_191\bin;F:\texlive\2018\bin\win32;C:\Users\SeeClanUkyo\AppData\Local\Programs\Python\Python36\Scripts\;C:\Users\SeeClanUkyo\AppData\Local\Programs\Python\Python36\;C:\Users\SeeClanUkyo\AppData\Local\Microsoft\WindowsApps;F:\Nmap;C:\Users\SeeClanUkyo\AppData\Roaming\npm;C:\Users\SeeClanUkyo\AppData\Local\GitHubDesktop\bin;F:\MiKTeX\miktex\bin\x64\;D:\go\workspace\bin;F:\Microsoft VS Code Insiders\bin;.]
At least one JAR was scanned for TLDs yet contained no TLDs. Enable debug logging for this logger for a complete list of JARs that were scanned but no TLDs were found in them. Skipping unneeded JARs during scanning can improve startup time and JSP compilation time.
Initializing Spring embedded WebApplicationContext
Root WebApplicationContext: initialization completed in 11790 ms
Mapped URL path [/v2/api-docs] onto method [public org.springframework.http.ResponseEntity<springfox.documentation.spring.web.json.Json> springfox.documentation.swagger2.web.Swagger2Controller.getDocumentation(java.lang.String,javax.servlet.http.HttpServletRequest)]
Initializing ExecutorService 'applicationTaskExecutor'
[THYMELEAF][main] Template Mode 'HTML5' is deprecated. Using Template Mode 'HTML' instead.
Adding welcome page template: index
Using default implementation for ThreadExecutor
Initialized Scheduler Signaller of type: class org.quartz.core.SchedulerSignalerImpl
Quartz Scheduler v.2.3.0 created.
RAMJobStore initialized.
Scheduler meta-data: Quartz Scheduler (v2.3.0) 'quartzScheduler' with instanceId 'NON_CLUSTERED'
  Scheduler class: 'org.quartz.core.QuartzScheduler' - running locally.
  NOT STARTED.
  Currently in standby mode.
  Number of jobs executed: 0
  Using thread pool 'org.quartz.simpl.SimpleThreadPool' - with 10 threads.
  Using job-store 'org.quartz.simpl.RAMJobStore' - which does not support persistence. and is not clustered.

Quartz scheduler 'quartzScheduler' initialized from an externally provided properties instance.
Quartz scheduler version: 2.3.0
JobFactory set to: org.springframework.scheduling.quartz.SpringBeanJobFactory@496cedbb
Context refreshed
Found 1 custom documentation plugin(s)
Scanning for api listing references
Generating unique operation named: saveRoleUsingPOST_1
Generating unique operation named: echarts0UsingGET_1
Generating unique operation named: echarts1UsingGET_1
Generating unique operation named: echarts2UsingGET_1
Generating unique operation named: listEMenuUsingPOST_1
Generating unique operation named: delByPKUsingPOST_1
Generating unique operation named: insertSelectiveUsingPOST_1
Generating unique operation named: loginUsingPOST_1
Generating unique operation named: loginUsingGET_1
Generating unique operation named: updateByPKSelectiveUsingPOST_1
Generating unique operation named: indexUsingGET_1
Starting Quartz Scheduler now
Scheduler quartzScheduler_$_NON_CLUSTERED started.
Starting ProtocolHandler ["http-nio-80"]
Using a shared selector for servlet write/read
Tomcat started on port(s): 80 (http) with context path ''
Started Test1Application in 16.197 seconds (JVM running for 19.677)
Initializing Spring DispatcherServlet 'dispatcherServlet'
Initializing Servlet 'dispatcherServlet'
Completed initialization in 18 ms
Starting without optional epoll library
Starting without optional kqueue library
Resolved [org.springframework.web.HttpRequestMethodNotSupportedException: Request method 'POST' not supported]
Resolved [org.springframework.web.HttpRequestMethodNotSupportedException: Request method 'POST' not supported]
Resolved [org.springframework.web.HttpRequestMethodNotSupportedException: Request method 'POST' not supported]
Resolved [org.springframework.web.HttpRequestMethodNotSupportedException: Request method 'POST' not supported]
Resolved [org.springframework.web.HttpRequestMethodNotSupportedException: Request method 'POST' not supported]
Resolved [org.springframework.web.HttpRequestMethodNotSupportedException: Request method 'POST' not supported]
Starting Test1Application on UnDead with PID 14944 (started by SeeClanUkyo in D:\新建文件夹\test1)
No active profile set, falling back to default profiles: default
Multiple Spring Data modules found, entering strict repository configuration mode!
Bootstrapping Spring Data repositories in DEFAULT mode.
Finished Spring Data repository scanning in 58ms. Found 0 repository interfaces.
@Bean method PropertiesConfig.properties is non-static and returns an object assignable to Spring's BeanFactoryPostProcessor interface. This will result in a failure to process annotations such as @Autowired, @Resource and @PostConstruct within the method's declaring @Configuration class. Add the 'static' modifier to this method to avoid these container lifecycle issues; see @Bean javadoc for complete details.
Bean 'shiroConfiguration' of type [com.tansuo365.test1.config.shiro.ShiroConfiguration$$EnhancerBySpringCGLIB$$a6e3398a] is not eligible for getting processed by all BeanPostProcessors (for example: not eligible for auto-proxying)
Bean 'hashedCredentialsMatcher' of type [org.apache.shiro.authc.credential.HashedCredentialsMatcher] is not eligible for getting processed by all BeanPostProcessors (for example: not eligible for auto-proxying)
Bean 'mybatis-org.mybatis.spring.boot.autoconfigure.MybatisProperties' of type [org.mybatis.spring.boot.autoconfigure.MybatisProperties] is not eligible for getting processed by all BeanPostProcessors (for example: not eligible for auto-proxying)
Bean 'org.mybatis.spring.boot.autoconfigure.MybatisAutoConfiguration' of type [org.mybatis.spring.boot.autoconfigure.MybatisAutoConfiguration$$EnhancerBySpringCGLIB$$3cd7488f] is not eligible for getting processed by all BeanPostProcessors (for example: not eligible for auto-proxying)
Bean 'com.alibaba.druid.spring.boot.autoconfigure.DruidDataSourceAutoConfigure' of type [com.alibaba.druid.spring.boot.autoconfigure.DruidDataSourceAutoConfigure$$EnhancerBySpringCGLIB$$23aeecd1] is not eligible for getting processed by all BeanPostProcessors (for example: not eligible for auto-proxying)
Init DruidDataSource
Bean 'spring.datasource-org.springframework.boot.autoconfigure.jdbc.DataSourceProperties' of type [org.springframework.boot.autoconfigure.jdbc.DataSourceProperties] is not eligible for getting processed by all BeanPostProcessors (for example: not eligible for auto-proxying)
Bean 'com.alibaba.druid.spring.boot.autoconfigure.stat.DruidFilterConfiguration' of type [com.alibaba.druid.spring.boot.autoconfigure.stat.DruidFilterConfiguration] is not eligible for getting processed by all BeanPostProcessors (for example: not eligible for auto-proxying)
Bean 'statFilter' of type [com.alibaba.druid.filter.stat.StatFilter] is not eligible for getting processed by all BeanPostProcessors (for example: not eligible for auto-proxying)
{dataSource-1} inited
Bean 'dataSource' of type [com.alibaba.druid.spring.boot.autoconfigure.DruidDataSourceWrapper] is not eligible for getting processed by all BeanPostProcessors (for example: not eligible for auto-proxying)
Bean 'sqlSessionFactory' of type [org.apache.ibatis.session.defaults.DefaultSqlSessionFactory] is not eligible for getting processed by all BeanPostProcessors (for example: not eligible for auto-proxying)
Bean 'sqlSessionTemplate' of type [org.mybatis.spring.SqlSessionTemplate] is not eligible for getting processed by all BeanPostProcessors (for example: not eligible for auto-proxying)
Bean 'userMapper' of type [org.mybatis.spring.mapper.MapperFactoryBean] is not eligible for getting processed by all BeanPostProcessors (for example: not eligible for auto-proxying)
Bean 'userMapper' of type [com.sun.proxy.$Proxy68] is not eligible for getting processed by all BeanPostProcessors (for example: not eligible for auto-proxying)
Bean 'userRoleMapper' of type [org.mybatis.spring.mapper.MapperFactoryBean] is not eligible for getting processed by all BeanPostProcessors (for example: not eligible for auto-proxying)
Bean 'userRoleMapper' of type [com.sun.proxy.$Proxy69] is not eligible for getting processed by all BeanPostProcessors (for example: not eligible for auto-proxying)
Bean 'userRoleServiceImpl' of type [com.tansuo365.test1.service.user.impl.UserRoleServiceImpl] is not eligible for getting processed by all BeanPostProcessors (for example: not eligible for auto-proxying)
Bean 'passwordEncrypt' of type [com.tansuo365.test1.util.PasswordEncrypt] is not eligible for getting processed by all BeanPostProcessors (for example: not eligible for auto-proxying)
Bean 'userServiceImpl' of type [com.tansuo365.test1.service.user.impl.UserServiceImpl] is not eligible for getting processed by all BeanPostProcessors (for example: not eligible for auto-proxying)
Bean 'roleMapper' of type [org.mybatis.spring.mapper.MapperFactoryBean] is not eligible for getting processed by all BeanPostProcessors (for example: not eligible for auto-proxying)
Bean 'roleMapper' of type [com.sun.proxy.$Proxy73] is not eligible for getting processed by all BeanPostProcessors (for example: not eligible for auto-proxying)
Bean 'roleServiceImpl' of type [com.tansuo365.test1.service.user.impl.RoleServiceImpl] is not eligible for getting processed by all BeanPostProcessors (for example: not eligible for auto-proxying)
Bean 'EMenuMapper' of type [org.mybatis.spring.mapper.MapperFactoryBean] is not eligible for getting processed by all BeanPostProcessors (for example: not eligible for auto-proxying)
Bean 'EMenuMapper' of type [com.sun.proxy.$Proxy74] is not eligible for getting processed by all BeanPostProcessors (for example: not eligible for auto-proxying)
Bean 'EMenuServiceImpl' of type [com.tansuo365.test1.service.user.impl.EMenuServiceImpl] is not eligible for getting processed by all BeanPostProcessors (for example: not eligible for auto-proxying)
Bean 'getDatabaseRealm' of type [com.tansuo365.test1.config.shiro.realm.DatabaseRealm] is not eligible for getting processed by all BeanPostProcessors (for example: not eligible for auto-proxying)
Bean 'rememberMeCookie' of type [org.apache.shiro.web.servlet.SimpleCookie] is not eligible for getting processed by all BeanPostProcessors (for example: not eligible for auto-proxying)
Bean 'rememberMeManager' of type [org.apache.shiro.web.mgt.CookieRememberMeManager] is not eligible for getting processed by all BeanPostProcessors (for example: not eligible for auto-proxying)
Bean 'securityManager' of type [org.apache.shiro.web.mgt.DefaultWebSecurityManager] is not eligible for getting processed by all BeanPostProcessors (for example: not eligible for auto-proxying)
Bean 'redisConfig' of type [com.tansuo365.test1.config.RedisConfig$$EnhancerBySpringCGLIB$$91db5179] is not eligible for getting processed by all BeanPostProcessors (for example: not eligible for auto-proxying)
Bean 'org.springframework.transaction.annotation.ProxyTransactionManagementConfiguration' of type [org.springframework.transaction.annotation.ProxyTransactionManagementConfiguration$$EnhancerBySpringCGLIB$$a02f75f] is not eligible for getting processed by all BeanPostProcessors (for example: not eligible for auto-proxying)
Bean 'authorizationAttributeSourceAdvisor' of type [org.apache.shiro.spring.security.interceptor.AuthorizationAttributeSourceAdvisor] is not eligible for getting processed by all BeanPostProcessors (for example: not eligible for auto-proxying)
Tomcat initialized with port(s): 80 (http)
Initializing ProtocolHandler ["http-nio-80"]
Starting service [Tomcat]
Starting Servlet Engine: Apache Tomcat/9.0.13
The APR based Apache Tomcat Native library which allows optimal performance in production environments was not found on the java.library.path: [C:\Program Files\Java\jdk1.8.0_191\bin;C:\WINDOWS\Sun\Java\bin;C:\WINDOWS\system32;C:\WINDOWS;C:\ProgramData\DockerDesktop\version-bin;C:\Program Files\Docker\Docker\Resources\bin;F:\Xshell6\;C:\Program Files (x86)\Common Files\Oracle\Java\javapath;C:\Program Files (x86)\Intel\Intel(R) Management Engine Components\iCLS\;C:\Program Files\Intel\Intel(R) Management Engine Components\iCLS\;F:\Oracle\app\oracle\product\10.2.0\server\bin;C:\ProgramData\Oracle\Java\javapath;C:\Windows\system32;C:\Windows;C:\Windows\System32\Wbem;C:\Windows\System32\WindowsPowerShell\v1.0\;C:\Program Files (x86)\NVIDIA Corporation\PhysX\Common;F:\kranalyzer;"F:\apache-tomcat-8.5.30\lib;F:\apache-tomcat-8.5.30\bin";F:\apache-maven-3.6.0\bin;F:\apache-maven-3.6.0\bin;F:\spring-2.0.1.RELEASE\bin;F:\commons-logging-1.2;F:\nodejs\;C:\Program Files (x86)\Calibre2\;C:\WINDOWS\system32;C:\WINDOWS;C:\WINDOWS\System32\Wbem;C:\WINDOWS\System32\WindowsPowerShell\v1.0\;C:\WINDOWS\System32\OpenSSH\;F:\postgreSQL\pg10\bin;C:\Program Files (x86)\Intel\Intel(R) Management Engine Components\DAL;C:\Program Files\Intel\Intel(R) Management Engine Components\DAL;C:\Program Files (x86)\Intel\Intel(R) Management Engine Components\IPT;C:\Program Files\Intel\Intel(R) Management Engine Components\IPT;C:\Program Files\Intel\WiFi\bin\;C:\Program Files\Common Files\Intel\WirelessCommon\;F:\mysql\mysql-5.7.21-winx64\bin;F:\spring-2.0.4.RELEASE\bin;F:\gradle-4.10.1\bin;C:\Program Files\Java\jdk1.8.0_191\bin;F:\redis\;F:\Go\bin;C:\Program Files\Microsoft SQL Server\Client SDK\ODBC\130\Tools\Binn\;C:\Program Files (x86)\Microsoft SQL Server\140\Tools\Binn\;C:\Program Files\Microsoft SQL Server\140\Tools\Binn\;C:\Program Files\Microsoft SQL Server\140\DTS\Binn\;C:\Program Files (x86)\Microsoft SQL Server\Client SDK\ODBC\130\Tools\Binn\;C:\Program Files (x86)\Microsoft SQL Server\140\DTS\Binn\;C:\Program Files (x86)\Microsoft SQL Server\140\Tools\Binn\ManagementStudio\;F:\Git\cmd;F:\erl7.1\bin;F:\newngrok;F:\TortoiseSVN\bin;F:\SVNtool\bin;C:\Program Files\Java\jre1.8.0_191\bin;F:\texlive\2018\bin\win32;C:\Users\SeeClanUkyo\AppData\Local\Programs\Python\Python36\Scripts\;C:\Users\SeeClanUkyo\AppData\Local\Programs\Python\Python36\;C:\Users\SeeClanUkyo\AppData\Local\Microsoft\WindowsApps;F:\Nmap;C:\Users\SeeClanUkyo\AppData\Roaming\npm;C:\Users\SeeClanUkyo\AppData\Local\GitHubDesktop\bin;F:\MiKTeX\miktex\bin\x64\;D:\go\workspace\bin;F:\Microsoft VS Code Insiders\bin;.]
At least one JAR was scanned for TLDs yet contained no TLDs. Enable debug logging for this logger for a complete list of JARs that were scanned but no TLDs were found in them. Skipping unneeded JARs during scanning can improve startup time and JSP compilation time.
Initializing Spring embedded WebApplicationContext
Root WebApplicationContext: initialization completed in 12450 ms
Mapped URL path [/v2/api-docs] onto method [public org.springframework.http.ResponseEntity<springfox.documentation.spring.web.json.Json> springfox.documentation.swagger2.web.Swagger2Controller.getDocumentation(java.lang.String,javax.servlet.http.HttpServletRequest)]
Initializing ExecutorService 'applicationTaskExecutor'
[THYMELEAF][main] Template Mode 'HTML5' is deprecated. Using Template Mode 'HTML' instead.
Adding welcome page template: index
Using default implementation for ThreadExecutor
Initialized Scheduler Signaller of type: class org.quartz.core.SchedulerSignalerImpl
Quartz Scheduler v.2.3.0 created.
RAMJobStore initialized.
Scheduler meta-data: Quartz Scheduler (v2.3.0) 'quartzScheduler' with instanceId 'NON_CLUSTERED'
  Scheduler class: 'org.quartz.core.QuartzScheduler' - running locally.
  NOT STARTED.
  Currently in standby mode.
  Number of jobs executed: 0
  Using thread pool 'org.quartz.simpl.SimpleThreadPool' - with 10 threads.
  Using job-store 'org.quartz.simpl.RAMJobStore' - which does not support persistence. and is not clustered.

Quartz scheduler 'quartzScheduler' initialized from an externally provided properties instance.
Quartz scheduler version: 2.3.0
JobFactory set to: org.springframework.scheduling.quartz.SpringBeanJobFactory@ff0e6d4
Context refreshed
Found 1 custom documentation plugin(s)
Scanning for api listing references
Generating unique operation named: saveRoleUsingPOST_1
Generating unique operation named: echarts0UsingGET_1
Generating unique operation named: echarts1UsingGET_1
Generating unique operation named: echarts2UsingGET_1
Generating unique operation named: listEMenuUsingPOST_1
Generating unique operation named: delByPKUsingPOST_1
Generating unique operation named: insertSelectiveUsingPOST_1
Generating unique operation named: loginUsingPOST_1
Generating unique operation named: loginUsingGET_1
Generating unique operation named: updateByPKSelectiveUsingPOST_1
Generating unique operation named: indexUsingGET_1
Starting Quartz Scheduler now
Scheduler quartzScheduler_$_NON_CLUSTERED started.
Starting ProtocolHandler ["http-nio-80"]
Using a shared selector for servlet write/read
Tomcat started on port(s): 80 (http) with context path ''
Started Test1Application in 16.278 seconds (JVM running for 19.432)
Initializing Spring DispatcherServlet 'dispatcherServlet'
Initializing Servlet 'dispatcherServlet'
Completed initialization in 11 ms
Starting without optional epoll library
Starting without optional kqueue library
Starting Test1Application on UnDead with PID 21464 (started by SeeClanUkyo in D:\新建文件夹\test1)
No active profile set, falling back to default profiles: default
Multiple Spring Data modules found, entering strict repository configuration mode!
Bootstrapping Spring Data repositories in DEFAULT mode.
Finished Spring Data repository scanning in 70ms. Found 0 repository interfaces.
@Bean method PropertiesConfig.properties is non-static and returns an object assignable to Spring's BeanFactoryPostProcessor interface. This will result in a failure to process annotations such as @Autowired, @Resource and @PostConstruct within the method's declaring @Configuration class. Add the 'static' modifier to this method to avoid these container lifecycle issues; see @Bean javadoc for complete details.
Bean 'shiroConfiguration' of type [com.tansuo365.test1.config.shiro.ShiroConfiguration$$EnhancerBySpringCGLIB$$e2e67a6a] is not eligible for getting processed by all BeanPostProcessors (for example: not eligible for auto-proxying)
Bean 'hashedCredentialsMatcher' of type [org.apache.shiro.authc.credential.HashedCredentialsMatcher] is not eligible for getting processed by all BeanPostProcessors (for example: not eligible for auto-proxying)
Bean 'mybatis-org.mybatis.spring.boot.autoconfigure.MybatisProperties' of type [org.mybatis.spring.boot.autoconfigure.MybatisProperties] is not eligible for getting processed by all BeanPostProcessors (for example: not eligible for auto-proxying)
Bean 'org.mybatis.spring.boot.autoconfigure.MybatisAutoConfiguration' of type [org.mybatis.spring.boot.autoconfigure.MybatisAutoConfiguration$$EnhancerBySpringCGLIB$$78da896f] is not eligible for getting processed by all BeanPostProcessors (for example: not eligible for auto-proxying)
Bean 'com.alibaba.druid.spring.boot.autoconfigure.DruidDataSourceAutoConfigure' of type [com.alibaba.druid.spring.boot.autoconfigure.DruidDataSourceAutoConfigure$$EnhancerBySpringCGLIB$$5fb22db1] is not eligible for getting processed by all BeanPostProcessors (for example: not eligible for auto-proxying)
Init DruidDataSource
Bean 'spring.datasource-org.springframework.boot.autoconfigure.jdbc.DataSourceProperties' of type [org.springframework.boot.autoconfigure.jdbc.DataSourceProperties] is not eligible for getting processed by all BeanPostProcessors (for example: not eligible for auto-proxying)
Bean 'com.alibaba.druid.spring.boot.autoconfigure.stat.DruidFilterConfiguration' of type [com.alibaba.druid.spring.boot.autoconfigure.stat.DruidFilterConfiguration] is not eligible for getting processed by all BeanPostProcessors (for example: not eligible for auto-proxying)
Bean 'statFilter' of type [com.alibaba.druid.filter.stat.StatFilter] is not eligible for getting processed by all BeanPostProcessors (for example: not eligible for auto-proxying)
{dataSource-1} inited
Bean 'dataSource' of type [com.alibaba.druid.spring.boot.autoconfigure.DruidDataSourceWrapper] is not eligible for getting processed by all BeanPostProcessors (for example: not eligible for auto-proxying)
Bean 'sqlSessionFactory' of type [org.apache.ibatis.session.defaults.DefaultSqlSessionFactory] is not eligible for getting processed by all BeanPostProcessors (for example: not eligible for auto-proxying)
Bean 'sqlSessionTemplate' of type [org.mybatis.spring.SqlSessionTemplate] is not eligible for getting processed by all BeanPostProcessors (for example: not eligible for auto-proxying)
Bean 'userMapper' of type [org.mybatis.spring.mapper.MapperFactoryBean] is not eligible for getting processed by all BeanPostProcessors (for example: not eligible for auto-proxying)
Bean 'userMapper' of type [com.sun.proxy.$Proxy68] is not eligible for getting processed by all BeanPostProcessors (for example: not eligible for auto-proxying)
Bean 'userRoleMapper' of type [org.mybatis.spring.mapper.MapperFactoryBean] is not eligible for getting processed by all BeanPostProcessors (for example: not eligible for auto-proxying)
Bean 'userRoleMapper' of type [com.sun.proxy.$Proxy69] is not eligible for getting processed by all BeanPostProcessors (for example: not eligible for auto-proxying)
Bean 'userRoleServiceImpl' of type [com.tansuo365.test1.service.user.impl.UserRoleServiceImpl] is not eligible for getting processed by all BeanPostProcessors (for example: not eligible for auto-proxying)
Bean 'passwordEncrypt' of type [com.tansuo365.test1.util.PasswordEncrypt] is not eligible for getting processed by all BeanPostProcessors (for example: not eligible for auto-proxying)
Bean 'userServiceImpl' of type [com.tansuo365.test1.service.user.impl.UserServiceImpl] is not eligible for getting processed by all BeanPostProcessors (for example: not eligible for auto-proxying)
Bean 'roleMapper' of type [org.mybatis.spring.mapper.MapperFactoryBean] is not eligible for getting processed by all BeanPostProcessors (for example: not eligible for auto-proxying)
Bean 'roleMapper' of type [com.sun.proxy.$Proxy73] is not eligible for getting processed by all BeanPostProcessors (for example: not eligible for auto-proxying)
Bean 'roleServiceImpl' of type [com.tansuo365.test1.service.user.impl.RoleServiceImpl] is not eligible for getting processed by all BeanPostProcessors (for example: not eligible for auto-proxying)
Bean 'EMenuMapper' of type [org.mybatis.spring.mapper.MapperFactoryBean] is not eligible for getting processed by all BeanPostProcessors (for example: not eligible for auto-proxying)
Bean 'EMenuMapper' of type [com.sun.proxy.$Proxy74] is not eligible for getting processed by all BeanPostProcessors (for example: not eligible for auto-proxying)
Bean 'EMenuServiceImpl' of type [com.tansuo365.test1.service.user.impl.EMenuServiceImpl] is not eligible for getting processed by all BeanPostProcessors (for example: not eligible for auto-proxying)
Bean 'getDatabaseRealm' of type [com.tansuo365.test1.config.shiro.realm.DatabaseRealm] is not eligible for getting processed by all BeanPostProcessors (for example: not eligible for auto-proxying)
Bean 'rememberMeCookie' of type [org.apache.shiro.web.servlet.SimpleCookie] is not eligible for getting processed by all BeanPostProcessors (for example: not eligible for auto-proxying)
Bean 'rememberMeManager' of type [org.apache.shiro.web.mgt.CookieRememberMeManager] is not eligible for getting processed by all BeanPostProcessors (for example: not eligible for auto-proxying)
Bean 'securityManager' of type [org.apache.shiro.web.mgt.DefaultWebSecurityManager] is not eligible for getting processed by all BeanPostProcessors (for example: not eligible for auto-proxying)
Bean 'redisConfig' of type [com.tansuo365.test1.config.RedisConfig$$EnhancerBySpringCGLIB$$cdde9259] is not eligible for getting processed by all BeanPostProcessors (for example: not eligible for auto-proxying)
Bean 'org.springframework.transaction.annotation.ProxyTransactionManagementConfiguration' of type [org.springframework.transaction.annotation.ProxyTransactionManagementConfiguration$$EnhancerBySpringCGLIB$$4606383f] is not eligible for getting processed by all BeanPostProcessors (for example: not eligible for auto-proxying)
Bean 'authorizationAttributeSourceAdvisor' of type [org.apache.shiro.spring.security.interceptor.AuthorizationAttributeSourceAdvisor] is not eligible for getting processed by all BeanPostProcessors (for example: not eligible for auto-proxying)
Tomcat initialized with port(s): 80 (http)
Initializing ProtocolHandler ["http-nio-80"]
Starting service [Tomcat]
Starting Servlet Engine: Apache Tomcat/9.0.13
The APR based Apache Tomcat Native library which allows optimal performance in production environments was not found on the java.library.path: [C:\Program Files\Java\jdk1.8.0_191\bin;C:\WINDOWS\Sun\Java\bin;C:\WINDOWS\system32;C:\WINDOWS;C:\ProgramData\DockerDesktop\version-bin;C:\Program Files\Docker\Docker\Resources\bin;F:\Xshell6\;C:\Program Files (x86)\Common Files\Oracle\Java\javapath;C:\Program Files (x86)\Intel\Intel(R) Management Engine Components\iCLS\;C:\Program Files\Intel\Intel(R) Management Engine Components\iCLS\;F:\Oracle\app\oracle\product\10.2.0\server\bin;C:\ProgramData\Oracle\Java\javapath;C:\Windows\system32;C:\Windows;C:\Windows\System32\Wbem;C:\Windows\System32\WindowsPowerShell\v1.0\;C:\Program Files (x86)\NVIDIA Corporation\PhysX\Common;F:\kranalyzer;"F:\apache-tomcat-8.5.30\lib;F:\apache-tomcat-8.5.30\bin";F:\apache-maven-3.6.0\bin;F:\apache-maven-3.6.0\bin;F:\spring-2.0.1.RELEASE\bin;F:\commons-logging-1.2;F:\nodejs\;C:\Program Files (x86)\Calibre2\;C:\WINDOWS\system32;C:\WINDOWS;C:\WINDOWS\System32\Wbem;C:\WINDOWS\System32\WindowsPowerShell\v1.0\;C:\WINDOWS\System32\OpenSSH\;F:\postgreSQL\pg10\bin;C:\Program Files (x86)\Intel\Intel(R) Management Engine Components\DAL;C:\Program Files\Intel\Intel(R) Management Engine Components\DAL;C:\Program Files (x86)\Intel\Intel(R) Management Engine Components\IPT;C:\Program Files\Intel\Intel(R) Management Engine Components\IPT;C:\Program Files\Intel\WiFi\bin\;C:\Program Files\Common Files\Intel\WirelessCommon\;F:\mysql\mysql-5.7.21-winx64\bin;F:\spring-2.0.4.RELEASE\bin;F:\gradle-4.10.1\bin;C:\Program Files\Java\jdk1.8.0_191\bin;F:\redis\;F:\Go\bin;C:\Program Files\Microsoft SQL Server\Client SDK\ODBC\130\Tools\Binn\;C:\Program Files (x86)\Microsoft SQL Server\140\Tools\Binn\;C:\Program Files\Microsoft SQL Server\140\Tools\Binn\;C:\Program Files\Microsoft SQL Server\140\DTS\Binn\;C:\Program Files (x86)\Microsoft SQL Server\Client SDK\ODBC\130\Tools\Binn\;C:\Program Files (x86)\Microsoft SQL Server\140\DTS\Binn\;C:\Program Files (x86)\Microsoft SQL Server\140\Tools\Binn\ManagementStudio\;F:\Git\cmd;F:\erl7.1\bin;F:\newngrok;F:\TortoiseSVN\bin;F:\SVNtool\bin;C:\Program Files\Java\jre1.8.0_191\bin;F:\texlive\2018\bin\win32;C:\Users\SeeClanUkyo\AppData\Local\Programs\Python\Python36\Scripts\;C:\Users\SeeClanUkyo\AppData\Local\Programs\Python\Python36\;C:\Users\SeeClanUkyo\AppData\Local\Microsoft\WindowsApps;F:\Nmap;C:\Users\SeeClanUkyo\AppData\Roaming\npm;C:\Users\SeeClanUkyo\AppData\Local\GitHubDesktop\bin;F:\MiKTeX\miktex\bin\x64\;D:\go\workspace\bin;F:\Microsoft VS Code Insiders\bin;.]
At least one JAR was scanned for TLDs yet contained no TLDs. Enable debug logging for this logger for a complete list of JARs that were scanned but no TLDs were found in them. Skipping unneeded JARs during scanning can improve startup time and JSP compilation time.
Initializing Spring embedded WebApplicationContext
Root WebApplicationContext: initialization completed in 7401 ms
Mapped URL path [/v2/api-docs] onto method [public org.springframework.http.ResponseEntity<springfox.documentation.spring.web.json.Json> springfox.documentation.swagger2.web.Swagger2Controller.getDocumentation(java.lang.String,javax.servlet.http.HttpServletRequest)]
Initializing ExecutorService 'applicationTaskExecutor'
[THYMELEAF][main] Template Mode 'HTML5' is deprecated. Using Template Mode 'HTML' instead.
Adding welcome page template: index
Using default implementation for ThreadExecutor
Initialized Scheduler Signaller of type: class org.quartz.core.SchedulerSignalerImpl
Quartz Scheduler v.2.3.0 created.
RAMJobStore initialized.
Scheduler meta-data: Quartz Scheduler (v2.3.0) 'quartzScheduler' with instanceId 'NON_CLUSTERED'
  Scheduler class: 'org.quartz.core.QuartzScheduler' - running locally.
  NOT STARTED.
  Currently in standby mode.
  Number of jobs executed: 0
  Using thread pool 'org.quartz.simpl.SimpleThreadPool' - with 10 threads.
  Using job-store 'org.quartz.simpl.RAMJobStore' - which does not support persistence. and is not clustered.

Quartz scheduler 'quartzScheduler' initialized from an externally provided properties instance.
Quartz scheduler version: 2.3.0
JobFactory set to: org.springframework.scheduling.quartz.SpringBeanJobFactory@3f3c8b60
Context refreshed
Found 1 custom documentation plugin(s)
Scanning for api listing references
Generating unique operation named: saveRoleUsingPOST_1
Generating unique operation named: echarts0UsingGET_1
Generating unique operation named: echarts1UsingGET_1
Generating unique operation named: echarts2UsingGET_1
Generating unique operation named: listEMenuUsingPOST_1
Generating unique operation named: delByPKUsingPOST_1
Generating unique operation named: insertSelectiveUsingPOST_1
Generating unique operation named: loginUsingPOST_1
Generating unique operation named: loginUsingGET_1
Generating unique operation named: updateByPKSelectiveUsingPOST_1
Generating unique operation named: indexUsingGET_1
Starting Quartz Scheduler now
Scheduler quartzScheduler_$_NON_CLUSTERED started.
Starting ProtocolHandler ["http-nio-80"]
Using a shared selector for servlet write/read
Tomcat started on port(s): 80 (http) with context path ''
Started Test1Application in 12.345 seconds (JVM running for 15.55)
Initializing Spring DispatcherServlet 'dispatcherServlet'
Initializing Servlet 'dispatcherServlet'
Completed initialization in 9 ms
Starting without optional epoll library
Starting without optional kqueue library
Starting Test1Application on UnDead with PID 8612 (started by SeeClanUkyo in D:\新建文件夹\test1)
No active profile set, falling back to default profiles: default
Multiple Spring Data modules found, entering strict repository configuration mode!
Bootstrapping Spring Data repositories in DEFAULT mode.
Finished Spring Data repository scanning in 224ms. Found 0 repository interfaces.
@Bean method PropertiesConfig.properties is non-static and returns an object assignable to Spring's BeanFactoryPostProcessor interface. This will result in a failure to process annotations such as @Autowired, @Resource and @PostConstruct within the method's declaring @Configuration class. Add the 'static' modifier to this method to avoid these container lifecycle issues; see @Bean javadoc for complete details.
Bean 'shiroConfiguration' of type [com.tansuo365.test1.config.shiro.ShiroConfiguration$$EnhancerBySpringCGLIB$$64ab71b8] is not eligible for getting processed by all BeanPostProcessors (for example: not eligible for auto-proxying)
Bean 'hashedCredentialsMatcher' of type [org.apache.shiro.authc.credential.HashedCredentialsMatcher] is not eligible for getting processed by all BeanPostProcessors (for example: not eligible for auto-proxying)
Bean 'mybatis-org.mybatis.spring.boot.autoconfigure.MybatisProperties' of type [org.mybatis.spring.boot.autoconfigure.MybatisProperties] is not eligible for getting processed by all BeanPostProcessors (for example: not eligible for auto-proxying)
Bean 'org.mybatis.spring.boot.autoconfigure.MybatisAutoConfiguration' of type [org.mybatis.spring.boot.autoconfigure.MybatisAutoConfiguration$$EnhancerBySpringCGLIB$$fa9f80bd] is not eligible for getting processed by all BeanPostProcessors (for example: not eligible for auto-proxying)
Bean 'com.alibaba.druid.spring.boot.autoconfigure.DruidDataSourceAutoConfigure' of type [com.alibaba.druid.spring.boot.autoconfigure.DruidDataSourceAutoConfigure$$EnhancerBySpringCGLIB$$e17724ff] is not eligible for getting processed by all BeanPostProcessors (for example: not eligible for auto-proxying)
Init DruidDataSource
Bean 'spring.datasource-org.springframework.boot.autoconfigure.jdbc.DataSourceProperties' of type [org.springframework.boot.autoconfigure.jdbc.DataSourceProperties] is not eligible for getting processed by all BeanPostProcessors (for example: not eligible for auto-proxying)
Bean 'com.alibaba.druid.spring.boot.autoconfigure.stat.DruidFilterConfiguration' of type [com.alibaba.druid.spring.boot.autoconfigure.stat.DruidFilterConfiguration] is not eligible for getting processed by all BeanPostProcessors (for example: not eligible for auto-proxying)
Bean 'statFilter' of type [com.alibaba.druid.filter.stat.StatFilter] is not eligible for getting processed by all BeanPostProcessors (for example: not eligible for auto-proxying)
{dataSource-1} inited
Bean 'dataSource' of type [com.alibaba.druid.spring.boot.autoconfigure.DruidDataSourceWrapper] is not eligible for getting processed by all BeanPostProcessors (for example: not eligible for auto-proxying)
Bean 'sqlSessionFactory' of type [org.apache.ibatis.session.defaults.DefaultSqlSessionFactory] is not eligible for getting processed by all BeanPostProcessors (for example: not eligible for auto-proxying)
Bean 'sqlSessionTemplate' of type [org.mybatis.spring.SqlSessionTemplate] is not eligible for getting processed by all BeanPostProcessors (for example: not eligible for auto-proxying)
Bean 'userMapper' of type [org.mybatis.spring.mapper.MapperFactoryBean] is not eligible for getting processed by all BeanPostProcessors (for example: not eligible for auto-proxying)
Bean 'userMapper' of type [com.sun.proxy.$Proxy68] is not eligible for getting processed by all BeanPostProcessors (for example: not eligible for auto-proxying)
Bean 'userRoleMapper' of type [org.mybatis.spring.mapper.MapperFactoryBean] is not eligible for getting processed by all BeanPostProcessors (for example: not eligible for auto-proxying)
Bean 'userRoleMapper' of type [com.sun.proxy.$Proxy69] is not eligible for getting processed by all BeanPostProcessors (for example: not eligible for auto-proxying)
Bean 'userRoleServiceImpl' of type [com.tansuo365.test1.service.user.impl.UserRoleServiceImpl] is not eligible for getting processed by all BeanPostProcessors (for example: not eligible for auto-proxying)
Bean 'passwordEncrypt' of type [com.tansuo365.test1.util.PasswordEncrypt] is not eligible for getting processed by all BeanPostProcessors (for example: not eligible for auto-proxying)
Bean 'userServiceImpl' of type [com.tansuo365.test1.service.user.impl.UserServiceImpl] is not eligible for getting processed by all BeanPostProcessors (for example: not eligible for auto-proxying)
Bean 'roleMapper' of type [org.mybatis.spring.mapper.MapperFactoryBean] is not eligible for getting processed by all BeanPostProcessors (for example: not eligible for auto-proxying)
Bean 'roleMapper' of type [com.sun.proxy.$Proxy73] is not eligible for getting processed by all BeanPostProcessors (for example: not eligible for auto-proxying)
Bean 'roleServiceImpl' of type [com.tansuo365.test1.service.user.impl.RoleServiceImpl] is not eligible for getting processed by all BeanPostProcessors (for example: not eligible for auto-proxying)
Bean 'EMenuMapper' of type [org.mybatis.spring.mapper.MapperFactoryBean] is not eligible for getting processed by all BeanPostProcessors (for example: not eligible for auto-proxying)
Bean 'EMenuMapper' of type [com.sun.proxy.$Proxy74] is not eligible for getting processed by all BeanPostProcessors (for example: not eligible for auto-proxying)
Bean 'EMenuServiceImpl' of type [com.tansuo365.test1.service.user.impl.EMenuServiceImpl] is not eligible for getting processed by all BeanPostProcessors (for example: not eligible for auto-proxying)
Bean 'getDatabaseRealm' of type [com.tansuo365.test1.config.shiro.realm.DatabaseRealm] is not eligible for getting processed by all BeanPostProcessors (for example: not eligible for auto-proxying)
Bean 'rememberMeCookie' of type [org.apache.shiro.web.servlet.SimpleCookie] is not eligible for getting processed by all BeanPostProcessors (for example: not eligible for auto-proxying)
Bean 'rememberMeManager' of type [org.apache.shiro.web.mgt.CookieRememberMeManager] is not eligible for getting processed by all BeanPostProcessors (for example: not eligible for auto-proxying)
Bean 'securityManager' of type [org.apache.shiro.web.mgt.DefaultWebSecurityManager] is not eligible for getting processed by all BeanPostProcessors (for example: not eligible for auto-proxying)
Bean 'redisConfig' of type [com.tansuo365.test1.config.RedisConfig$$EnhancerBySpringCGLIB$$4fa389a7] is not eligible for getting processed by all BeanPostProcessors (for example: not eligible for auto-proxying)
Bean 'org.springframework.transaction.annotation.ProxyTransactionManagementConfiguration' of type [org.springframework.transaction.annotation.ProxyTransactionManagementConfiguration$$EnhancerBySpringCGLIB$$c7cb2f8d] is not eligible for getting processed by all BeanPostProcessors (for example: not eligible for auto-proxying)
Bean 'authorizationAttributeSourceAdvisor' of type [org.apache.shiro.spring.security.interceptor.AuthorizationAttributeSourceAdvisor] is not eligible for getting processed by all BeanPostProcessors (for example: not eligible for auto-proxying)
Tomcat initialized with port(s): 80 (http)
Initializing ProtocolHandler ["http-nio-80"]
Starting service [Tomcat]
Starting Servlet Engine: Apache Tomcat/9.0.13
The APR based Apache Tomcat Native library which allows optimal performance in production environments was not found on the java.library.path: [C:\Program Files\Java\jdk1.8.0_191\bin;C:\WINDOWS\Sun\Java\bin;C:\WINDOWS\system32;C:\WINDOWS;C:\ProgramData\DockerDesktop\version-bin;C:\Program Files\Docker\Docker\Resources\bin;F:\Xshell6\;C:\Program Files (x86)\Common Files\Oracle\Java\javapath;C:\Program Files (x86)\Intel\Intel(R) Management Engine Components\iCLS\;C:\Program Files\Intel\Intel(R) Management Engine Components\iCLS\;F:\Oracle\app\oracle\product\10.2.0\server\bin;C:\ProgramData\Oracle\Java\javapath;C:\Windows\system32;C:\Windows;C:\Windows\System32\Wbem;C:\Windows\System32\WindowsPowerShell\v1.0\;C:\Program Files (x86)\NVIDIA Corporation\PhysX\Common;F:\kranalyzer;"F:\apache-tomcat-8.5.30\lib;F:\apache-tomcat-8.5.30\bin";F:\apache-maven-3.6.0\bin;F:\apache-maven-3.6.0\bin;F:\spring-2.0.1.RELEASE\bin;F:\commons-logging-1.2;F:\nodejs\;C:\Program Files (x86)\Calibre2\;C:\WINDOWS\system32;C:\WINDOWS;C:\WINDOWS\System32\Wbem;C:\WINDOWS\System32\WindowsPowerShell\v1.0\;C:\WINDOWS\System32\OpenSSH\;F:\postgreSQL\pg10\bin;C:\Program Files (x86)\Intel\Intel(R) Management Engine Components\DAL;C:\Program Files\Intel\Intel(R) Management Engine Components\DAL;C:\Program Files (x86)\Intel\Intel(R) Management Engine Components\IPT;C:\Program Files\Intel\Intel(R) Management Engine Components\IPT;C:\Program Files\Intel\WiFi\bin\;C:\Program Files\Common Files\Intel\WirelessCommon\;F:\mysql\mysql-5.7.21-winx64\bin;F:\spring-2.0.4.RELEASE\bin;F:\gradle-4.10.1\bin;C:\Program Files\Java\jdk1.8.0_191\bin;F:\redis\;F:\Go\bin;C:\Program Files\Microsoft SQL Server\Client SDK\ODBC\130\Tools\Binn\;C:\Program Files (x86)\Microsoft SQL Server\140\Tools\Binn\;C:\Program Files\Microsoft SQL Server\140\Tools\Binn\;C:\Program Files\Microsoft SQL Server\140\DTS\Binn\;C:\Program Files (x86)\Microsoft SQL Server\Client SDK\ODBC\130\Tools\Binn\;C:\Program Files (x86)\Microsoft SQL Server\140\DTS\Binn\;C:\Program Files (x86)\Microsoft SQL Server\140\Tools\Binn\ManagementStudio\;F:\Git\cmd;F:\erl7.1\bin;F:\newngrok;F:\TortoiseSVN\bin;F:\SVNtool\bin;C:\Program Files\Java\jre1.8.0_191\bin;F:\texlive\2018\bin\win32;C:\Users\SeeClanUkyo\AppData\Local\Programs\Python\Python36\Scripts\;C:\Users\SeeClanUkyo\AppData\Local\Programs\Python\Python36\;C:\Users\SeeClanUkyo\AppData\Local\Microsoft\WindowsApps;F:\Nmap;C:\Users\SeeClanUkyo\AppData\Roaming\npm;C:\Users\SeeClanUkyo\AppData\Local\GitHubDesktop\bin;F:\MiKTeX\miktex\bin\x64\;D:\go\workspace\bin;F:\Microsoft VS Code Insiders\bin;.]
At least one JAR was scanned for TLDs yet contained no TLDs. Enable debug logging for this logger for a complete list of JARs that were scanned but no TLDs were found in them. Skipping unneeded JARs during scanning can improve startup time and JSP compilation time.
Initializing Spring embedded WebApplicationContext
Root WebApplicationContext: initialization completed in 15377 ms
Mapped URL path [/v2/api-docs] onto method [public org.springframework.http.ResponseEntity<springfox.documentation.spring.web.json.Json> springfox.documentation.swagger2.web.Swagger2Controller.getDocumentation(java.lang.String,javax.servlet.http.HttpServletRequest)]
Initializing ExecutorService 'applicationTaskExecutor'
[THYMELEAF][main] Template Mode 'HTML5' is deprecated. Using Template Mode 'HTML' instead.
Adding welcome page template: index
Using default implementation for ThreadExecutor
Initialized Scheduler Signaller of type: class org.quartz.core.SchedulerSignalerImpl
Quartz Scheduler v.2.3.0 created.
RAMJobStore initialized.
Scheduler meta-data: Quartz Scheduler (v2.3.0) 'quartzScheduler' with instanceId 'NON_CLUSTERED'
  Scheduler class: 'org.quartz.core.QuartzScheduler' - running locally.
  NOT STARTED.
  Currently in standby mode.
  Number of jobs executed: 0
  Using thread pool 'org.quartz.simpl.SimpleThreadPool' - with 10 threads.
  Using job-store 'org.quartz.simpl.RAMJobStore' - which does not support persistence. and is not clustered.

Quartz scheduler 'quartzScheduler' initialized from an externally provided properties instance.
Quartz scheduler version: 2.3.0
JobFactory set to: org.springframework.scheduling.quartz.SpringBeanJobFactory@7606bd03
Context refreshed
Found 1 custom documentation plugin(s)
Scanning for api listing references
Generating unique operation named: saveRoleUsingPOST_1
Generating unique operation named: echarts0UsingGET_1
Generating unique operation named: echarts1UsingGET_1
Generating unique operation named: echarts2UsingGET_1
Generating unique operation named: listEMenuUsingPOST_1
Generating unique operation named: delByPKUsingPOST_1
Generating unique operation named: insertSelectiveUsingPOST_1
Generating unique operation named: loginUsingPOST_1
Generating unique operation named: updateByPKSelectiveUsingPOST_1
Generating unique operation named: loginUsingGET_1
Generating unique operation named: indexUsingGET_1
Starting Quartz Scheduler now
Scheduler quartzScheduler_$_NON_CLUSTERED started.
Starting ProtocolHandler ["http-nio-80"]
Using a shared selector for servlet write/read
Tomcat started on port(s): 80 (http) with context path ''
Started Test1Application in 20.899 seconds (JVM running for 25.497)
Initializing Spring DispatcherServlet 'dispatcherServlet'
Initializing Servlet 'dispatcherServlet'
Completed initialization in 29 ms
Starting without optional epoll library
Starting without optional kqueue library
