Starting Test1Application on LAPTOP-AFF8817V with PID 10532 (D:\test1-plus1\target\classes started by ukyo in D:\test1-plus1)
No active profile set, falling back to default profiles: default
Devtools property defaults active! Set 'spring.devtools.add-properties' to 'false' to disable
For additional web related logging consider setting the 'logging.level.web' property to 'DEBUG'
Multiple Spring Data modules found, entering strict repository configuration mode!
Bootstrapping Spring Data repositories in DEFAULT mode.
Finished Spring Data repository scanning in 44ms. Found 0 repository interfaces.
Bean 'shiroConfiguration' of type [com.tansuo365.test1.config.shiro.ShiroConfiguration$$EnhancerBySpringCGLIB$$46d73f8c] is not eligible for getting processed by all BeanPostProcessors (for example: not eligible for auto-proxying)
Bean 'hashedCredentialsMatcher' of type [org.apache.shiro.authc.credential.HashedCredentialsMatcher] is not eligible for getting processed by all BeanPostProcessors (for example: not eligible for auto-proxying)
Bean 'mybatis-org.mybatis.spring.boot.autoconfigure.MybatisProperties' of type [org.mybatis.spring.boot.autoconfigure.MybatisProperties] is not eligible for getting processed by all BeanPostProcessors (for example: not eligible for auto-proxying)
Bean 'org.mybatis.spring.boot.autoconfigure.MybatisAutoConfiguration' of type [org.mybatis.spring.boot.autoconfigure.MybatisAutoConfiguration$$EnhancerBySpringCGLIB$$31b8e5ed] is not eligible for getting processed by all BeanPostProcessors (for example: not eligible for auto-proxying)
Bean 'com.alibaba.druid.spring.boot.autoconfigure.DruidDataSourceAutoConfigure' of type [com.alibaba.druid.spring.boot.autoconfigure.DruidDataSourceAutoConfigure$$EnhancerBySpringCGLIB$$18908a2f] is not eligible for getting processed by all BeanPostProcessors (for example: not eligible for auto-proxying)
Init DruidDataSource
Bean 'spring.datasource-org.springframework.boot.autoconfigure.jdbc.DataSourceProperties' of type [org.springframework.boot.autoconfigure.jdbc.DataSourceProperties] is not eligible for getting processed by all BeanPostProcessors (for example: not eligible for auto-proxying)
Bean 'com.alibaba.druid.spring.boot.autoconfigure.stat.DruidFilterConfiguration' of type [com.alibaba.druid.spring.boot.autoconfigure.stat.DruidFilterConfiguration] is not eligible for getting processed by all BeanPostProcessors (for example: not eligible for auto-proxying)
Bean 'statFilter' of type [com.alibaba.druid.filter.stat.StatFilter] is not eligible for getting processed by all BeanPostProcessors (for example: not eligible for auto-proxying)
{dataSource-1} inited
Bean 'dataSource' of type [com.alibaba.druid.spring.boot.autoconfigure.DruidDataSourceWrapper] is not eligible for getting processed by all BeanPostProcessors (for example: not eligible for auto-proxying)
Bean 'sqlSessionFactory' of type [org.apache.ibatis.session.defaults.DefaultSqlSessionFactory] is not eligible for getting processed by all BeanPostProcessors (for example: not eligible for auto-proxying)
Bean 'sqlSessionTemplate' of type [org.mybatis.spring.SqlSessionTemplate] is not eligible for getting processed by all BeanPostProcessors (for example: not eligible for auto-proxying)
Bean 'userMapper' of type [org.mybatis.spring.mapper.MapperFactoryBean] is not eligible for getting processed by all BeanPostProcessors (for example: not eligible for auto-proxying)
Bean 'userMapper' of type [com.sun.proxy.$Proxy77] is not eligible for getting processed by all BeanPostProcessors (for example: not eligible for auto-proxying)
Bean 'userRoleMapper' of type [org.mybatis.spring.mapper.MapperFactoryBean] is not eligible for getting processed by all BeanPostProcessors (for example: not eligible for auto-proxying)
Bean 'userRoleMapper' of type [com.sun.proxy.$Proxy78] is not eligible for getting processed by all BeanPostProcessors (for example: not eligible for auto-proxying)
Bean 'userRoleServiceImpl' of type [com.tansuo365.test1.service.user.impl.UserRoleServiceImpl] is not eligible for getting processed by all BeanPostProcessors (for example: not eligible for auto-proxying)
Bean 'passwordEncrypt' of type [com.tansuo365.test1.util.PasswordEncrypt] is not eligible for getting processed by all BeanPostProcessors (for example: not eligible for auto-proxying)
Bean 'userServiceImpl' of type [com.tansuo365.test1.service.user.impl.UserServiceImpl] is not eligible for getting processed by all BeanPostProcessors (for example: not eligible for auto-proxying)
Bean 'roleMapper' of type [org.mybatis.spring.mapper.MapperFactoryBean] is not eligible for getting processed by all BeanPostProcessors (for example: not eligible for auto-proxying)
Bean 'roleMapper' of type [com.sun.proxy.$Proxy82] is not eligible for getting processed by all BeanPostProcessors (for example: not eligible for auto-proxying)
Bean 'roleServiceImpl' of type [com.tansuo365.test1.service.user.impl.RoleServiceImpl] is not eligible for getting processed by all BeanPostProcessors (for example: not eligible for auto-proxying)
Bean 'EMenuMapper' of type [org.mybatis.spring.mapper.MapperFactoryBean] is not eligible for getting processed by all BeanPostProcessors (for example: not eligible for auto-proxying)
Bean 'EMenuMapper' of type [com.sun.proxy.$Proxy83] is not eligible for getting processed by all BeanPostProcessors (for example: not eligible for auto-proxying)
Bean 'EMenuServiceImpl' of type [com.tansuo365.test1.service.user.impl.EMenuServiceImpl] is not eligible for getting processed by all BeanPostProcessors (for example: not eligible for auto-proxying)
Bean 'getDatabaseRealm' of type [com.tansuo365.test1.config.shiro.realm.DatabaseRealm] is not eligible for getting processed by all BeanPostProcessors (for example: not eligible for auto-proxying)
Bean 'rememberMeCookie' of type [org.apache.shiro.web.servlet.SimpleCookie] is not eligible for getting processed by all BeanPostProcessors (for example: not eligible for auto-proxying)
Bean 'rememberMeManager' of type [org.apache.shiro.web.mgt.CookieRememberMeManager] is not eligible for getting processed by all BeanPostProcessors (for example: not eligible for auto-proxying)
Bean 'securityManager' of type [org.apache.shiro.web.mgt.DefaultWebSecurityManager] is not eligible for getting processed by all BeanPostProcessors (for example: not eligible for auto-proxying)
Bean 'redisConfig' of type [com.tansuo365.test1.config.RedisConfig$$EnhancerBySpringCGLIB$$86bceed7] is not eligible for getting processed by all BeanPostProcessors (for example: not eligible for auto-proxying)
Bean 'org.springframework.transaction.annotation.ProxyTransactionManagementConfiguration' of type [org.springframework.transaction.annotation.ProxyTransactionManagementConfiguration$$EnhancerBySpringCGLIB$$fee494bd] is not eligible for getting processed by all BeanPostProcessors (for example: not eligible for auto-proxying)
Bean 'authorizationAttributeSourceAdvisor' of type [org.apache.shiro.spring.security.interceptor.AuthorizationAttributeSourceAdvisor] is not eligible for getting processed by all BeanPostProcessors (for example: not eligible for auto-proxying)
Tomcat initialized with port(s): 808 (http)
Initializing ProtocolHandler ["http-nio-808"]
Starting service [Tomcat]
Starting Servlet Engine: Apache Tomcat/9.0.13
The APR based Apache Tomcat Native library which allows optimal performance in production environments was not found on the java.library.path: [F:\jdk1.8.0_201\bin;C:\Windows\Sun\Java\bin;C:\Windows\system32;C:\Windows;F:\NetSarang\Xftp 6\;F:\NetSarang\Xshell 6\;C:\Program Files (x86)\Intel\iCLS Client\;C:\Program Files\Intel\iCLS Client\;C:\Windows\system32;C:\Windows;C:\Windows\System32\Wbem;C:\Windows\System32\WindowsPowerShell\v1.0\;C:\Program Files (x86)\Intel\Intel(R) Management Engine Components\DAL;C:\Program Files\Intel\Intel(R) Management Engine Components\DAL;C:\Program Files (x86)\Intel\Intel(R) Management Engine Components\IPT;C:\Program Files\Intel\Intel(R) Management Engine Components\IPT;C:\Program Files (x86)\NVIDIA Corporation\PhysX\Common;C:\Program Files\Intel\WiFi\bin\;C:\Program Files\Common Files\Intel\WirelessCommon\;F:\redis64\64bit\;F:\mysql-5.7.21-winx64\bin\;F:\jdk1.8.0_201\bin\;F:\jdk1.8.0_201\jre\bin\;C:\Program Files\NVIDIA Corporation\NVIDIA NvDLISR;F:\elasticsearch-7.0.1\bin;F:\kibana-7.0.1-windows-x86_64\bin;F:\apache-maven-3.6.0\bin\;C:\Users\ukyo\AppData\Local\Microsoft\WindowsApps;;F:\Microsoft VS Code\bin;.]
At least one JAR was scanned for TLDs yet contained no TLDs. Enable debug logging for this logger for a complete list of JARs that were scanned but no TLDs were found in them. Skipping unneeded JARs during scanning can improve startup time and JSP compilation time.
Initializing Spring embedded WebApplicationContext
Root WebApplicationContext: initialization completed in 9269 ms
Exposing 16 endpoint(s) beneath base path '/actuator'
Mapped URL path [/v2/api-docs] onto method [public org.springframework.http.ResponseEntity<springfox.documentation.spring.web.json.Json> springfox.documentation.swagger2.web.Swagger2Controller.getDocumentation(java.lang.String,javax.servlet.http.HttpServletRequest)]
Initializing ExecutorService 'applicationTaskExecutor'
LiveReload server is running on port 35729
[THYMELEAF][restartedMain] Template Mode 'HTML5' is deprecated. Using Template Mode 'HTML' instead.
Adding welcome page template: index
Using default implementation for ThreadExecutor
Initialized Scheduler Signaller of type: class org.quartz.core.SchedulerSignalerImpl
Quartz Scheduler v.2.3.0 created.
RAMJobStore initialized.
Scheduler meta-data: Quartz Scheduler (v2.3.0) 'quartzScheduler' with instanceId 'NON_CLUSTERED'
  Scheduler class: 'org.quartz.core.QuartzScheduler' - running locally.
  NOT STARTED.
  Currently in standby mode.
  Number of jobs executed: 0
  Using thread pool 'org.quartz.simpl.SimpleThreadPool' - with 10 threads.
  Using job-store 'org.quartz.simpl.RAMJobStore' - which does not support persistence. and is not clustered.

Quartz scheduler 'quartzScheduler' initialized from an externally provided properties instance.
Quartz scheduler version: 2.3.0
JobFactory set to: org.springframework.scheduling.quartz.SpringBeanJobFactory@3a1fa574
Context refreshed
Found 1 custom documentation plugin(s)
Scanning for api listing references
Generating unique operation named: saveRoleUsingPOST_1
Generating unique operation named: echarts0UsingGET_1
Generating unique operation named: echarts1UsingGET_1
Generating unique operation named: echarts2UsingGET_1
Generating unique operation named: listEMenuUsingPOST_1
Generating unique operation named: delByPKUsingPOST_1
Generating unique operation named: insertSelectiveUsingPOST_1
Generating unique operation named: loginUsingPOST_1
Generating unique operation named: updateByPKSelectiveUsingPOST_1
Generating unique operation named: loginUsingGET_1
Generating unique operation named: indexUsingGET_1
Starting Quartz Scheduler now
Scheduler quartzScheduler_$_NON_CLUSTERED started.
Starting ProtocolHandler ["http-nio-808"]
Using a shared selector for servlet write/read
Tomcat started on port(s): 808 (http) with context path ''
Started Test1Application in 15.924 seconds (JVM running for 31.328)
Initializing Spring DispatcherServlet 'dispatcherServlet'
Initializing Servlet 'dispatcherServlet'
Completed initialization in 65 ms
Starting without optional epoll library
Starting without optional kqueue library
Resolved [org.springframework.web.HttpRequestMethodNotSupportedException: Request method 'POST' not supported]
Resolved [org.springframework.web.HttpRequestMethodNotSupportedException: Request method 'POST' not supported]
Resolved [org.springframework.web.HttpRequestMethodNotSupportedException: Request method 'POST' not supported]
Starting Test1Application on LAPTOP-AFF8817V with PID 6708 (D:\test1-plus1\target\classes started by ukyo in D:\test1-plus1)
No active profile set, falling back to default profiles: default
Devtools property defaults active! Set 'spring.devtools.add-properties' to 'false' to disable
For additional web related logging consider setting the 'logging.level.web' property to 'DEBUG'
Multiple Spring Data modules found, entering strict repository configuration mode!
Bootstrapping Spring Data repositories in DEFAULT mode.
Finished Spring Data repository scanning in 57ms. Found 0 repository interfaces.
Bean 'shiroConfiguration' of type [com.tansuo365.test1.config.shiro.ShiroConfiguration$$EnhancerBySpringCGLIB$$a479ada7] is not eligible for getting processed by all BeanPostProcessors (for example: not eligible for auto-proxying)
Bean 'hashedCredentialsMatcher' of type [org.apache.shiro.authc.credential.HashedCredentialsMatcher] is not eligible for getting processed by all BeanPostProcessors (for example: not eligible for auto-proxying)
Bean 'mybatis-org.mybatis.spring.boot.autoconfigure.MybatisProperties' of type [org.mybatis.spring.boot.autoconfigure.MybatisProperties] is not eligible for getting processed by all BeanPostProcessors (for example: not eligible for auto-proxying)
Bean 'org.mybatis.spring.boot.autoconfigure.MybatisAutoConfiguration' of type [org.mybatis.spring.boot.autoconfigure.MybatisAutoConfiguration$$EnhancerBySpringCGLIB$$8f5b5408] is not eligible for getting processed by all BeanPostProcessors (for example: not eligible for auto-proxying)
Bean 'com.alibaba.druid.spring.boot.autoconfigure.DruidDataSourceAutoConfigure' of type [com.alibaba.druid.spring.boot.autoconfigure.DruidDataSourceAutoConfigure$$EnhancerBySpringCGLIB$$7632f84a] is not eligible for getting processed by all BeanPostProcessors (for example: not eligible for auto-proxying)
Init DruidDataSource
Bean 'spring.datasource-org.springframework.boot.autoconfigure.jdbc.DataSourceProperties' of type [org.springframework.boot.autoconfigure.jdbc.DataSourceProperties] is not eligible for getting processed by all BeanPostProcessors (for example: not eligible for auto-proxying)
Bean 'com.alibaba.druid.spring.boot.autoconfigure.stat.DruidFilterConfiguration' of type [com.alibaba.druid.spring.boot.autoconfigure.stat.DruidFilterConfiguration] is not eligible for getting processed by all BeanPostProcessors (for example: not eligible for auto-proxying)
Bean 'statFilter' of type [com.alibaba.druid.filter.stat.StatFilter] is not eligible for getting processed by all BeanPostProcessors (for example: not eligible for auto-proxying)
{dataSource-1} inited
Bean 'dataSource' of type [com.alibaba.druid.spring.boot.autoconfigure.DruidDataSourceWrapper] is not eligible for getting processed by all BeanPostProcessors (for example: not eligible for auto-proxying)
Bean 'sqlSessionFactory' of type [org.apache.ibatis.session.defaults.DefaultSqlSessionFactory] is not eligible for getting processed by all BeanPostProcessors (for example: not eligible for auto-proxying)
Bean 'sqlSessionTemplate' of type [org.mybatis.spring.SqlSessionTemplate] is not eligible for getting processed by all BeanPostProcessors (for example: not eligible for auto-proxying)
Bean 'userMapper' of type [org.mybatis.spring.mapper.MapperFactoryBean] is not eligible for getting processed by all BeanPostProcessors (for example: not eligible for auto-proxying)
Bean 'userMapper' of type [com.sun.proxy.$Proxy77] is not eligible for getting processed by all BeanPostProcessors (for example: not eligible for auto-proxying)
Bean 'userRoleMapper' of type [org.mybatis.spring.mapper.MapperFactoryBean] is not eligible for getting processed by all BeanPostProcessors (for example: not eligible for auto-proxying)
Bean 'userRoleMapper' of type [com.sun.proxy.$Proxy78] is not eligible for getting processed by all BeanPostProcessors (for example: not eligible for auto-proxying)
Bean 'userRoleServiceImpl' of type [com.tansuo365.test1.service.user.impl.UserRoleServiceImpl] is not eligible for getting processed by all BeanPostProcessors (for example: not eligible for auto-proxying)
Bean 'passwordEncrypt' of type [com.tansuo365.test1.util.PasswordEncrypt] is not eligible for getting processed by all BeanPostProcessors (for example: not eligible for auto-proxying)
Bean 'userServiceImpl' of type [com.tansuo365.test1.service.user.impl.UserServiceImpl] is not eligible for getting processed by all BeanPostProcessors (for example: not eligible for auto-proxying)
Bean 'roleMapper' of type [org.mybatis.spring.mapper.MapperFactoryBean] is not eligible for getting processed by all BeanPostProcessors (for example: not eligible for auto-proxying)
Bean 'roleMapper' of type [com.sun.proxy.$Proxy82] is not eligible for getting processed by all BeanPostProcessors (for example: not eligible for auto-proxying)
Bean 'roleServiceImpl' of type [com.tansuo365.test1.service.user.impl.RoleServiceImpl] is not eligible for getting processed by all BeanPostProcessors (for example: not eligible for auto-proxying)
Bean 'EMenuMapper' of type [org.mybatis.spring.mapper.MapperFactoryBean] is not eligible for getting processed by all BeanPostProcessors (for example: not eligible for auto-proxying)
Bean 'EMenuMapper' of type [com.sun.proxy.$Proxy83] is not eligible for getting processed by all BeanPostProcessors (for example: not eligible for auto-proxying)
Bean 'EMenuServiceImpl' of type [com.tansuo365.test1.service.user.impl.EMenuServiceImpl] is not eligible for getting processed by all BeanPostProcessors (for example: not eligible for auto-proxying)
Bean 'getDatabaseRealm' of type [com.tansuo365.test1.config.shiro.realm.DatabaseRealm] is not eligible for getting processed by all BeanPostProcessors (for example: not eligible for auto-proxying)
Bean 'rememberMeCookie' of type [org.apache.shiro.web.servlet.SimpleCookie] is not eligible for getting processed by all BeanPostProcessors (for example: not eligible for auto-proxying)
Bean 'rememberMeManager' of type [org.apache.shiro.web.mgt.CookieRememberMeManager] is not eligible for getting processed by all BeanPostProcessors (for example: not eligible for auto-proxying)
Bean 'securityManager' of type [org.apache.shiro.web.mgt.DefaultWebSecurityManager] is not eligible for getting processed by all BeanPostProcessors (for example: not eligible for auto-proxying)
Bean 'redisConfig' of type [com.tansuo365.test1.config.RedisConfig$$EnhancerBySpringCGLIB$$e45f5cf2] is not eligible for getting processed by all BeanPostProcessors (for example: not eligible for auto-proxying)
Bean 'org.springframework.transaction.annotation.ProxyTransactionManagementConfiguration' of type [org.springframework.transaction.annotation.ProxyTransactionManagementConfiguration$$EnhancerBySpringCGLIB$$5c8702d8] is not eligible for getting processed by all BeanPostProcessors (for example: not eligible for auto-proxying)
Bean 'authorizationAttributeSourceAdvisor' of type [org.apache.shiro.spring.security.interceptor.AuthorizationAttributeSourceAdvisor] is not eligible for getting processed by all BeanPostProcessors (for example: not eligible for auto-proxying)
Tomcat initialized with port(s): 80 (http)
Initializing ProtocolHandler ["http-nio-80"]
Starting service [Tomcat]
Starting Servlet Engine: Apache Tomcat/9.0.13
The APR based Apache Tomcat Native library which allows optimal performance in production environments was not found on the java.library.path: [F:\jdk1.8.0_201\bin;C:\Windows\Sun\Java\bin;C:\Windows\system32;C:\Windows;F:\NetSarang\Xftp 6\;F:\NetSarang\Xshell 6\;C:\Program Files (x86)\Intel\iCLS Client\;C:\Program Files\Intel\iCLS Client\;C:\Windows\system32;C:\Windows;C:\Windows\System32\Wbem;C:\Windows\System32\WindowsPowerShell\v1.0\;C:\Program Files (x86)\Intel\Intel(R) Management Engine Components\DAL;C:\Program Files\Intel\Intel(R) Management Engine Components\DAL;C:\Program Files (x86)\Intel\Intel(R) Management Engine Components\IPT;C:\Program Files\Intel\Intel(R) Management Engine Components\IPT;C:\Program Files (x86)\NVIDIA Corporation\PhysX\Common;C:\Program Files\Intel\WiFi\bin\;C:\Program Files\Common Files\Intel\WirelessCommon\;F:\redis64\64bit\;F:\mysql-5.7.21-winx64\bin\;F:\jdk1.8.0_201\bin\;F:\jdk1.8.0_201\jre\bin\;C:\Program Files\NVIDIA Corporation\NVIDIA NvDLISR;F:\elasticsearch-7.0.1\bin;F:\kibana-7.0.1-windows-x86_64\bin;F:\apache-maven-3.6.0\bin\;C:\Users\ukyo\AppData\Local\Microsoft\WindowsApps;;F:\Microsoft VS Code\bin;.]
At least one JAR was scanned for TLDs yet contained no TLDs. Enable debug logging for this logger for a complete list of JARs that were scanned but no TLDs were found in them. Skipping unneeded JARs during scanning can improve startup time and JSP compilation time.
Initializing Spring embedded WebApplicationContext
Root WebApplicationContext: initialization completed in 7438 ms
Exposing 16 endpoint(s) beneath base path '/actuator'
Mapped URL path [/v2/api-docs] onto method [public org.springframework.http.ResponseEntity<springfox.documentation.spring.web.json.Json> springfox.documentation.swagger2.web.Swagger2Controller.getDocumentation(java.lang.String,javax.servlet.http.HttpServletRequest)]
Initializing ExecutorService 'applicationTaskExecutor'
LiveReload server is running on port 35729
[THYMELEAF][restartedMain] Template Mode 'HTML5' is deprecated. Using Template Mode 'HTML' instead.
Adding welcome page template: index
Using default implementation for ThreadExecutor
Initialized Scheduler Signaller of type: class org.quartz.core.SchedulerSignalerImpl
Quartz Scheduler v.2.3.0 created.
RAMJobStore initialized.
Scheduler meta-data: Quartz Scheduler (v2.3.0) 'quartzScheduler' with instanceId 'NON_CLUSTERED'
  Scheduler class: 'org.quartz.core.QuartzScheduler' - running locally.
  NOT STARTED.
  Currently in standby mode.
  Number of jobs executed: 0
  Using thread pool 'org.quartz.simpl.SimpleThreadPool' - with 10 threads.
  Using job-store 'org.quartz.simpl.RAMJobStore' - which does not support persistence. and is not clustered.

Quartz scheduler 'quartzScheduler' initialized from an externally provided properties instance.
Quartz scheduler version: 2.3.0
JobFactory set to: org.springframework.scheduling.quartz.SpringBeanJobFactory@745b45c
Context refreshed
Found 1 custom documentation plugin(s)
Scanning for api listing references
Generating unique operation named: saveRoleUsingPOST_1
Generating unique operation named: echarts0UsingGET_1
Generating unique operation named: echarts1UsingGET_1
Generating unique operation named: echarts2UsingGET_1
Generating unique operation named: listEMenuUsingPOST_1
Generating unique operation named: delByPKUsingPOST_1
Generating unique operation named: insertSelectiveUsingPOST_1
Generating unique operation named: loginUsingPOST_1
Generating unique operation named: updateByPKSelectiveUsingPOST_1
Generating unique operation named: loginUsingGET_1
Generating unique operation named: indexUsingGET_1
Starting Quartz Scheduler now
Scheduler quartzScheduler_$_NON_CLUSTERED started.
Starting ProtocolHandler ["http-nio-80"]
Using a shared selector for servlet write/read
Tomcat started on port(s): 80 (http) with context path ''
Started Test1Application in 11.536 seconds (JVM running for 14.704)
Initializing Spring DispatcherServlet 'dispatcherServlet'
Initializing Servlet 'dispatcherServlet'
Completed initialization in 19 ms
Starting without optional epoll library
Starting without optional kqueue library
A cookie header was received [ 12-Jun-20 07:27:34 GMT; path=/; domain=.91o91.com; HttpOnly] that contained an invalid cookie. That cookie will be ignored.Note: further occurrences of this error will be logged at DEBUG level.
Authentication failed for token submission [org.apache.shiro.authc.UsernamePasswordToken - yun123, rememberMe=false].  Possible unexpected error? (Typical or expected login exceptions should extend from AuthenticationException).
java.lang.NullPointerException: null
	at com.tansuo365.test1.config.shiro.realm.DatabaseRealm.doGetAuthenticationInfo(DatabaseRealm.java:78)
	at org.apache.shiro.realm.AuthenticatingRealm.getAuthenticationInfo(AuthenticatingRealm.java:568)
	at org.apache.shiro.authc.pam.ModularRealmAuthenticator.doSingleRealmAuthentication(ModularRealmAuthenticator.java:180)
	at org.apache.shiro.authc.pam.ModularRealmAuthenticator.doAuthenticate(ModularRealmAuthenticator.java:267)
	at org.apache.shiro.authc.AbstractAuthenticator.authenticate(AbstractAuthenticator.java:198)
	at org.apache.shiro.mgt.AuthenticatingSecurityManager.authenticate(AuthenticatingSecurityManager.java:106)
	at org.apache.shiro.mgt.DefaultSecurityManager.login(DefaultSecurityManager.java:270)
	at org.apache.shiro.subject.support.DelegatingSubject.login(DelegatingSubject.java:256)
	at com.tansuo365.test1.controller.admin.AdminLoginController.login(AdminLoginController.java:70)
	at com.tansuo365.test1.controller.admin.AdminLoginController$$FastClassBySpringCGLIB$$58c9b3c3.invoke(<generated>)
	at org.springframework.cglib.proxy.MethodProxy.invoke(MethodProxy.java:218)
	at org.springframework.aop.framework.CglibAopProxy$DynamicAdvisedInterceptor.intercept(CglibAopProxy.java:684)
	at com.tansuo365.test1.controller.admin.AdminLoginController$$EnhancerBySpringCGLIB$$53bdec49.login(<generated>)
	at com.tansuo365.test1.controller.admin.AdminLoginController$$FastClassBySpringCGLIB$$58c9b3c3.invoke(<generated>)
	at org.springframework.cglib.proxy.MethodProxy.invoke(MethodProxy.java:218)
	at org.springframework.aop.framework.CglibAopProxy$DynamicAdvisedInterceptor.intercept(CglibAopProxy.java:684)
	at com.tansuo365.test1.controller.admin.AdminLoginController$$EnhancerBySpringCGLIB$$41e21122.login(<generated>)
	at sun.reflect.NativeMethodAccessorImpl.invoke0(Native Method)
	at sun.reflect.NativeMethodAccessorImpl.invoke(NativeMethodAccessorImpl.java:62)
	at sun.reflect.DelegatingMethodAccessorImpl.invoke(DelegatingMethodAccessorImpl.java:43)
	at java.lang.reflect.Method.invoke(Method.java:498)
	at org.springframework.web.method.support.InvocableHandlerMethod.doInvoke(InvocableHandlerMethod.java:189)
	at org.springframework.web.method.support.InvocableHandlerMethod.invokeForRequest(InvocableHandlerMethod.java:138)
	at org.springframework.web.servlet.mvc.method.annotation.ServletInvocableHandlerMethod.invokeAndHandle(ServletInvocableHandlerMethod.java:102)
	at org.springframework.web.servlet.mvc.method.annotation.RequestMappingHandlerAdapter.invokeHandlerMethod(RequestMappingHandlerAdapter.java:895)
	at org.springframework.web.servlet.mvc.method.annotation.RequestMappingHandlerAdapter.handleInternal(RequestMappingHandlerAdapter.java:800)
	at org.springframework.web.servlet.mvc.method.AbstractHandlerMethodAdapter.handle(AbstractHandlerMethodAdapter.java:87)
	at org.springframework.web.servlet.DispatcherServlet.doDispatch(DispatcherServlet.java:1038)
	at org.springframework.web.servlet.DispatcherServlet.doService(DispatcherServlet.java:942)
	at org.springframework.web.servlet.FrameworkServlet.processRequest(FrameworkServlet.java:1005)
	at org.springframework.web.servlet.FrameworkServlet.doPost(FrameworkServlet.java:908)
	at javax.servlet.http.HttpServlet.service(HttpServlet.java:665)
	at org.springframework.web.servlet.FrameworkServlet.service(FrameworkServlet.java:882)
	at javax.servlet.http.HttpServlet.service(HttpServlet.java:750)
	at org.apache.catalina.core.ApplicationFilterChain.internalDoFilter(ApplicationFilterChain.java:231)
	at org.apache.catalina.core.ApplicationFilterChain.doFilter(ApplicationFilterChain.java:166)
	at org.apache.tomcat.websocket.server.WsFilter.doFilter(WsFilter.java:53)
	at org.apache.catalina.core.ApplicationFilterChain.internalDoFilter(ApplicationFilterChain.java:193)
	at org.apache.catalina.core.ApplicationFilterChain.doFilter(ApplicationFilterChain.java:166)
	at org.apache.shiro.web.servlet.ProxiedFilterChain.doFilter(ProxiedFilterChain.java:61)
	at org.apache.shiro.web.servlet.AdviceFilter.executeChain(AdviceFilter.java:108)
	at org.apache.shiro.web.servlet.AdviceFilter.doFilterInternal(AdviceFilter.java:137)
	at org.apache.shiro.web.servlet.OncePerRequestFilter.doFilter(OncePerRequestFilter.java:125)
	at org.apache.shiro.web.servlet.ProxiedFilterChain.doFilter(ProxiedFilterChain.java:66)
	at org.apache.shiro.web.servlet.AbstractShiroFilter.executeChain(AbstractShiroFilter.java:449)
	at org.apache.shiro.web.servlet.AbstractShiroFilter$1.call(AbstractShiroFilter.java:365)
	at org.apache.shiro.subject.support.SubjectCallable.doCall(SubjectCallable.java:90)
	at org.apache.shiro.subject.support.SubjectCallable.call(SubjectCallable.java:83)
	at org.apache.shiro.subject.support.DelegatingSubject.execute(DelegatingSubject.java:383)
	at org.apache.shiro.web.servlet.AbstractShiroFilter.doFilterInternal(AbstractShiroFilter.java:362)
	at org.apache.shiro.web.servlet.OncePerRequestFilter.doFilter(OncePerRequestFilter.java:125)
	at org.apache.catalina.core.ApplicationFilterChain.internalDoFilter(ApplicationFilterChain.java:193)
	at org.apache.catalina.core.ApplicationFilterChain.doFilter(ApplicationFilterChain.java:166)
	at org.springframework.web.filter.CorsFilter.doFilterInternal(CorsFilter.java:96)
	at org.springframework.web.filter.OncePerRequestFilter.doFilter(OncePerRequestFilter.java:107)
	at org.apache.catalina.core.ApplicationFilterChain.internalDoFilter(ApplicationFilterChain.java:193)
	at org.apache.catalina.core.ApplicationFilterChain.doFilter(ApplicationFilterChain.java:166)
	at org.springframework.web.servlet.resource.ResourceUrlEncodingFilter.doFilter(ResourceUrlEncodingFilter.java:63)
	at org.apache.catalina.core.ApplicationFilterChain.internalDoFilter(ApplicationFilterChain.java:193)
	at org.apache.catalina.core.ApplicationFilterChain.doFilter(ApplicationFilterChain.java:166)
	at com.alibaba.druid.support.http.WebStatFilter.doFilter(WebStatFilter.java:123)
	at org.apache.catalina.core.ApplicationFilterChain.internalDoFilter(ApplicationFilterChain.java:193)
	at org.apache.catalina.core.ApplicationFilterChain.doFilter(ApplicationFilterChain.java:166)
	at org.springframework.boot.actuate.web.trace.servlet.HttpTraceFilter.doFilterInternal(HttpTraceFilter.java:90)
	at org.springframework.web.filter.OncePerRequestFilter.doFilter(OncePerRequestFilter.java:107)
	at org.apache.catalina.core.ApplicationFilterChain.internalDoFilter(ApplicationFilterChain.java:193)
	at org.apache.catalina.core.ApplicationFilterChain.doFilter(ApplicationFilterChain.java:166)
	at org.springframework.web.filter.RequestContextFilter.doFilterInternal(RequestContextFilter.java:99)
	at org.springframework.web.filter.OncePerRequestFilter.doFilter(OncePerRequestFilter.java:107)
	at org.apache.catalina.core.ApplicationFilterChain.internalDoFilter(ApplicationFilterChain.java:193)
	at org.apache.catalina.core.ApplicationFilterChain.doFilter(ApplicationFilterChain.java:166)
	at org.springframework.web.filter.FormContentFilter.doFilterInternal(FormContentFilter.java:92)
	at org.springframework.web.filter.OncePerRequestFilter.doFilter(OncePerRequestFilter.java:107)
	at org.apache.catalina.core.ApplicationFilterChain.internalDoFilter(ApplicationFilterChain.java:193)
	at org.apache.catalina.core.ApplicationFilterChain.doFilter(ApplicationFilterChain.java:166)
	at org.springframework.web.filter.HiddenHttpMethodFilter.doFilterInternal(HiddenHttpMethodFilter.java:93)
	at org.springframework.web.filter.OncePerRequestFilter.doFilter(OncePerRequestFilter.java:107)
	at org.apache.catalina.core.ApplicationFilterChain.internalDoFilter(ApplicationFilterChain.java:193)
	at org.apache.catalina.core.ApplicationFilterChain.doFilter(ApplicationFilterChain.java:166)
	at org.springframework.boot.actuate.metrics.web.servlet.WebMvcMetricsFilter.filterAndRecordMetrics(WebMvcMetricsFilter.java:117)
	at org.springframework.boot.actuate.metrics.web.servlet.WebMvcMetricsFilter.doFilterInternal(WebMvcMetricsFilter.java:106)
	at org.springframework.web.filter.OncePerRequestFilter.doFilter(OncePerRequestFilter.java:107)
	at org.apache.catalina.core.ApplicationFilterChain.internalDoFilter(ApplicationFilterChain.java:193)
	at org.apache.catalina.core.ApplicationFilterChain.doFilter(ApplicationFilterChain.java:166)
	at org.springframework.web.filter.CharacterEncodingFilter.doFilterInternal(CharacterEncodingFilter.java:200)
	at org.springframework.web.filter.OncePerRequestFilter.doFilter(OncePerRequestFilter.java:107)
	at org.apache.catalina.core.ApplicationFilterChain.internalDoFilter(ApplicationFilterChain.java:193)
	at org.apache.catalina.core.ApplicationFilterChain.doFilter(ApplicationFilterChain.java:166)
	at org.apache.catalina.core.StandardWrapperValve.invoke(StandardWrapperValve.java:199)
	at org.apache.catalina.core.StandardContextValve.invoke(StandardContextValve.java:96)
	at org.apache.catalina.authenticator.AuthenticatorBase.invoke(AuthenticatorBase.java:490)
	at org.apache.catalina.core.StandardHostValve.invoke(StandardHostValve.java:139)
	at org.apache.catalina.valves.ErrorReportValve.invoke(ErrorReportValve.java:92)
	at org.apache.catalina.core.StandardEngineValve.invoke(StandardEngineValve.java:74)
	at org.apache.catalina.connector.CoyoteAdapter.service(CoyoteAdapter.java:343)
	at org.apache.coyote.http11.Http11Processor.service(Http11Processor.java:408)
	at org.apache.coyote.AbstractProcessorLight.process(AbstractProcessorLight.java:66)
	at org.apache.coyote.AbstractProtocol$ConnectionHandler.process(AbstractProtocol.java:791)
	at org.apache.tomcat.util.net.NioEndpoint$SocketProcessor.doRun(NioEndpoint.java:1417)
	at org.apache.tomcat.util.net.SocketProcessorBase.run(SocketProcessorBase.java:49)
	at java.util.concurrent.ThreadPoolExecutor.runWorker(ThreadPoolExecutor.java:1149)
	at java.util.concurrent.ThreadPoolExecutor$Worker.run(ThreadPoolExecutor.java:624)
	at org.apache.tomcat.util.threads.TaskThread$WrappingRunnable.run(TaskThread.java:61)
	at java.lang.Thread.run(Thread.java:748)
Starting Test1Application on LAPTOP-AFF8817V with PID 7580 (D:\test1-plus1\target\classes started by ukyo in D:\test1-plus1)
No active profile set, falling back to default profiles: default
Devtools property defaults active! Set 'spring.devtools.add-properties' to 'false' to disable
For additional web related logging consider setting the 'logging.level.web' property to 'DEBUG'
Multiple Spring Data modules found, entering strict repository configuration mode!
Bootstrapping Spring Data repositories in DEFAULT mode.
Finished Spring Data repository scanning in 29ms. Found 0 repository interfaces.
Bean 'shiroConfiguration' of type [com.tansuo365.test1.config.shiro.ShiroConfiguration$$EnhancerBySpringCGLIB$$9ecab85d] is not eligible for getting processed by all BeanPostProcessors (for example: not eligible for auto-proxying)
Bean 'hashedCredentialsMatcher' of type [org.apache.shiro.authc.credential.HashedCredentialsMatcher] is not eligible for getting processed by all BeanPostProcessors (for example: not eligible for auto-proxying)
Bean 'mybatis-org.mybatis.spring.boot.autoconfigure.MybatisProperties' of type [org.mybatis.spring.boot.autoconfigure.MybatisProperties] is not eligible for getting processed by all BeanPostProcessors (for example: not eligible for auto-proxying)
Bean 'org.mybatis.spring.boot.autoconfigure.MybatisAutoConfiguration' of type [org.mybatis.spring.boot.autoconfigure.MybatisAutoConfiguration$$EnhancerBySpringCGLIB$$89ac5ebe] is not eligible for getting processed by all BeanPostProcessors (for example: not eligible for auto-proxying)
Bean 'com.alibaba.druid.spring.boot.autoconfigure.DruidDataSourceAutoConfigure' of type [com.alibaba.druid.spring.boot.autoconfigure.DruidDataSourceAutoConfigure$$EnhancerBySpringCGLIB$$70840300] is not eligible for getting processed by all BeanPostProcessors (for example: not eligible for auto-proxying)
Init DruidDataSource
Bean 'spring.datasource-org.springframework.boot.autoconfigure.jdbc.DataSourceProperties' of type [org.springframework.boot.autoconfigure.jdbc.DataSourceProperties] is not eligible for getting processed by all BeanPostProcessors (for example: not eligible for auto-proxying)
Bean 'com.alibaba.druid.spring.boot.autoconfigure.stat.DruidFilterConfiguration' of type [com.alibaba.druid.spring.boot.autoconfigure.stat.DruidFilterConfiguration] is not eligible for getting processed by all BeanPostProcessors (for example: not eligible for auto-proxying)
Bean 'statFilter' of type [com.alibaba.druid.filter.stat.StatFilter] is not eligible for getting processed by all BeanPostProcessors (for example: not eligible for auto-proxying)
{dataSource-1} inited
Bean 'dataSource' of type [com.alibaba.druid.spring.boot.autoconfigure.DruidDataSourceWrapper] is not eligible for getting processed by all BeanPostProcessors (for example: not eligible for auto-proxying)
Bean 'sqlSessionFactory' of type [org.apache.ibatis.session.defaults.DefaultSqlSessionFactory] is not eligible for getting processed by all BeanPostProcessors (for example: not eligible for auto-proxying)
Bean 'sqlSessionTemplate' of type [org.mybatis.spring.SqlSessionTemplate] is not eligible for getting processed by all BeanPostProcessors (for example: not eligible for auto-proxying)
Bean 'userMapper' of type [org.mybatis.spring.mapper.MapperFactoryBean] is not eligible for getting processed by all BeanPostProcessors (for example: not eligible for auto-proxying)
Bean 'userMapper' of type [com.sun.proxy.$Proxy77] is not eligible for getting processed by all BeanPostProcessors (for example: not eligible for auto-proxying)
Bean 'userRoleMapper' of type [org.mybatis.spring.mapper.MapperFactoryBean] is not eligible for getting processed by all BeanPostProcessors (for example: not eligible for auto-proxying)
Bean 'userRoleMapper' of type [com.sun.proxy.$Proxy78] is not eligible for getting processed by all BeanPostProcessors (for example: not eligible for auto-proxying)
Bean 'userRoleServiceImpl' of type [com.tansuo365.test1.service.user.impl.UserRoleServiceImpl] is not eligible for getting processed by all BeanPostProcessors (for example: not eligible for auto-proxying)
Bean 'passwordEncrypt' of type [com.tansuo365.test1.util.PasswordEncrypt] is not eligible for getting processed by all BeanPostProcessors (for example: not eligible for auto-proxying)
Bean 'userServiceImpl' of type [com.tansuo365.test1.service.user.impl.UserServiceImpl] is not eligible for getting processed by all BeanPostProcessors (for example: not eligible for auto-proxying)
Bean 'roleMapper' of type [org.mybatis.spring.mapper.MapperFactoryBean] is not eligible for getting processed by all BeanPostProcessors (for example: not eligible for auto-proxying)
Bean 'roleMapper' of type [com.sun.proxy.$Proxy82] is not eligible for getting processed by all BeanPostProcessors (for example: not eligible for auto-proxying)
Bean 'roleServiceImpl' of type [com.tansuo365.test1.service.user.impl.RoleServiceImpl] is not eligible for getting processed by all BeanPostProcessors (for example: not eligible for auto-proxying)
Bean 'EMenuMapper' of type [org.mybatis.spring.mapper.MapperFactoryBean] is not eligible for getting processed by all BeanPostProcessors (for example: not eligible for auto-proxying)
Bean 'EMenuMapper' of type [com.sun.proxy.$Proxy83] is not eligible for getting processed by all BeanPostProcessors (for example: not eligible for auto-proxying)
Bean 'EMenuServiceImpl' of type [com.tansuo365.test1.service.user.impl.EMenuServiceImpl] is not eligible for getting processed by all BeanPostProcessors (for example: not eligible for auto-proxying)
Bean 'getDatabaseRealm' of type [com.tansuo365.test1.config.shiro.realm.DatabaseRealm] is not eligible for getting processed by all BeanPostProcessors (for example: not eligible for auto-proxying)
Bean 'rememberMeCookie' of type [org.apache.shiro.web.servlet.SimpleCookie] is not eligible for getting processed by all BeanPostProcessors (for example: not eligible for auto-proxying)
Bean 'rememberMeManager' of type [org.apache.shiro.web.mgt.CookieRememberMeManager] is not eligible for getting processed by all BeanPostProcessors (for example: not eligible for auto-proxying)
Bean 'securityManager' of type [org.apache.shiro.web.mgt.DefaultWebSecurityManager] is not eligible for getting processed by all BeanPostProcessors (for example: not eligible for auto-proxying)
Bean 'redisConfig' of type [com.tansuo365.test1.config.RedisConfig$$EnhancerBySpringCGLIB$$deb067a8] is not eligible for getting processed by all BeanPostProcessors (for example: not eligible for auto-proxying)
Bean 'org.springframework.transaction.annotation.ProxyTransactionManagementConfiguration' of type [org.springframework.transaction.annotation.ProxyTransactionManagementConfiguration$$EnhancerBySpringCGLIB$$56d80d8e] is not eligible for getting processed by all BeanPostProcessors (for example: not eligible for auto-proxying)
Bean 'authorizationAttributeSourceAdvisor' of type [org.apache.shiro.spring.security.interceptor.AuthorizationAttributeSourceAdvisor] is not eligible for getting processed by all BeanPostProcessors (for example: not eligible for auto-proxying)
Tomcat initialized with port(s): 80 (http)
Initializing ProtocolHandler ["http-nio-80"]
Starting service [Tomcat]
Starting Servlet Engine: Apache Tomcat/9.0.13
The APR based Apache Tomcat Native library which allows optimal performance in production environments was not found on the java.library.path: [F:\jdk1.8.0_201\bin;C:\Windows\Sun\Java\bin;C:\Windows\system32;C:\Windows;F:\NetSarang\Xftp 6\;F:\NetSarang\Xshell 6\;C:\Program Files (x86)\Intel\iCLS Client\;C:\Program Files\Intel\iCLS Client\;C:\Windows\system32;C:\Windows;C:\Windows\System32\Wbem;C:\Windows\System32\WindowsPowerShell\v1.0\;C:\Program Files (x86)\Intel\Intel(R) Management Engine Components\DAL;C:\Program Files\Intel\Intel(R) Management Engine Components\DAL;C:\Program Files (x86)\Intel\Intel(R) Management Engine Components\IPT;C:\Program Files\Intel\Intel(R) Management Engine Components\IPT;C:\Program Files (x86)\NVIDIA Corporation\PhysX\Common;C:\Program Files\Intel\WiFi\bin\;C:\Program Files\Common Files\Intel\WirelessCommon\;F:\redis64\64bit\;F:\mysql-5.7.21-winx64\bin\;F:\jdk1.8.0_201\bin\;F:\jdk1.8.0_201\jre\bin\;C:\Program Files\NVIDIA Corporation\NVIDIA NvDLISR;F:\elasticsearch-7.0.1\bin;F:\kibana-7.0.1-windows-x86_64\bin;F:\apache-maven-3.6.0\bin\;C:\Users\ukyo\AppData\Local\Microsoft\WindowsApps;;F:\Microsoft VS Code\bin;.]
At least one JAR was scanned for TLDs yet contained no TLDs. Enable debug logging for this logger for a complete list of JARs that were scanned but no TLDs were found in them. Skipping unneeded JARs during scanning can improve startup time and JSP compilation time.
Initializing Spring embedded WebApplicationContext
Root WebApplicationContext: initialization completed in 7429 ms
Exposing 16 endpoint(s) beneath base path '/actuator'
Mapped URL path [/v2/api-docs] onto method [public org.springframework.http.ResponseEntity<springfox.documentation.spring.web.json.Json> springfox.documentation.swagger2.web.Swagger2Controller.getDocumentation(java.lang.String,javax.servlet.http.HttpServletRequest)]
Initializing ExecutorService 'applicationTaskExecutor'
LiveReload server is running on port 35729
[THYMELEAF][restartedMain] Template Mode 'HTML5' is deprecated. Using Template Mode 'HTML' instead.
Adding welcome page template: index
Using default implementation for ThreadExecutor
Initialized Scheduler Signaller of type: class org.quartz.core.SchedulerSignalerImpl
Quartz Scheduler v.2.3.0 created.
RAMJobStore initialized.
Scheduler meta-data: Quartz Scheduler (v2.3.0) 'quartzScheduler' with instanceId 'NON_CLUSTERED'
  Scheduler class: 'org.quartz.core.QuartzScheduler' - running locally.
  NOT STARTED.
  Currently in standby mode.
  Number of jobs executed: 0
  Using thread pool 'org.quartz.simpl.SimpleThreadPool' - with 10 threads.
  Using job-store 'org.quartz.simpl.RAMJobStore' - which does not support persistence. and is not clustered.

Quartz scheduler 'quartzScheduler' initialized from an externally provided properties instance.
Quartz scheduler version: 2.3.0
JobFactory set to: org.springframework.scheduling.quartz.SpringBeanJobFactory@793bef9b
Context refreshed
Found 1 custom documentation plugin(s)
Scanning for api listing references
Generating unique operation named: saveRoleUsingPOST_1
Generating unique operation named: echarts0UsingGET_1
Generating unique operation named: echarts1UsingGET_1
Generating unique operation named: echarts2UsingGET_1
Generating unique operation named: listEMenuUsingPOST_1
Generating unique operation named: delByPKUsingPOST_1
Generating unique operation named: insertSelectiveUsingPOST_1
Generating unique operation named: loginUsingPOST_1
Generating unique operation named: updateByPKSelectiveUsingPOST_1
Generating unique operation named: loginUsingGET_1
Generating unique operation named: indexUsingGET_1
Starting Quartz Scheduler now
Scheduler quartzScheduler_$_NON_CLUSTERED started.
Starting ProtocolHandler ["http-nio-80"]
Using a shared selector for servlet write/read
Tomcat started on port(s): 80 (http) with context path ''
Started Test1Application in 11.144 seconds (JVM running for 12.873)
Initializing Spring DispatcherServlet 'dispatcherServlet'
Initializing Servlet 'dispatcherServlet'
Completed initialization in 12 ms
Starting without optional epoll library
Starting without optional kqueue library
