Starting Test1Application on UnDead with PID 18652 (started by SeeClanUkyo in D:\新建文件夹\test1)
No active profile set, falling back to default profiles: default
Multiple Spring Data modules found, entering strict repository configuration mode!
Bootstrapping Spring Data repositories in DEFAULT mode.
Finished Spring Data repository scanning in 31ms. Found 0 repository interfaces.
@Bean method PropertiesConfig.properties is non-static and returns an object assignable to Spring's BeanFactoryPostProcessor interface. This will result in a failure to process annotations such as @Autowired, @Resource and @PostConstruct within the method's declaring @Configuration class. Add the 'static' modifier to this method to avoid these container lifecycle issues; see @Bean javadoc for complete details.
Bean 'shiroConfiguration' of type [com.tansuo365.test1.shiro.ShiroConfiguration$$EnhancerBySpringCGLIB$$d0ba0322] is not eligible for getting processed by all BeanPostProcessors (for example: not eligible for auto-proxying)
Bean 'hashedCredentialsMatcher' of type [org.apache.shiro.authc.credential.HashedCredentialsMatcher] is not eligible for getting processed by all BeanPostProcessors (for example: not eligible for auto-proxying)
Bean 'mybatis-org.mybatis.spring.boot.autoconfigure.MybatisProperties' of type [org.mybatis.spring.boot.autoconfigure.MybatisProperties] is not eligible for getting processed by all BeanPostProcessors (for example: not eligible for auto-proxying)
Bean 'org.mybatis.spring.boot.autoconfigure.MybatisAutoConfiguration' of type [org.mybatis.spring.boot.autoconfigure.MybatisAutoConfiguration$$EnhancerBySpringCGLIB$$66ae1227] is not eligible for getting processed by all BeanPostProcessors (for example: not eligible for auto-proxying)
Bean 'com.alibaba.druid.spring.boot.autoconfigure.DruidDataSourceAutoConfigure' of type [com.alibaba.druid.spring.boot.autoconfigure.DruidDataSourceAutoConfigure$$EnhancerBySpringCGLIB$$4d85b669] is not eligible for getting processed by all BeanPostProcessors (for example: not eligible for auto-proxying)
Init DruidDataSource
Bean 'spring.datasource-org.springframework.boot.autoconfigure.jdbc.DataSourceProperties' of type [org.springframework.boot.autoconfigure.jdbc.DataSourceProperties] is not eligible for getting processed by all BeanPostProcessors (for example: not eligible for auto-proxying)
Bean 'com.alibaba.druid.spring.boot.autoconfigure.stat.DruidFilterConfiguration' of type [com.alibaba.druid.spring.boot.autoconfigure.stat.DruidFilterConfiguration] is not eligible for getting processed by all BeanPostProcessors (for example: not eligible for auto-proxying)
Bean 'statFilter' of type [com.alibaba.druid.filter.stat.StatFilter] is not eligible for getting processed by all BeanPostProcessors (for example: not eligible for auto-proxying)
{dataSource-1} inited
Bean 'dataSource' of type [com.alibaba.druid.spring.boot.autoconfigure.DruidDataSourceWrapper] is not eligible for getting processed by all BeanPostProcessors (for example: not eligible for auto-proxying)
Bean 'sqlSessionFactory' of type [org.apache.ibatis.session.defaults.DefaultSqlSessionFactory] is not eligible for getting processed by all BeanPostProcessors (for example: not eligible for auto-proxying)
Bean 'sqlSessionTemplate' of type [org.mybatis.spring.SqlSessionTemplate] is not eligible for getting processed by all BeanPostProcessors (for example: not eligible for auto-proxying)
Bean 'userMapper' of type [org.mybatis.spring.mapper.MapperFactoryBean] is not eligible for getting processed by all BeanPostProcessors (for example: not eligible for auto-proxying)
Bean 'userMapper' of type [com.sun.proxy.$Proxy67] is not eligible for getting processed by all BeanPostProcessors (for example: not eligible for auto-proxying)
Bean 'userRoleMapper' of type [org.mybatis.spring.mapper.MapperFactoryBean] is not eligible for getting processed by all BeanPostProcessors (for example: not eligible for auto-proxying)
Bean 'userRoleMapper' of type [com.sun.proxy.$Proxy68] is not eligible for getting processed by all BeanPostProcessors (for example: not eligible for auto-proxying)
Bean 'userRoleServiceImpl' of type [com.tansuo365.test1.service.user.impl.UserRoleServiceImpl] is not eligible for getting processed by all BeanPostProcessors (for example: not eligible for auto-proxying)
Bean 'passwordEncrypt' of type [com.tansuo365.test1.util.PasswordEncrypt] is not eligible for getting processed by all BeanPostProcessors (for example: not eligible for auto-proxying)
Bean 'userServiceImpl' of type [com.tansuo365.test1.service.user.impl.UserServiceImpl] is not eligible for getting processed by all BeanPostProcessors (for example: not eligible for auto-proxying)
Bean 'roleMapper' of type [org.mybatis.spring.mapper.MapperFactoryBean] is not eligible for getting processed by all BeanPostProcessors (for example: not eligible for auto-proxying)
Bean 'roleMapper' of type [com.sun.proxy.$Proxy72] is not eligible for getting processed by all BeanPostProcessors (for example: not eligible for auto-proxying)
Bean 'roleServiceImpl' of type [com.tansuo365.test1.service.user.impl.RoleServiceImpl] is not eligible for getting processed by all BeanPostProcessors (for example: not eligible for auto-proxying)
Bean 'EMenuMapper' of type [org.mybatis.spring.mapper.MapperFactoryBean] is not eligible for getting processed by all BeanPostProcessors (for example: not eligible for auto-proxying)
Bean 'EMenuMapper' of type [com.sun.proxy.$Proxy73] is not eligible for getting processed by all BeanPostProcessors (for example: not eligible for auto-proxying)
Bean 'EMenuServiceImpl' of type [com.tansuo365.test1.service.user.impl.EMenuServiceImpl] is not eligible for getting processed by all BeanPostProcessors (for example: not eligible for auto-proxying)
Bean 'getDatabaseRealm' of type [com.tansuo365.test1.shiro.realm.DatabaseRealm] is not eligible for getting processed by all BeanPostProcessors (for example: not eligible for auto-proxying)
Bean 'rememberMeCookie' of type [org.apache.shiro.web.servlet.SimpleCookie] is not eligible for getting processed by all BeanPostProcessors (for example: not eligible for auto-proxying)
Bean 'rememberMeManager' of type [org.apache.shiro.web.mgt.CookieRememberMeManager] is not eligible for getting processed by all BeanPostProcessors (for example: not eligible for auto-proxying)
Bean 'securityManager' of type [org.apache.shiro.web.mgt.DefaultWebSecurityManager] is not eligible for getting processed by all BeanPostProcessors (for example: not eligible for auto-proxying)
Bean 'redisConfig' of type [com.tansuo365.test1.config.RedisConfig$$EnhancerBySpringCGLIB$$bbb21b11] is not eligible for getting processed by all BeanPostProcessors (for example: not eligible for auto-proxying)
Bean 'org.springframework.transaction.annotation.ProxyTransactionManagementConfiguration' of type [org.springframework.transaction.annotation.ProxyTransactionManagementConfiguration$$EnhancerBySpringCGLIB$$33d9c0f7] is not eligible for getting processed by all BeanPostProcessors (for example: not eligible for auto-proxying)
Bean 'authorizationAttributeSourceAdvisor' of type [org.apache.shiro.spring.security.interceptor.AuthorizationAttributeSourceAdvisor] is not eligible for getting processed by all BeanPostProcessors (for example: not eligible for auto-proxying)
Tomcat initialized with port(s): 801 (http)
Initializing ProtocolHandler ["http-nio-801"]
Starting service [Tomcat]
Starting Servlet Engine: Apache Tomcat/9.0.13
The APR based Apache Tomcat Native library which allows optimal performance in production environments was not found on the java.library.path: [C:\Program Files\Java\jdk1.8.0_191\bin;C:\WINDOWS\Sun\Java\bin;C:\WINDOWS\system32;C:\WINDOWS;F:\Xshell6\;C:\Program Files (x86)\Common Files\Oracle\Java\javapath;C:\Program Files (x86)\Intel\Intel(R) Management Engine Components\iCLS\;C:\Program Files\Intel\Intel(R) Management Engine Components\iCLS\;F:\Oracle\app\oracle\product\10.2.0\server\bin;C:\ProgramData\Oracle\Java\javapath;C:\Windows\system32;C:\Windows;C:\Windows\System32\Wbem;C:\Windows\System32\WindowsPowerShell\v1.0\;C:\Program Files (x86)\NVIDIA Corporation\PhysX\Common;F:\kranalyzer;"F:\apache-tomcat-8.5.30\lib;F:\apache-tomcat-8.5.30\bin";F:\apache-maven-3.6.0\bin;F:\apache-maven-3.6.0\bin;F:\spring-2.0.1.RELEASE\bin;F:\commons-logging-1.2;F:\nodejs\;C:\Program Files (x86)\Calibre2\;C:\WINDOWS\system32;C:\WINDOWS;C:\WINDOWS\System32\Wbem;C:\WINDOWS\System32\WindowsPowerShell\v1.0\;C:\WINDOWS\System32\OpenSSH\;F:\postgreSQL\pg10\bin;C:\Program Files (x86)\Intel\Intel(R) Management Engine Components\DAL;C:\Program Files\Intel\Intel(R) Management Engine Components\DAL;C:\Program Files (x86)\Intel\Intel(R) Management Engine Components\IPT;C:\Program Files\Intel\Intel(R) Management Engine Components\IPT;C:\Program Files\Intel\WiFi\bin\;C:\Program Files\Common Files\Intel\WirelessCommon\;F:\mysql\mysql-5.7.21-winx64\bin;F:\SVNtool\bin;F:\spring-2.0.4.RELEASE\bin;F:\gradle-4.10.1\bin;C:\Program Files\Java\jre1.8.0_191\bin;C:\Program Files\Java\jdk1.8.0_191\bin;F:\TortoiseSVN\bin;F:\redis\;F:\Go\bin;C:\Program Files\Microsoft SQL Server\Client SDK\ODBC\130\Tools\Binn\;C:\Program Files (x86)\Microsoft SQL Server\140\Tools\Binn\;C:\Program Files\Microsoft SQL Server\140\Tools\Binn\;C:\Program Files\Microsoft SQL Server\140\DTS\Binn\;C:\Program Files (x86)\Microsoft SQL Server\Client SDK\ODBC\130\Tools\Binn\;C:\Program Files (x86)\Microsoft SQL Server\140\DTS\Binn\;C:\Program Files (x86)\Microsoft SQL Server\140\Tools\Binn\ManagementStudio\;F:\Git\cmd;F:\erl7.1\bin;F:\newngrok;F:\texlive\2018\bin\win32;C:\Users\SeeClanUkyo\AppData\Local\Programs\Python\Python36\Scripts\;C:\Users\SeeClanUkyo\AppData\Local\Programs\Python\Python36\;C:\Users\SeeClanUkyo\AppData\Local\Microsoft\WindowsApps;F:\Nmap;C:\Users\SeeClanUkyo\AppData\Roaming\npm;C:\Users\SeeClanUkyo\AppData\Local\GitHubDesktop\bin;F:\MiKTeX\miktex\bin\x64\;D:\go\workspace\bin;F:\Microsoft VS Code Insiders\bin;.]
At least one JAR was scanned for TLDs yet contained no TLDs. Enable debug logging for this logger for a complete list of JARs that were scanned but no TLDs were found in them. Skipping unneeded JARs during scanning can improve startup time and JSP compilation time.
Initializing Spring embedded WebApplicationContext
Root WebApplicationContext: initialization completed in 6906 ms
Mapped URL path [/v2/api-docs] onto method [public org.springframework.http.ResponseEntity<springfox.documentation.spring.web.json.Json> springfox.documentation.swagger2.web.Swagger2Controller.getDocumentation(java.lang.String,javax.servlet.http.HttpServletRequest)]
Initializing ExecutorService 'applicationTaskExecutor'
[THYMELEAF][main] Template Mode 'HTML5' is deprecated. Using Template Mode 'HTML' instead.
Adding welcome page template: index
Using default implementation for ThreadExecutor
Initialized Scheduler Signaller of type: class org.quartz.core.SchedulerSignalerImpl
Quartz Scheduler v.2.3.0 created.
RAMJobStore initialized.
Scheduler meta-data: Quartz Scheduler (v2.3.0) 'quartzScheduler' with instanceId 'NON_CLUSTERED'
  Scheduler class: 'org.quartz.core.QuartzScheduler' - running locally.
  NOT STARTED.
  Currently in standby mode.
  Number of jobs executed: 0
  Using thread pool 'org.quartz.simpl.SimpleThreadPool' - with 10 threads.
  Using job-store 'org.quartz.simpl.RAMJobStore' - which does not support persistence. and is not clustered.

Quartz scheduler 'quartzScheduler' initialized from an externally provided properties instance.
Quartz scheduler version: 2.3.0
JobFactory set to: org.springframework.scheduling.quartz.SpringBeanJobFactory@6def0632
Context refreshed
Found 1 custom documentation plugin(s)
Scanning for api listing references
Generating unique operation named: saveRoleUsingGET_1
Generating unique operation named: saveRoleUsingHEAD_1
Generating unique operation named: saveRoleUsingPOST_1
Generating unique operation named: saveRoleUsingPUT_1
Generating unique operation named: saveRoleUsingPATCH_1
Generating unique operation named: saveRoleUsingDELETE_1
Generating unique operation named: saveRoleUsingOPTIONS_1
Generating unique operation named: saveRoleUsingTRACE_1
Generating unique operation named: regUsingGET_1
Generating unique operation named: regUsingHEAD_1
Generating unique operation named: regUsingPOST_1
Generating unique operation named: regUsingPUT_1
Generating unique operation named: regUsingPATCH_1
Generating unique operation named: regUsingDELETE_1
Generating unique operation named: regUsingOPTIONS_1
Generating unique operation named: regUsingTRACE_1
Generating unique operation named: echarts0UsingGET_1
Generating unique operation named: echarts0UsingHEAD_1
Generating unique operation named: echarts0UsingPOST_1
Generating unique operation named: echarts0UsingPUT_1
Generating unique operation named: echarts0UsingPATCH_1
Generating unique operation named: echarts0UsingDELETE_1
Generating unique operation named: echarts0UsingOPTIONS_1
Generating unique operation named: echarts0UsingTRACE_1
Generating unique operation named: echarts1UsingGET_1
Generating unique operation named: echarts1UsingHEAD_1
Generating unique operation named: echarts1UsingPOST_1
Generating unique operation named: echarts1UsingPUT_1
Generating unique operation named: echarts1UsingPATCH_1
Generating unique operation named: echarts1UsingDELETE_1
Generating unique operation named: echarts1UsingOPTIONS_1
Generating unique operation named: echarts1UsingTRACE_1
Generating unique operation named: echarts2UsingGET_1
Generating unique operation named: echarts2UsingHEAD_1
Generating unique operation named: echarts2UsingPOST_1
Generating unique operation named: echarts2UsingPUT_1
Generating unique operation named: echarts2UsingPATCH_1
Generating unique operation named: echarts2UsingDELETE_1
Generating unique operation named: echarts2UsingOPTIONS_1
Generating unique operation named: echarts2UsingTRACE_1
Generating unique operation named: listEMenuUsingGET_1
Generating unique operation named: listEMenuUsingHEAD_1
Generating unique operation named: listEMenuUsingPOST_1
Generating unique operation named: listEMenuUsingPUT_1
Generating unique operation named: listEMenuUsingPATCH_1
Generating unique operation named: listEMenuUsingDELETE_1
Generating unique operation named: listEMenuUsingOPTIONS_1
Generating unique operation named: listEMenuUsingTRACE_1
Generating unique operation named: delByPKUsingGET_1
Generating unique operation named: delByPKUsingHEAD_1
Generating unique operation named: delByPKUsingPOST_1
Generating unique operation named: delByPKUsingPUT_1
Generating unique operation named: delByPKUsingPATCH_1
Generating unique operation named: delByPKUsingDELETE_1
Generating unique operation named: delByPKUsingOPTIONS_1
Generating unique operation named: delByPKUsingTRACE_1
Generating unique operation named: insertSelectiveUsingGET_1
Generating unique operation named: insertSelectiveUsingHEAD_1
Generating unique operation named: insertSelectiveUsingPOST_1
Generating unique operation named: insertSelectiveUsingPUT_1
Generating unique operation named: insertSelectiveUsingPATCH_1
Generating unique operation named: insertSelectiveUsingDELETE_1
Generating unique operation named: insertSelectiveUsingOPTIONS_1
Generating unique operation named: insertSelectiveUsingTRACE_1
Generating unique operation named: loginUsingGET_1
Generating unique operation named: loginUsingPOST_1
Generating unique operation named: loginUsingGET_2
Generating unique operation named: loginUsingHEAD_1
Generating unique operation named: loginUsingPOST_2
Generating unique operation named: loginUsingPUT_1
Generating unique operation named: loginUsingPATCH_1
Generating unique operation named: loginUsingDELETE_1
Generating unique operation named: loginUsingOPTIONS_1
Generating unique operation named: loginUsingTRACE_1
Generating unique operation named: updateByPKSelectiveUsingGET_1
Generating unique operation named: updateByPKSelectiveUsingHEAD_1
Generating unique operation named: updateByPKSelectiveUsingPOST_1
Generating unique operation named: updateByPKSelectiveUsingPUT_1
Generating unique operation named: updateByPKSelectiveUsingPATCH_1
Generating unique operation named: updateByPKSelectiveUsingDELETE_1
Generating unique operation named: updateByPKSelectiveUsingOPTIONS_1
Generating unique operation named: updateByPKSelectiveUsingTRACE_1
Generating unique operation named: indexUsingGET_1
Generating unique operation named: indexUsingHEAD_1
Generating unique operation named: indexUsingPOST_1
Generating unique operation named: indexUsingPUT_1
Generating unique operation named: indexUsingPATCH_1
Generating unique operation named: indexUsingDELETE_1
Generating unique operation named: indexUsingOPTIONS_1
Generating unique operation named: indexUsingTRACE_1
Starting Quartz Scheduler now
Scheduler quartzScheduler_$_NON_CLUSTERED started.
Starting ProtocolHandler ["http-nio-801"]
Using a shared selector for servlet write/read
Tomcat started on port(s): 801 (http) with context path ''
Started Test1Application in 10.092 seconds (JVM running for 19.748)
Initializing Spring DispatcherServlet 'dispatcherServlet'
Initializing Servlet 'dispatcherServlet'
Completed initialization in 15 ms
Resolved [org.springframework.web.bind.MissingServletRequestParameterException: Required Integer parameter 'member_level' is not present]
Starting without optional epoll library
Starting without optional kqueue library
Resolved [org.springframework.web.bind.MissingServletRequestParameterException: Required Integer parameter 'member_level' is not present]
Starting Test1Application on UnDead with PID 22256 (started by SeeClanUkyo in D:\新建文件夹\test1)
No active profile set, falling back to default profiles: default
Multiple Spring Data modules found, entering strict repository configuration mode!
Bootstrapping Spring Data repositories in DEFAULT mode.
Finished Spring Data repository scanning in 53ms. Found 0 repository interfaces.
@Bean method PropertiesConfig.properties is non-static and returns an object assignable to Spring's BeanFactoryPostProcessor interface. This will result in a failure to process annotations such as @Autowired, @Resource and @PostConstruct within the method's declaring @Configuration class. Add the 'static' modifier to this method to avoid these container lifecycle issues; see @Bean javadoc for complete details.
Bean 'shiroConfiguration' of type [com.tansuo365.test1.shiro.ShiroConfiguration$$EnhancerBySpringCGLIB$$e7b1752] is not eligible for getting processed by all BeanPostProcessors (for example: not eligible for auto-proxying)
Bean 'hashedCredentialsMatcher' of type [org.apache.shiro.authc.credential.HashedCredentialsMatcher] is not eligible for getting processed by all BeanPostProcessors (for example: not eligible for auto-proxying)
Bean 'mybatis-org.mybatis.spring.boot.autoconfigure.MybatisProperties' of type [org.mybatis.spring.boot.autoconfigure.MybatisProperties] is not eligible for getting processed by all BeanPostProcessors (for example: not eligible for auto-proxying)
Bean 'org.mybatis.spring.boot.autoconfigure.MybatisAutoConfiguration' of type [org.mybatis.spring.boot.autoconfigure.MybatisAutoConfiguration$$EnhancerBySpringCGLIB$$a46f2657] is not eligible for getting processed by all BeanPostProcessors (for example: not eligible for auto-proxying)
Bean 'com.alibaba.druid.spring.boot.autoconfigure.DruidDataSourceAutoConfigure' of type [com.alibaba.druid.spring.boot.autoconfigure.DruidDataSourceAutoConfigure$$EnhancerBySpringCGLIB$$8b46ca99] is not eligible for getting processed by all BeanPostProcessors (for example: not eligible for auto-proxying)
Init DruidDataSource
Bean 'spring.datasource-org.springframework.boot.autoconfigure.jdbc.DataSourceProperties' of type [org.springframework.boot.autoconfigure.jdbc.DataSourceProperties] is not eligible for getting processed by all BeanPostProcessors (for example: not eligible for auto-proxying)
Bean 'com.alibaba.druid.spring.boot.autoconfigure.stat.DruidFilterConfiguration' of type [com.alibaba.druid.spring.boot.autoconfigure.stat.DruidFilterConfiguration] is not eligible for getting processed by all BeanPostProcessors (for example: not eligible for auto-proxying)
Bean 'statFilter' of type [com.alibaba.druid.filter.stat.StatFilter] is not eligible for getting processed by all BeanPostProcessors (for example: not eligible for auto-proxying)
{dataSource-1} inited
Bean 'dataSource' of type [com.alibaba.druid.spring.boot.autoconfigure.DruidDataSourceWrapper] is not eligible for getting processed by all BeanPostProcessors (for example: not eligible for auto-proxying)
Bean 'sqlSessionFactory' of type [org.apache.ibatis.session.defaults.DefaultSqlSessionFactory] is not eligible for getting processed by all BeanPostProcessors (for example: not eligible for auto-proxying)
Bean 'sqlSessionTemplate' of type [org.mybatis.spring.SqlSessionTemplate] is not eligible for getting processed by all BeanPostProcessors (for example: not eligible for auto-proxying)
Bean 'userMapper' of type [org.mybatis.spring.mapper.MapperFactoryBean] is not eligible for getting processed by all BeanPostProcessors (for example: not eligible for auto-proxying)
Bean 'userMapper' of type [com.sun.proxy.$Proxy67] is not eligible for getting processed by all BeanPostProcessors (for example: not eligible for auto-proxying)
Bean 'userRoleMapper' of type [org.mybatis.spring.mapper.MapperFactoryBean] is not eligible for getting processed by all BeanPostProcessors (for example: not eligible for auto-proxying)
Bean 'userRoleMapper' of type [com.sun.proxy.$Proxy68] is not eligible for getting processed by all BeanPostProcessors (for example: not eligible for auto-proxying)
Bean 'userRoleServiceImpl' of type [com.tansuo365.test1.service.user.impl.UserRoleServiceImpl] is not eligible for getting processed by all BeanPostProcessors (for example: not eligible for auto-proxying)
Bean 'passwordEncrypt' of type [com.tansuo365.test1.util.PasswordEncrypt] is not eligible for getting processed by all BeanPostProcessors (for example: not eligible for auto-proxying)
Bean 'userServiceImpl' of type [com.tansuo365.test1.service.user.impl.UserServiceImpl] is not eligible for getting processed by all BeanPostProcessors (for example: not eligible for auto-proxying)
Bean 'roleMapper' of type [org.mybatis.spring.mapper.MapperFactoryBean] is not eligible for getting processed by all BeanPostProcessors (for example: not eligible for auto-proxying)
Bean 'roleMapper' of type [com.sun.proxy.$Proxy72] is not eligible for getting processed by all BeanPostProcessors (for example: not eligible for auto-proxying)
Bean 'roleServiceImpl' of type [com.tansuo365.test1.service.user.impl.RoleServiceImpl] is not eligible for getting processed by all BeanPostProcessors (for example: not eligible for auto-proxying)
Bean 'EMenuMapper' of type [org.mybatis.spring.mapper.MapperFactoryBean] is not eligible for getting processed by all BeanPostProcessors (for example: not eligible for auto-proxying)
Bean 'EMenuMapper' of type [com.sun.proxy.$Proxy73] is not eligible for getting processed by all BeanPostProcessors (for example: not eligible for auto-proxying)
Bean 'EMenuServiceImpl' of type [com.tansuo365.test1.service.user.impl.EMenuServiceImpl] is not eligible for getting processed by all BeanPostProcessors (for example: not eligible for auto-proxying)
Bean 'getDatabaseRealm' of type [com.tansuo365.test1.shiro.realm.DatabaseRealm] is not eligible for getting processed by all BeanPostProcessors (for example: not eligible for auto-proxying)
Bean 'rememberMeCookie' of type [org.apache.shiro.web.servlet.SimpleCookie] is not eligible for getting processed by all BeanPostProcessors (for example: not eligible for auto-proxying)
Bean 'rememberMeManager' of type [org.apache.shiro.web.mgt.CookieRememberMeManager] is not eligible for getting processed by all BeanPostProcessors (for example: not eligible for auto-proxying)
Bean 'securityManager' of type [org.apache.shiro.web.mgt.DefaultWebSecurityManager] is not eligible for getting processed by all BeanPostProcessors (for example: not eligible for auto-proxying)
Bean 'redisConfig' of type [com.tansuo365.test1.config.RedisConfig$$EnhancerBySpringCGLIB$$f9732f41] is not eligible for getting processed by all BeanPostProcessors (for example: not eligible for auto-proxying)
Bean 'org.springframework.transaction.annotation.ProxyTransactionManagementConfiguration' of type [org.springframework.transaction.annotation.ProxyTransactionManagementConfiguration$$EnhancerBySpringCGLIB$$719ad527] is not eligible for getting processed by all BeanPostProcessors (for example: not eligible for auto-proxying)
Bean 'authorizationAttributeSourceAdvisor' of type [org.apache.shiro.spring.security.interceptor.AuthorizationAttributeSourceAdvisor] is not eligible for getting processed by all BeanPostProcessors (for example: not eligible for auto-proxying)
Tomcat initialized with port(s): 801 (http)
Initializing ProtocolHandler ["http-nio-801"]
Starting service [Tomcat]
Starting Servlet Engine: Apache Tomcat/9.0.13
The APR based Apache Tomcat Native library which allows optimal performance in production environments was not found on the java.library.path: [C:\Program Files\Java\jdk1.8.0_191\bin;C:\WINDOWS\Sun\Java\bin;C:\WINDOWS\system32;C:\WINDOWS;F:\Xshell6\;C:\Program Files (x86)\Common Files\Oracle\Java\javapath;C:\Program Files (x86)\Intel\Intel(R) Management Engine Components\iCLS\;C:\Program Files\Intel\Intel(R) Management Engine Components\iCLS\;F:\Oracle\app\oracle\product\10.2.0\server\bin;C:\ProgramData\Oracle\Java\javapath;C:\Windows\system32;C:\Windows;C:\Windows\System32\Wbem;C:\Windows\System32\WindowsPowerShell\v1.0\;C:\Program Files (x86)\NVIDIA Corporation\PhysX\Common;F:\kranalyzer;"F:\apache-tomcat-8.5.30\lib;F:\apache-tomcat-8.5.30\bin";F:\apache-maven-3.6.0\bin;F:\apache-maven-3.6.0\bin;F:\spring-2.0.1.RELEASE\bin;F:\commons-logging-1.2;F:\nodejs\;C:\Program Files (x86)\Calibre2\;C:\WINDOWS\system32;C:\WINDOWS;C:\WINDOWS\System32\Wbem;C:\WINDOWS\System32\WindowsPowerShell\v1.0\;C:\WINDOWS\System32\OpenSSH\;F:\postgreSQL\pg10\bin;C:\Program Files (x86)\Intel\Intel(R) Management Engine Components\DAL;C:\Program Files\Intel\Intel(R) Management Engine Components\DAL;C:\Program Files (x86)\Intel\Intel(R) Management Engine Components\IPT;C:\Program Files\Intel\Intel(R) Management Engine Components\IPT;C:\Program Files\Intel\WiFi\bin\;C:\Program Files\Common Files\Intel\WirelessCommon\;F:\mysql\mysql-5.7.21-winx64\bin;F:\SVNtool\bin;F:\spring-2.0.4.RELEASE\bin;F:\gradle-4.10.1\bin;C:\Program Files\Java\jre1.8.0_191\bin;C:\Program Files\Java\jdk1.8.0_191\bin;F:\TortoiseSVN\bin;F:\redis\;F:\Go\bin;C:\Program Files\Microsoft SQL Server\Client SDK\ODBC\130\Tools\Binn\;C:\Program Files (x86)\Microsoft SQL Server\140\Tools\Binn\;C:\Program Files\Microsoft SQL Server\140\Tools\Binn\;C:\Program Files\Microsoft SQL Server\140\DTS\Binn\;C:\Program Files (x86)\Microsoft SQL Server\Client SDK\ODBC\130\Tools\Binn\;C:\Program Files (x86)\Microsoft SQL Server\140\DTS\Binn\;C:\Program Files (x86)\Microsoft SQL Server\140\Tools\Binn\ManagementStudio\;F:\Git\cmd;F:\erl7.1\bin;F:\newngrok;F:\texlive\2018\bin\win32;C:\Users\SeeClanUkyo\AppData\Local\Programs\Python\Python36\Scripts\;C:\Users\SeeClanUkyo\AppData\Local\Programs\Python\Python36\;C:\Users\SeeClanUkyo\AppData\Local\Microsoft\WindowsApps;F:\Nmap;C:\Users\SeeClanUkyo\AppData\Roaming\npm;C:\Users\SeeClanUkyo\AppData\Local\GitHubDesktop\bin;F:\MiKTeX\miktex\bin\x64\;D:\go\workspace\bin;F:\Microsoft VS Code Insiders\bin;.]
At least one JAR was scanned for TLDs yet contained no TLDs. Enable debug logging for this logger for a complete list of JARs that were scanned but no TLDs were found in them. Skipping unneeded JARs during scanning can improve startup time and JSP compilation time.
Initializing Spring embedded WebApplicationContext
Root WebApplicationContext: initialization completed in 6919 ms
Mapped URL path [/v2/api-docs] onto method [public org.springframework.http.ResponseEntity<springfox.documentation.spring.web.json.Json> springfox.documentation.swagger2.web.Swagger2Controller.getDocumentation(java.lang.String,javax.servlet.http.HttpServletRequest)]
Initializing ExecutorService 'applicationTaskExecutor'
[THYMELEAF][main] Template Mode 'HTML5' is deprecated. Using Template Mode 'HTML' instead.
Adding welcome page template: index
Using default implementation for ThreadExecutor
Initialized Scheduler Signaller of type: class org.quartz.core.SchedulerSignalerImpl
Quartz Scheduler v.2.3.0 created.
RAMJobStore initialized.
Scheduler meta-data: Quartz Scheduler (v2.3.0) 'quartzScheduler' with instanceId 'NON_CLUSTERED'
  Scheduler class: 'org.quartz.core.QuartzScheduler' - running locally.
  NOT STARTED.
  Currently in standby mode.
  Number of jobs executed: 0
  Using thread pool 'org.quartz.simpl.SimpleThreadPool' - with 10 threads.
  Using job-store 'org.quartz.simpl.RAMJobStore' - which does not support persistence. and is not clustered.

Quartz scheduler 'quartzScheduler' initialized from an externally provided properties instance.
Quartz scheduler version: 2.3.0
JobFactory set to: org.springframework.scheduling.quartz.SpringBeanJobFactory@362a561e
Context refreshed
Found 1 custom documentation plugin(s)
Scanning for api listing references
Generating unique operation named: saveRoleUsingGET_1
Generating unique operation named: saveRoleUsingHEAD_1
Generating unique operation named: saveRoleUsingPOST_1
Generating unique operation named: saveRoleUsingPUT_1
Generating unique operation named: saveRoleUsingPATCH_1
Generating unique operation named: saveRoleUsingDELETE_1
Generating unique operation named: saveRoleUsingOPTIONS_1
Generating unique operation named: saveRoleUsingTRACE_1
Generating unique operation named: regUsingGET_1
Generating unique operation named: regUsingHEAD_1
Generating unique operation named: regUsingPOST_1
Generating unique operation named: regUsingPUT_1
Generating unique operation named: regUsingPATCH_1
Generating unique operation named: regUsingDELETE_1
Generating unique operation named: regUsingOPTIONS_1
Generating unique operation named: regUsingTRACE_1
Generating unique operation named: echarts0UsingGET_1
Generating unique operation named: echarts0UsingHEAD_1
Generating unique operation named: echarts0UsingPOST_1
Generating unique operation named: echarts0UsingPUT_1
Generating unique operation named: echarts0UsingPATCH_1
Generating unique operation named: echarts0UsingDELETE_1
Generating unique operation named: echarts0UsingOPTIONS_1
Generating unique operation named: echarts0UsingTRACE_1
Generating unique operation named: echarts1UsingGET_1
Generating unique operation named: echarts1UsingHEAD_1
Generating unique operation named: echarts1UsingPOST_1
Generating unique operation named: echarts1UsingPUT_1
Generating unique operation named: echarts1UsingPATCH_1
Generating unique operation named: echarts1UsingDELETE_1
Generating unique operation named: echarts1UsingOPTIONS_1
Generating unique operation named: echarts1UsingTRACE_1
Generating unique operation named: echarts2UsingGET_1
Generating unique operation named: echarts2UsingHEAD_1
Generating unique operation named: echarts2UsingPOST_1
Generating unique operation named: echarts2UsingPUT_1
Generating unique operation named: echarts2UsingPATCH_1
Generating unique operation named: echarts2UsingDELETE_1
Generating unique operation named: echarts2UsingOPTIONS_1
Generating unique operation named: echarts2UsingTRACE_1
Generating unique operation named: listEMenuUsingGET_1
Generating unique operation named: listEMenuUsingHEAD_1
Generating unique operation named: listEMenuUsingPOST_1
Generating unique operation named: listEMenuUsingPUT_1
Generating unique operation named: listEMenuUsingPATCH_1
Generating unique operation named: listEMenuUsingDELETE_1
Generating unique operation named: listEMenuUsingOPTIONS_1
Generating unique operation named: listEMenuUsingTRACE_1
Generating unique operation named: delByPKUsingGET_1
Generating unique operation named: delByPKUsingHEAD_1
Generating unique operation named: delByPKUsingPOST_1
Generating unique operation named: delByPKUsingPUT_1
Generating unique operation named: delByPKUsingPATCH_1
Generating unique operation named: delByPKUsingDELETE_1
Generating unique operation named: delByPKUsingOPTIONS_1
Generating unique operation named: delByPKUsingTRACE_1
Generating unique operation named: insertSelectiveUsingGET_1
Generating unique operation named: insertSelectiveUsingHEAD_1
Generating unique operation named: insertSelectiveUsingPOST_1
Generating unique operation named: insertSelectiveUsingPUT_1
Generating unique operation named: insertSelectiveUsingPATCH_1
Generating unique operation named: insertSelectiveUsingDELETE_1
Generating unique operation named: insertSelectiveUsingOPTIONS_1
Generating unique operation named: insertSelectiveUsingTRACE_1
Generating unique operation named: loginUsingGET_1
Generating unique operation named: loginUsingPOST_1
Generating unique operation named: loginUsingGET_2
Generating unique operation named: loginUsingHEAD_1
Generating unique operation named: loginUsingPOST_2
Generating unique operation named: loginUsingPUT_1
Generating unique operation named: loginUsingPATCH_1
Generating unique operation named: loginUsingDELETE_1
Generating unique operation named: loginUsingOPTIONS_1
Generating unique operation named: loginUsingTRACE_1
Generating unique operation named: updateByPKSelectiveUsingGET_1
Generating unique operation named: updateByPKSelectiveUsingHEAD_1
Generating unique operation named: updateByPKSelectiveUsingPOST_1
Generating unique operation named: updateByPKSelectiveUsingPUT_1
Generating unique operation named: updateByPKSelectiveUsingPATCH_1
Generating unique operation named: updateByPKSelectiveUsingDELETE_1
Generating unique operation named: updateByPKSelectiveUsingOPTIONS_1
Generating unique operation named: updateByPKSelectiveUsingTRACE_1
Generating unique operation named: indexUsingGET_1
Generating unique operation named: indexUsingHEAD_1
Generating unique operation named: indexUsingPOST_1
Generating unique operation named: indexUsingPUT_1
Generating unique operation named: indexUsingPATCH_1
Generating unique operation named: indexUsingDELETE_1
Generating unique operation named: indexUsingOPTIONS_1
Generating unique operation named: indexUsingTRACE_1
Starting Quartz Scheduler now
Scheduler quartzScheduler_$_NON_CLUSTERED started.
Starting ProtocolHandler ["http-nio-801"]
Using a shared selector for servlet write/read
Pausing ProtocolHandler ["http-nio-801"]
Stopping service [Tomcat]
The stop() method was called on component [StandardServer[-1]] after stop() had already been called. The second call will be ignored.
Stopping ProtocolHandler ["http-nio-801"]
Destroying ProtocolHandler ["http-nio-801"]


Error starting ApplicationContext. To display the conditions report re-run your application with 'debug' enabled.
Scheduler quartzScheduler_$_NON_CLUSTERED paused.
Shutting down Quartz Scheduler
Scheduler quartzScheduler_$_NON_CLUSTERED shutting down.
Scheduler quartzScheduler_$_NON_CLUSTERED paused.
Scheduler quartzScheduler_$_NON_CLUSTERED shutdown complete.
Shutting down ExecutorService 'applicationTaskExecutor'
{dataSource-1} closed
Starting Test1Application on UnDead with PID 10996 (started by SeeClanUkyo in D:\新建文件夹\test1)
No active profile set, falling back to default profiles: default
Multiple Spring Data modules found, entering strict repository configuration mode!
Bootstrapping Spring Data repositories in DEFAULT mode.
Finished Spring Data repository scanning in 48ms. Found 0 repository interfaces.
@Bean method PropertiesConfig.properties is non-static and returns an object assignable to Spring's BeanFactoryPostProcessor interface. This will result in a failure to process annotations such as @Autowired, @Resource and @PostConstruct within the method's declaring @Configuration class. Add the 'static' modifier to this method to avoid these container lifecycle issues; see @Bean javadoc for complete details.
Bean 'shiroConfiguration' of type [com.tansuo365.test1.shiro.ShiroConfiguration$$EnhancerBySpringCGLIB$$73eb2c5c] is not eligible for getting processed by all BeanPostProcessors (for example: not eligible for auto-proxying)
Bean 'hashedCredentialsMatcher' of type [org.apache.shiro.authc.credential.HashedCredentialsMatcher] is not eligible for getting processed by all BeanPostProcessors (for example: not eligible for auto-proxying)
Bean 'mybatis-org.mybatis.spring.boot.autoconfigure.MybatisProperties' of type [org.mybatis.spring.boot.autoconfigure.MybatisProperties] is not eligible for getting processed by all BeanPostProcessors (for example: not eligible for auto-proxying)
Bean 'org.mybatis.spring.boot.autoconfigure.MybatisAutoConfiguration' of type [org.mybatis.spring.boot.autoconfigure.MybatisAutoConfiguration$$EnhancerBySpringCGLIB$$9df3b61] is not eligible for getting processed by all BeanPostProcessors (for example: not eligible for auto-proxying)
Bean 'com.alibaba.druid.spring.boot.autoconfigure.DruidDataSourceAutoConfigure' of type [com.alibaba.druid.spring.boot.autoconfigure.DruidDataSourceAutoConfigure$$EnhancerBySpringCGLIB$$f0b6dfa3] is not eligible for getting processed by all BeanPostProcessors (for example: not eligible for auto-proxying)
Init DruidDataSource
Bean 'spring.datasource-org.springframework.boot.autoconfigure.jdbc.DataSourceProperties' of type [org.springframework.boot.autoconfigure.jdbc.DataSourceProperties] is not eligible for getting processed by all BeanPostProcessors (for example: not eligible for auto-proxying)
Bean 'com.alibaba.druid.spring.boot.autoconfigure.stat.DruidFilterConfiguration' of type [com.alibaba.druid.spring.boot.autoconfigure.stat.DruidFilterConfiguration] is not eligible for getting processed by all BeanPostProcessors (for example: not eligible for auto-proxying)
Bean 'statFilter' of type [com.alibaba.druid.filter.stat.StatFilter] is not eligible for getting processed by all BeanPostProcessors (for example: not eligible for auto-proxying)
{dataSource-1} inited
Bean 'dataSource' of type [com.alibaba.druid.spring.boot.autoconfigure.DruidDataSourceWrapper] is not eligible for getting processed by all BeanPostProcessors (for example: not eligible for auto-proxying)
Bean 'sqlSessionFactory' of type [org.apache.ibatis.session.defaults.DefaultSqlSessionFactory] is not eligible for getting processed by all BeanPostProcessors (for example: not eligible for auto-proxying)
Bean 'sqlSessionTemplate' of type [org.mybatis.spring.SqlSessionTemplate] is not eligible for getting processed by all BeanPostProcessors (for example: not eligible for auto-proxying)
Bean 'userMapper' of type [org.mybatis.spring.mapper.MapperFactoryBean] is not eligible for getting processed by all BeanPostProcessors (for example: not eligible for auto-proxying)
Bean 'userMapper' of type [com.sun.proxy.$Proxy67] is not eligible for getting processed by all BeanPostProcessors (for example: not eligible for auto-proxying)
Bean 'userRoleMapper' of type [org.mybatis.spring.mapper.MapperFactoryBean] is not eligible for getting processed by all BeanPostProcessors (for example: not eligible for auto-proxying)
Bean 'userRoleMapper' of type [com.sun.proxy.$Proxy68] is not eligible for getting processed by all BeanPostProcessors (for example: not eligible for auto-proxying)
Bean 'userRoleServiceImpl' of type [com.tansuo365.test1.service.user.impl.UserRoleServiceImpl] is not eligible for getting processed by all BeanPostProcessors (for example: not eligible for auto-proxying)
Bean 'passwordEncrypt' of type [com.tansuo365.test1.util.PasswordEncrypt] is not eligible for getting processed by all BeanPostProcessors (for example: not eligible for auto-proxying)
Bean 'userServiceImpl' of type [com.tansuo365.test1.service.user.impl.UserServiceImpl] is not eligible for getting processed by all BeanPostProcessors (for example: not eligible for auto-proxying)
Bean 'roleMapper' of type [org.mybatis.spring.mapper.MapperFactoryBean] is not eligible for getting processed by all BeanPostProcessors (for example: not eligible for auto-proxying)
Bean 'roleMapper' of type [com.sun.proxy.$Proxy72] is not eligible for getting processed by all BeanPostProcessors (for example: not eligible for auto-proxying)
Bean 'roleServiceImpl' of type [com.tansuo365.test1.service.user.impl.RoleServiceImpl] is not eligible for getting processed by all BeanPostProcessors (for example: not eligible for auto-proxying)
Bean 'EMenuMapper' of type [org.mybatis.spring.mapper.MapperFactoryBean] is not eligible for getting processed by all BeanPostProcessors (for example: not eligible for auto-proxying)
Bean 'EMenuMapper' of type [com.sun.proxy.$Proxy73] is not eligible for getting processed by all BeanPostProcessors (for example: not eligible for auto-proxying)
Bean 'EMenuServiceImpl' of type [com.tansuo365.test1.service.user.impl.EMenuServiceImpl] is not eligible for getting processed by all BeanPostProcessors (for example: not eligible for auto-proxying)
Bean 'getDatabaseRealm' of type [com.tansuo365.test1.shiro.realm.DatabaseRealm] is not eligible for getting processed by all BeanPostProcessors (for example: not eligible for auto-proxying)
Bean 'rememberMeCookie' of type [org.apache.shiro.web.servlet.SimpleCookie] is not eligible for getting processed by all BeanPostProcessors (for example: not eligible for auto-proxying)
Bean 'rememberMeManager' of type [org.apache.shiro.web.mgt.CookieRememberMeManager] is not eligible for getting processed by all BeanPostProcessors (for example: not eligible for auto-proxying)
Bean 'securityManager' of type [org.apache.shiro.web.mgt.DefaultWebSecurityManager] is not eligible for getting processed by all BeanPostProcessors (for example: not eligible for auto-proxying)
Bean 'redisConfig' of type [com.tansuo365.test1.config.RedisConfig$$EnhancerBySpringCGLIB$$5ee3444b] is not eligible for getting processed by all BeanPostProcessors (for example: not eligible for auto-proxying)
Bean 'org.springframework.transaction.annotation.ProxyTransactionManagementConfiguration' of type [org.springframework.transaction.annotation.ProxyTransactionManagementConfiguration$$EnhancerBySpringCGLIB$$d70aea31] is not eligible for getting processed by all BeanPostProcessors (for example: not eligible for auto-proxying)
Bean 'authorizationAttributeSourceAdvisor' of type [org.apache.shiro.spring.security.interceptor.AuthorizationAttributeSourceAdvisor] is not eligible for getting processed by all BeanPostProcessors (for example: not eligible for auto-proxying)
Tomcat initialized with port(s): 802 (http)
Initializing ProtocolHandler ["http-nio-802"]
Starting service [Tomcat]
Starting Servlet Engine: Apache Tomcat/9.0.13
The APR based Apache Tomcat Native library which allows optimal performance in production environments was not found on the java.library.path: [C:\Program Files\Java\jdk1.8.0_191\bin;C:\WINDOWS\Sun\Java\bin;C:\WINDOWS\system32;C:\WINDOWS;F:\Xshell6\;C:\Program Files (x86)\Common Files\Oracle\Java\javapath;C:\Program Files (x86)\Intel\Intel(R) Management Engine Components\iCLS\;C:\Program Files\Intel\Intel(R) Management Engine Components\iCLS\;F:\Oracle\app\oracle\product\10.2.0\server\bin;C:\ProgramData\Oracle\Java\javapath;C:\Windows\system32;C:\Windows;C:\Windows\System32\Wbem;C:\Windows\System32\WindowsPowerShell\v1.0\;C:\Program Files (x86)\NVIDIA Corporation\PhysX\Common;F:\kranalyzer;"F:\apache-tomcat-8.5.30\lib;F:\apache-tomcat-8.5.30\bin";F:\apache-maven-3.6.0\bin;F:\apache-maven-3.6.0\bin;F:\spring-2.0.1.RELEASE\bin;F:\commons-logging-1.2;F:\nodejs\;C:\Program Files (x86)\Calibre2\;C:\WINDOWS\system32;C:\WINDOWS;C:\WINDOWS\System32\Wbem;C:\WINDOWS\System32\WindowsPowerShell\v1.0\;C:\WINDOWS\System32\OpenSSH\;F:\postgreSQL\pg10\bin;C:\Program Files (x86)\Intel\Intel(R) Management Engine Components\DAL;C:\Program Files\Intel\Intel(R) Management Engine Components\DAL;C:\Program Files (x86)\Intel\Intel(R) Management Engine Components\IPT;C:\Program Files\Intel\Intel(R) Management Engine Components\IPT;C:\Program Files\Intel\WiFi\bin\;C:\Program Files\Common Files\Intel\WirelessCommon\;F:\mysql\mysql-5.7.21-winx64\bin;F:\SVNtool\bin;F:\spring-2.0.4.RELEASE\bin;F:\gradle-4.10.1\bin;C:\Program Files\Java\jre1.8.0_191\bin;C:\Program Files\Java\jdk1.8.0_191\bin;F:\TortoiseSVN\bin;F:\redis\;F:\Go\bin;C:\Program Files\Microsoft SQL Server\Client SDK\ODBC\130\Tools\Binn\;C:\Program Files (x86)\Microsoft SQL Server\140\Tools\Binn\;C:\Program Files\Microsoft SQL Server\140\Tools\Binn\;C:\Program Files\Microsoft SQL Server\140\DTS\Binn\;C:\Program Files (x86)\Microsoft SQL Server\Client SDK\ODBC\130\Tools\Binn\;C:\Program Files (x86)\Microsoft SQL Server\140\DTS\Binn\;C:\Program Files (x86)\Microsoft SQL Server\140\Tools\Binn\ManagementStudio\;F:\Git\cmd;F:\erl7.1\bin;F:\newngrok;F:\texlive\2018\bin\win32;C:\Users\SeeClanUkyo\AppData\Local\Programs\Python\Python36\Scripts\;C:\Users\SeeClanUkyo\AppData\Local\Programs\Python\Python36\;C:\Users\SeeClanUkyo\AppData\Local\Microsoft\WindowsApps;F:\Nmap;C:\Users\SeeClanUkyo\AppData\Roaming\npm;C:\Users\SeeClanUkyo\AppData\Local\GitHubDesktop\bin;F:\MiKTeX\miktex\bin\x64\;D:\go\workspace\bin;F:\Microsoft VS Code Insiders\bin;.]
At least one JAR was scanned for TLDs yet contained no TLDs. Enable debug logging for this logger for a complete list of JARs that were scanned but no TLDs were found in them. Skipping unneeded JARs during scanning can improve startup time and JSP compilation time.
Initializing Spring embedded WebApplicationContext
Root WebApplicationContext: initialization completed in 4129 ms
Mapped URL path [/v2/api-docs] onto method [public org.springframework.http.ResponseEntity<springfox.documentation.spring.web.json.Json> springfox.documentation.swagger2.web.Swagger2Controller.getDocumentation(java.lang.String,javax.servlet.http.HttpServletRequest)]
Initializing ExecutorService 'applicationTaskExecutor'
[THYMELEAF][main] Template Mode 'HTML5' is deprecated. Using Template Mode 'HTML' instead.
Adding welcome page template: index
Using default implementation for ThreadExecutor
Initialized Scheduler Signaller of type: class org.quartz.core.SchedulerSignalerImpl
Quartz Scheduler v.2.3.0 created.
RAMJobStore initialized.
Scheduler meta-data: Quartz Scheduler (v2.3.0) 'quartzScheduler' with instanceId 'NON_CLUSTERED'
  Scheduler class: 'org.quartz.core.QuartzScheduler' - running locally.
  NOT STARTED.
  Currently in standby mode.
  Number of jobs executed: 0
  Using thread pool 'org.quartz.simpl.SimpleThreadPool' - with 10 threads.
  Using job-store 'org.quartz.simpl.RAMJobStore' - which does not support persistence. and is not clustered.

Quartz scheduler 'quartzScheduler' initialized from an externally provided properties instance.
Quartz scheduler version: 2.3.0
JobFactory set to: org.springframework.scheduling.quartz.SpringBeanJobFactory@4eeb14e0
Context refreshed
Found 1 custom documentation plugin(s)
Scanning for api listing references
Generating unique operation named: saveRoleUsingGET_1
Generating unique operation named: saveRoleUsingHEAD_1
Generating unique operation named: saveRoleUsingPOST_1
Generating unique operation named: saveRoleUsingPUT_1
Generating unique operation named: saveRoleUsingPATCH_1
Generating unique operation named: saveRoleUsingDELETE_1
Generating unique operation named: saveRoleUsingOPTIONS_1
Generating unique operation named: saveRoleUsingTRACE_1
Generating unique operation named: regUsingGET_1
Generating unique operation named: regUsingHEAD_1
Generating unique operation named: regUsingPOST_1
Generating unique operation named: regUsingPUT_1
Generating unique operation named: regUsingPATCH_1
Generating unique operation named: regUsingDELETE_1
Generating unique operation named: regUsingOPTIONS_1
Generating unique operation named: regUsingTRACE_1
Generating unique operation named: echarts0UsingGET_1
Generating unique operation named: echarts0UsingHEAD_1
Generating unique operation named: echarts0UsingPOST_1
Generating unique operation named: echarts0UsingPUT_1
Generating unique operation named: echarts0UsingPATCH_1
Generating unique operation named: echarts0UsingDELETE_1
Generating unique operation named: echarts0UsingOPTIONS_1
Generating unique operation named: echarts0UsingTRACE_1
Generating unique operation named: echarts1UsingGET_1
Generating unique operation named: echarts1UsingHEAD_1
Generating unique operation named: echarts1UsingPOST_1
Generating unique operation named: echarts1UsingPUT_1
Generating unique operation named: echarts1UsingPATCH_1
Generating unique operation named: echarts1UsingDELETE_1
Generating unique operation named: echarts1UsingOPTIONS_1
Generating unique operation named: echarts1UsingTRACE_1
Generating unique operation named: echarts2UsingGET_1
Generating unique operation named: echarts2UsingHEAD_1
Generating unique operation named: echarts2UsingPOST_1
Generating unique operation named: echarts2UsingPUT_1
Generating unique operation named: echarts2UsingPATCH_1
Generating unique operation named: echarts2UsingDELETE_1
Generating unique operation named: echarts2UsingOPTIONS_1
Generating unique operation named: echarts2UsingTRACE_1
Generating unique operation named: listEMenuUsingGET_1
Generating unique operation named: listEMenuUsingHEAD_1
Generating unique operation named: listEMenuUsingPOST_1
Generating unique operation named: listEMenuUsingPUT_1
Generating unique operation named: listEMenuUsingPATCH_1
Generating unique operation named: listEMenuUsingDELETE_1
Generating unique operation named: listEMenuUsingOPTIONS_1
Generating unique operation named: listEMenuUsingTRACE_1
Generating unique operation named: delByPKUsingGET_1
Generating unique operation named: delByPKUsingHEAD_1
Generating unique operation named: delByPKUsingPOST_1
Generating unique operation named: delByPKUsingPUT_1
Generating unique operation named: delByPKUsingPATCH_1
Generating unique operation named: delByPKUsingDELETE_1
Generating unique operation named: delByPKUsingOPTIONS_1
Generating unique operation named: delByPKUsingTRACE_1
Generating unique operation named: insertSelectiveUsingGET_1
Generating unique operation named: insertSelectiveUsingHEAD_1
Generating unique operation named: insertSelectiveUsingPOST_1
Generating unique operation named: insertSelectiveUsingPUT_1
Generating unique operation named: insertSelectiveUsingPATCH_1
Generating unique operation named: insertSelectiveUsingDELETE_1
Generating unique operation named: insertSelectiveUsingOPTIONS_1
Generating unique operation named: insertSelectiveUsingTRACE_1
Generating unique operation named: loginUsingGET_1
Generating unique operation named: loginUsingPOST_1
Generating unique operation named: loginUsingGET_2
Generating unique operation named: loginUsingHEAD_1
Generating unique operation named: loginUsingPOST_2
Generating unique operation named: loginUsingPUT_1
Generating unique operation named: loginUsingPATCH_1
Generating unique operation named: loginUsingDELETE_1
Generating unique operation named: loginUsingOPTIONS_1
Generating unique operation named: loginUsingTRACE_1
Generating unique operation named: updateByPKSelectiveUsingGET_1
Generating unique operation named: updateByPKSelectiveUsingHEAD_1
Generating unique operation named: updateByPKSelectiveUsingPOST_1
Generating unique operation named: updateByPKSelectiveUsingPUT_1
Generating unique operation named: updateByPKSelectiveUsingPATCH_1
Generating unique operation named: updateByPKSelectiveUsingDELETE_1
Generating unique operation named: updateByPKSelectiveUsingOPTIONS_1
Generating unique operation named: updateByPKSelectiveUsingTRACE_1
Generating unique operation named: indexUsingGET_1
Generating unique operation named: indexUsingHEAD_1
Generating unique operation named: indexUsingPOST_1
Generating unique operation named: indexUsingPUT_1
Generating unique operation named: indexUsingPATCH_1
Generating unique operation named: indexUsingDELETE_1
Generating unique operation named: indexUsingOPTIONS_1
Generating unique operation named: indexUsingTRACE_1
Starting Quartz Scheduler now
Scheduler quartzScheduler_$_NON_CLUSTERED started.
Starting ProtocolHandler ["http-nio-802"]
Using a shared selector for servlet write/read
Tomcat started on port(s): 802 (http) with context path ''
Started Test1Application in 7.686 seconds (JVM running for 9.114)
Initializing Spring DispatcherServlet 'dispatcherServlet'
Initializing Servlet 'dispatcherServlet'
Completed initialization in 9 ms
Starting without optional epoll library
Starting without optional kqueue library
