Starting Test1Application on UnDead with PID 22868 (started by SeeClanUkyo in D:\新建文件夹\test1)
No active profile set, falling back to default profiles: default
Multiple Spring Data modules found, entering strict repository configuration mode!
Bootstrapping Spring Data repositories in DEFAULT mode.
Finished Spring Data repository scanning in 91ms. Found 0 repository interfaces.
Bean 'shiroConfiguration' of type [com.tansuo365.test1.config.shiro.ShiroConfiguration$$EnhancerBySpringCGLIB$$ab4903bc] is not eligible for getting processed by all BeanPostProcessors (for example: not eligible for auto-proxying)
Bean 'hashedCredentialsMatcher' of type [org.apache.shiro.authc.credential.HashedCredentialsMatcher] is not eligible for getting processed by all BeanPostProcessors (for example: not eligible for auto-proxying)
Bean 'mybatis-org.mybatis.spring.boot.autoconfigure.MybatisProperties' of type [org.mybatis.spring.boot.autoconfigure.MybatisProperties] is not eligible for getting processed by all BeanPostProcessors (for example: not eligible for auto-proxying)
Bean 'org.mybatis.spring.boot.autoconfigure.MybatisAutoConfiguration' of type [org.mybatis.spring.boot.autoconfigure.MybatisAutoConfiguration$$EnhancerBySpringCGLIB$$962aaa1d] is not eligible for getting processed by all BeanPostProcessors (for example: not eligible for auto-proxying)
Bean 'com.alibaba.druid.spring.boot.autoconfigure.DruidDataSourceAutoConfigure' of type [com.alibaba.druid.spring.boot.autoconfigure.DruidDataSourceAutoConfigure$$EnhancerBySpringCGLIB$$7d024e5f] is not eligible for getting processed by all BeanPostProcessors (for example: not eligible for auto-proxying)
Init DruidDataSource
Bean 'spring.datasource-org.springframework.boot.autoconfigure.jdbc.DataSourceProperties' of type [org.springframework.boot.autoconfigure.jdbc.DataSourceProperties] is not eligible for getting processed by all BeanPostProcessors (for example: not eligible for auto-proxying)
Bean 'com.alibaba.druid.spring.boot.autoconfigure.stat.DruidFilterConfiguration' of type [com.alibaba.druid.spring.boot.autoconfigure.stat.DruidFilterConfiguration] is not eligible for getting processed by all BeanPostProcessors (for example: not eligible for auto-proxying)
Bean 'statFilter' of type [com.alibaba.druid.filter.stat.StatFilter] is not eligible for getting processed by all BeanPostProcessors (for example: not eligible for auto-proxying)
{dataSource-1} inited
Bean 'dataSource' of type [com.alibaba.druid.spring.boot.autoconfigure.DruidDataSourceWrapper] is not eligible for getting processed by all BeanPostProcessors (for example: not eligible for auto-proxying)
Bean 'sqlSessionFactory' of type [org.apache.ibatis.session.defaults.DefaultSqlSessionFactory] is not eligible for getting processed by all BeanPostProcessors (for example: not eligible for auto-proxying)
Bean 'sqlSessionTemplate' of type [org.mybatis.spring.SqlSessionTemplate] is not eligible for getting processed by all BeanPostProcessors (for example: not eligible for auto-proxying)
Bean 'userMapper' of type [org.mybatis.spring.mapper.MapperFactoryBean] is not eligible for getting processed by all BeanPostProcessors (for example: not eligible for auto-proxying)
Bean 'userMapper' of type [com.sun.proxy.$Proxy76] is not eligible for getting processed by all BeanPostProcessors (for example: not eligible for auto-proxying)
Bean 'userRoleMapper' of type [org.mybatis.spring.mapper.MapperFactoryBean] is not eligible for getting processed by all BeanPostProcessors (for example: not eligible for auto-proxying)
Bean 'userRoleMapper' of type [com.sun.proxy.$Proxy77] is not eligible for getting processed by all BeanPostProcessors (for example: not eligible for auto-proxying)
Bean 'userRoleServiceImpl' of type [com.tansuo365.test1.service.user.impl.UserRoleServiceImpl] is not eligible for getting processed by all BeanPostProcessors (for example: not eligible for auto-proxying)
Bean 'passwordEncrypt' of type [com.tansuo365.test1.util.PasswordEncrypt] is not eligible for getting processed by all BeanPostProcessors (for example: not eligible for auto-proxying)
Bean 'userServiceImpl' of type [com.tansuo365.test1.service.user.impl.UserServiceImpl] is not eligible for getting processed by all BeanPostProcessors (for example: not eligible for auto-proxying)
Bean 'roleMapper' of type [org.mybatis.spring.mapper.MapperFactoryBean] is not eligible for getting processed by all BeanPostProcessors (for example: not eligible for auto-proxying)
Bean 'roleMapper' of type [com.sun.proxy.$Proxy81] is not eligible for getting processed by all BeanPostProcessors (for example: not eligible for auto-proxying)
Bean 'roleServiceImpl' of type [com.tansuo365.test1.service.user.impl.RoleServiceImpl] is not eligible for getting processed by all BeanPostProcessors (for example: not eligible for auto-proxying)
Bean 'EMenuMapper' of type [org.mybatis.spring.mapper.MapperFactoryBean] is not eligible for getting processed by all BeanPostProcessors (for example: not eligible for auto-proxying)
Bean 'EMenuMapper' of type [com.sun.proxy.$Proxy82] is not eligible for getting processed by all BeanPostProcessors (for example: not eligible for auto-proxying)
Bean 'EMenuServiceImpl' of type [com.tansuo365.test1.service.user.impl.EMenuServiceImpl] is not eligible for getting processed by all BeanPostProcessors (for example: not eligible for auto-proxying)
Bean 'getDatabaseRealm' of type [com.tansuo365.test1.config.shiro.realm.DatabaseRealm] is not eligible for getting processed by all BeanPostProcessors (for example: not eligible for auto-proxying)
Bean 'rememberMeCookie' of type [org.apache.shiro.web.servlet.SimpleCookie] is not eligible for getting processed by all BeanPostProcessors (for example: not eligible for auto-proxying)
Bean 'rememberMeManager' of type [org.apache.shiro.web.mgt.CookieRememberMeManager] is not eligible for getting processed by all BeanPostProcessors (for example: not eligible for auto-proxying)
Bean 'securityManager' of type [org.apache.shiro.web.mgt.DefaultWebSecurityManager] is not eligible for getting processed by all BeanPostProcessors (for example: not eligible for auto-proxying)
Bean 'redisConfig' of type [com.tansuo365.test1.config.RedisConfig$$EnhancerBySpringCGLIB$$eb2eb307] is not eligible for getting processed by all BeanPostProcessors (for example: not eligible for auto-proxying)
Bean 'org.springframework.transaction.annotation.ProxyTransactionManagementConfiguration' of type [org.springframework.transaction.annotation.ProxyTransactionManagementConfiguration$$EnhancerBySpringCGLIB$$635658ed] is not eligible for getting processed by all BeanPostProcessors (for example: not eligible for auto-proxying)
Bean 'authorizationAttributeSourceAdvisor' of type [org.apache.shiro.spring.security.interceptor.AuthorizationAttributeSourceAdvisor] is not eligible for getting processed by all BeanPostProcessors (for example: not eligible for auto-proxying)
Tomcat initialized with port(s): 80 (http)
Initializing ProtocolHandler ["http-nio-80"]
Starting service [Tomcat]
Starting Servlet Engine: Apache Tomcat/9.0.13
The APR based Apache Tomcat Native library which allows optimal performance in production environments was not found on the java.library.path: [C:\Program Files\Java\jdk1.8.0_191\bin;C:\WINDOWS\Sun\Java\bin;C:\WINDOWS\system32;C:\WINDOWS;C:\ProgramData\DockerDesktop\version-bin;C:\Program Files\Docker\Docker\Resources\bin;F:\Xshell6\;C:\Program Files (x86)\Common Files\Oracle\Java\javapath;C:\Program Files (x86)\Intel\Intel(R) Management Engine Components\iCLS\;C:\Program Files\Intel\Intel(R) Management Engine Components\iCLS\;F:\Oracle\app\oracle\product\10.2.0\server\bin;C:\ProgramData\Oracle\Java\javapath;C:\Windows\system32;C:\Windows;C:\Windows\System32\Wbem;C:\Windows\System32\WindowsPowerShell\v1.0\;C:\Program Files (x86)\NVIDIA Corporation\PhysX\Common;F:\kranalyzer;"F:\apache-tomcat-8.5.30\lib;F:\apache-tomcat-8.5.30\bin";F:\apache-maven-3.6.0\bin;F:\apache-maven-3.6.0\bin;F:\spring-2.0.1.RELEASE\bin;F:\commons-logging-1.2;F:\nodejs\;C:\Program Files (x86)\Calibre2\;C:\WINDOWS\system32;C:\WINDOWS;C:\WINDOWS\System32\Wbem;C:\WINDOWS\System32\WindowsPowerShell\v1.0\;C:\WINDOWS\System32\OpenSSH\;F:\postgreSQL\pg10\bin;C:\Program Files (x86)\Intel\Intel(R) Management Engine Components\DAL;C:\Program Files\Intel\Intel(R) Management Engine Components\DAL;C:\Program Files (x86)\Intel\Intel(R) Management Engine Components\IPT;C:\Program Files\Intel\Intel(R) Management Engine Components\IPT;C:\Program Files\Intel\WiFi\bin\;C:\Program Files\Common Files\Intel\WirelessCommon\;F:\mysql\mysql-5.7.21-winx64\bin;F:\spring-2.0.4.RELEASE\bin;F:\gradle-4.10.1\bin;C:\Program Files\Java\jdk1.8.0_191\bin;F:\redis\;F:\Go\bin;C:\Program Files\Microsoft SQL Server\Client SDK\ODBC\130\Tools\Binn\;C:\Program Files (x86)\Microsoft SQL Server\140\Tools\Binn\;C:\Program Files\Microsoft SQL Server\140\Tools\Binn\;C:\Program Files\Microsoft SQL Server\140\DTS\Binn\;C:\Program Files (x86)\Microsoft SQL Server\Client SDK\ODBC\130\Tools\Binn\;C:\Program Files (x86)\Microsoft SQL Server\140\DTS\Binn\;C:\Program Files (x86)\Microsoft SQL Server\140\Tools\Binn\ManagementStudio\;F:\Git\cmd;F:\erl7.1\bin;F:\newngrok;F:\TortoiseSVN\bin;F:\SVNtool\bin;C:\Program Files\Java\jre1.8.0_191\bin;F:\texlive\2018\bin\win32;C:\Users\SeeClanUkyo\AppData\Local\Programs\Python\Python36\Scripts\;C:\Users\SeeClanUkyo\AppData\Local\Programs\Python\Python36\;C:\Users\SeeClanUkyo\AppData\Local\Microsoft\WindowsApps;F:\Nmap;C:\Users\SeeClanUkyo\AppData\Roaming\npm;C:\Users\SeeClanUkyo\AppData\Local\GitHubDesktop\bin;F:\MiKTeX\miktex\bin\x64\;D:\go\workspace\bin;F:\Microsoft VS Code Insiders\bin;.]
At least one JAR was scanned for TLDs yet contained no TLDs. Enable debug logging for this logger for a complete list of JARs that were scanned but no TLDs were found in them. Skipping unneeded JARs during scanning can improve startup time and JSP compilation time.
Initializing Spring embedded WebApplicationContext
Root WebApplicationContext: initialization completed in 18954 ms
Exposing 16 endpoint(s) beneath base path '/actuator'
Mapped URL path [/v2/api-docs] onto method [public org.springframework.http.ResponseEntity<springfox.documentation.spring.web.json.Json> springfox.documentation.swagger2.web.Swagger2Controller.getDocumentation(java.lang.String,javax.servlet.http.HttpServletRequest)]
Initializing ExecutorService 'applicationTaskExecutor'
[THYMELEAF][main] Template Mode 'HTML5' is deprecated. Using Template Mode 'HTML' instead.
Adding welcome page template: index
Using default implementation for ThreadExecutor
Initialized Scheduler Signaller of type: class org.quartz.core.SchedulerSignalerImpl
Quartz Scheduler v.2.3.0 created.
RAMJobStore initialized.
Scheduler meta-data: Quartz Scheduler (v2.3.0) 'quartzScheduler' with instanceId 'NON_CLUSTERED'
  Scheduler class: 'org.quartz.core.QuartzScheduler' - running locally.
  NOT STARTED.
  Currently in standby mode.
  Number of jobs executed: 0
  Using thread pool 'org.quartz.simpl.SimpleThreadPool' - with 10 threads.
  Using job-store 'org.quartz.simpl.RAMJobStore' - which does not support persistence. and is not clustered.

Quartz scheduler 'quartzScheduler' initialized from an externally provided properties instance.
Quartz scheduler version: 2.3.0
JobFactory set to: org.springframework.scheduling.quartz.SpringBeanJobFactory@29f95272
Context refreshed
Found 1 custom documentation plugin(s)
Scanning for api listing references
Generating unique operation named: saveRoleUsingPOST_1
Generating unique operation named: dbRestoreUsingPOST_1
Generating unique operation named: echarts0UsingGET_1
Generating unique operation named: echarts1UsingGET_1
Generating unique operation named: echarts2UsingGET_1
Generating unique operation named: listEMenuUsingPOST_1
Generating unique operation named: delByPKUsingPOST_1
Generating unique operation named: insertSelectiveUsingPOST_1
Generating unique operation named: loginUsingPOST_1
Generating unique operation named: updateByPKSelectiveUsingPOST_1
Generating unique operation named: loginUsingGET_1
Generating unique operation named: indexUsingGET_1
Starting Quartz Scheduler now
Scheduler quartzScheduler_$_NON_CLUSTERED started.
Starting ProtocolHandler ["http-nio-80"]
Using a shared selector for servlet write/read
Tomcat started on port(s): 80 (http) with context path ''
Started Test1Application in 34.939 seconds (JVM running for 40.295)
Initializing Spring DispatcherServlet 'dispatcherServlet'
Initializing Servlet 'dispatcherServlet'
Completed initialization in 23 ms
Starting without optional epoll library
Starting without optional kqueue library
Resolved [org.springframework.web.HttpRequestMethodNotSupportedException: Request method 'POST' not supported]
Resolved [org.springframework.web.HttpRequestMethodNotSupportedException: Request method 'POST' not supported]
Resolved [org.springframework.web.HttpRequestMethodNotSupportedException: Request method 'POST' not supported]
Creation of SecureRandom instance for session ID generation using [SHA1PRNG] took [251] milliseconds.
Resolved [org.springframework.web.HttpRequestMethodNotSupportedException: Request method 'POST' not supported]
Resolved [org.springframework.web.HttpRequestMethodNotSupportedException: Request method 'POST' not supported]
Resolved [org.springframework.web.HttpRequestMethodNotSupportedException: Request method 'POST' not supported]
Resolved [org.springframework.web.HttpRequestMethodNotSupportedException: Request method 'POST' not supported]
Starting Test1Application on UnDead with PID 11104 (started by SeeClanUkyo in D:\新建文件夹\test1)
No active profile set, falling back to default profiles: default
Devtools property defaults active! Set 'spring.devtools.add-properties' to 'false' to disable
For additional web related logging consider setting the 'logging.level.web' property to 'DEBUG'
Multiple Spring Data modules found, entering strict repository configuration mode!
Bootstrapping Spring Data repositories in DEFAULT mode.
Finished Spring Data repository scanning in 56ms. Found 0 repository interfaces.
Bean 'shiroConfiguration' of type [com.tansuo365.test1.config.shiro.ShiroConfiguration$$EnhancerBySpringCGLIB$$c25040fd] is not eligible for getting processed by all BeanPostProcessors (for example: not eligible for auto-proxying)
Bean 'hashedCredentialsMatcher' of type [org.apache.shiro.authc.credential.HashedCredentialsMatcher] is not eligible for getting processed by all BeanPostProcessors (for example: not eligible for auto-proxying)
Bean 'mybatis-org.mybatis.spring.boot.autoconfigure.MybatisProperties' of type [org.mybatis.spring.boot.autoconfigure.MybatisProperties] is not eligible for getting processed by all BeanPostProcessors (for example: not eligible for auto-proxying)
Bean 'org.mybatis.spring.boot.autoconfigure.MybatisAutoConfiguration' of type [org.mybatis.spring.boot.autoconfigure.MybatisAutoConfiguration$$EnhancerBySpringCGLIB$$ad31e75e] is not eligible for getting processed by all BeanPostProcessors (for example: not eligible for auto-proxying)
Bean 'com.alibaba.druid.spring.boot.autoconfigure.DruidDataSourceAutoConfigure' of type [com.alibaba.druid.spring.boot.autoconfigure.DruidDataSourceAutoConfigure$$EnhancerBySpringCGLIB$$94098ba0] is not eligible for getting processed by all BeanPostProcessors (for example: not eligible for auto-proxying)
Init DruidDataSource
Bean 'spring.datasource-org.springframework.boot.autoconfigure.jdbc.DataSourceProperties' of type [org.springframework.boot.autoconfigure.jdbc.DataSourceProperties] is not eligible for getting processed by all BeanPostProcessors (for example: not eligible for auto-proxying)
Bean 'com.alibaba.druid.spring.boot.autoconfigure.stat.DruidFilterConfiguration' of type [com.alibaba.druid.spring.boot.autoconfigure.stat.DruidFilterConfiguration] is not eligible for getting processed by all BeanPostProcessors (for example: not eligible for auto-proxying)
Bean 'statFilter' of type [com.alibaba.druid.filter.stat.StatFilter] is not eligible for getting processed by all BeanPostProcessors (for example: not eligible for auto-proxying)
{dataSource-1} inited
Bean 'dataSource' of type [com.alibaba.druid.spring.boot.autoconfigure.DruidDataSourceWrapper] is not eligible for getting processed by all BeanPostProcessors (for example: not eligible for auto-proxying)
Bean 'sqlSessionFactory' of type [org.apache.ibatis.session.defaults.DefaultSqlSessionFactory] is not eligible for getting processed by all BeanPostProcessors (for example: not eligible for auto-proxying)
Bean 'sqlSessionTemplate' of type [org.mybatis.spring.SqlSessionTemplate] is not eligible for getting processed by all BeanPostProcessors (for example: not eligible for auto-proxying)
Bean 'userMapper' of type [org.mybatis.spring.mapper.MapperFactoryBean] is not eligible for getting processed by all BeanPostProcessors (for example: not eligible for auto-proxying)
Bean 'userMapper' of type [com.sun.proxy.$Proxy78] is not eligible for getting processed by all BeanPostProcessors (for example: not eligible for auto-proxying)
Bean 'userRoleMapper' of type [org.mybatis.spring.mapper.MapperFactoryBean] is not eligible for getting processed by all BeanPostProcessors (for example: not eligible for auto-proxying)
Bean 'userRoleMapper' of type [com.sun.proxy.$Proxy79] is not eligible for getting processed by all BeanPostProcessors (for example: not eligible for auto-proxying)
Bean 'userRoleServiceImpl' of type [com.tansuo365.test1.service.user.impl.UserRoleServiceImpl] is not eligible for getting processed by all BeanPostProcessors (for example: not eligible for auto-proxying)
Bean 'passwordEncrypt' of type [com.tansuo365.test1.util.PasswordEncrypt] is not eligible for getting processed by all BeanPostProcessors (for example: not eligible for auto-proxying)
Bean 'userServiceImpl' of type [com.tansuo365.test1.service.user.impl.UserServiceImpl] is not eligible for getting processed by all BeanPostProcessors (for example: not eligible for auto-proxying)
Bean 'roleMapper' of type [org.mybatis.spring.mapper.MapperFactoryBean] is not eligible for getting processed by all BeanPostProcessors (for example: not eligible for auto-proxying)
Bean 'roleMapper' of type [com.sun.proxy.$Proxy83] is not eligible for getting processed by all BeanPostProcessors (for example: not eligible for auto-proxying)
Bean 'roleServiceImpl' of type [com.tansuo365.test1.service.user.impl.RoleServiceImpl] is not eligible for getting processed by all BeanPostProcessors (for example: not eligible for auto-proxying)
Bean 'EMenuMapper' of type [org.mybatis.spring.mapper.MapperFactoryBean] is not eligible for getting processed by all BeanPostProcessors (for example: not eligible for auto-proxying)
Bean 'EMenuMapper' of type [com.sun.proxy.$Proxy84] is not eligible for getting processed by all BeanPostProcessors (for example: not eligible for auto-proxying)
Bean 'EMenuServiceImpl' of type [com.tansuo365.test1.service.user.impl.EMenuServiceImpl] is not eligible for getting processed by all BeanPostProcessors (for example: not eligible for auto-proxying)
Bean 'getDatabaseRealm' of type [com.tansuo365.test1.config.shiro.realm.DatabaseRealm] is not eligible for getting processed by all BeanPostProcessors (for example: not eligible for auto-proxying)
Bean 'rememberMeCookie' of type [org.apache.shiro.web.servlet.SimpleCookie] is not eligible for getting processed by all BeanPostProcessors (for example: not eligible for auto-proxying)
Bean 'rememberMeManager' of type [org.apache.shiro.web.mgt.CookieRememberMeManager] is not eligible for getting processed by all BeanPostProcessors (for example: not eligible for auto-proxying)
Bean 'securityManager' of type [org.apache.shiro.web.mgt.DefaultWebSecurityManager] is not eligible for getting processed by all BeanPostProcessors (for example: not eligible for auto-proxying)
Bean 'redisConfig' of type [com.tansuo365.test1.config.RedisConfig$$EnhancerBySpringCGLIB$$235f048] is not eligible for getting processed by all BeanPostProcessors (for example: not eligible for auto-proxying)
Bean 'org.springframework.transaction.annotation.ProxyTransactionManagementConfiguration' of type [org.springframework.transaction.annotation.ProxyTransactionManagementConfiguration$$EnhancerBySpringCGLIB$$7a5d962e] is not eligible for getting processed by all BeanPostProcessors (for example: not eligible for auto-proxying)
Bean 'authorizationAttributeSourceAdvisor' of type [org.apache.shiro.spring.security.interceptor.AuthorizationAttributeSourceAdvisor] is not eligible for getting processed by all BeanPostProcessors (for example: not eligible for auto-proxying)
Tomcat initialized with port(s): 80 (http)
Initializing ProtocolHandler ["http-nio-80"]
Starting service [Tomcat]
Starting Servlet Engine: Apache Tomcat/9.0.13
The APR based Apache Tomcat Native library which allows optimal performance in production environments was not found on the java.library.path: [C:\Program Files\Java\jdk1.8.0_191\bin;C:\WINDOWS\Sun\Java\bin;C:\WINDOWS\system32;C:\WINDOWS;C:\ProgramData\DockerDesktop\version-bin;C:\Program Files\Docker\Docker\Resources\bin;F:\Xshell6\;C:\Program Files (x86)\Common Files\Oracle\Java\javapath;C:\Program Files (x86)\Intel\Intel(R) Management Engine Components\iCLS\;C:\Program Files\Intel\Intel(R) Management Engine Components\iCLS\;F:\Oracle\app\oracle\product\10.2.0\server\bin;C:\ProgramData\Oracle\Java\javapath;C:\Windows\system32;C:\Windows;C:\Windows\System32\Wbem;C:\Windows\System32\WindowsPowerShell\v1.0\;C:\Program Files (x86)\NVIDIA Corporation\PhysX\Common;F:\kranalyzer;"F:\apache-tomcat-8.5.30\lib;F:\apache-tomcat-8.5.30\bin";F:\apache-maven-3.6.0\bin;F:\apache-maven-3.6.0\bin;F:\spring-2.0.1.RELEASE\bin;F:\commons-logging-1.2;F:\nodejs\;C:\Program Files (x86)\Calibre2\;C:\WINDOWS\system32;C:\WINDOWS;C:\WINDOWS\System32\Wbem;C:\WINDOWS\System32\WindowsPowerShell\v1.0\;C:\WINDOWS\System32\OpenSSH\;F:\postgreSQL\pg10\bin;C:\Program Files (x86)\Intel\Intel(R) Management Engine Components\DAL;C:\Program Files\Intel\Intel(R) Management Engine Components\DAL;C:\Program Files (x86)\Intel\Intel(R) Management Engine Components\IPT;C:\Program Files\Intel\Intel(R) Management Engine Components\IPT;C:\Program Files\Intel\WiFi\bin\;C:\Program Files\Common Files\Intel\WirelessCommon\;F:\mysql\mysql-5.7.21-winx64\bin;F:\spring-2.0.4.RELEASE\bin;F:\gradle-4.10.1\bin;C:\Program Files\Java\jdk1.8.0_191\bin;F:\redis\;F:\Go\bin;C:\Program Files\Microsoft SQL Server\Client SDK\ODBC\130\Tools\Binn\;C:\Program Files (x86)\Microsoft SQL Server\140\Tools\Binn\;C:\Program Files\Microsoft SQL Server\140\Tools\Binn\;C:\Program Files\Microsoft SQL Server\140\DTS\Binn\;C:\Program Files (x86)\Microsoft SQL Server\Client SDK\ODBC\130\Tools\Binn\;C:\Program Files (x86)\Microsoft SQL Server\140\DTS\Binn\;C:\Program Files (x86)\Microsoft SQL Server\140\Tools\Binn\ManagementStudio\;F:\Git\cmd;F:\erl7.1\bin;F:\newngrok;F:\TortoiseSVN\bin;F:\SVNtool\bin;C:\Program Files\Java\jre1.8.0_191\bin;F:\texlive\2018\bin\win32;C:\Users\SeeClanUkyo\AppData\Local\Programs\Python\Python36\Scripts\;C:\Users\SeeClanUkyo\AppData\Local\Programs\Python\Python36\;C:\Users\SeeClanUkyo\AppData\Local\Microsoft\WindowsApps;F:\Nmap;C:\Users\SeeClanUkyo\AppData\Roaming\npm;C:\Users\SeeClanUkyo\AppData\Local\GitHubDesktop\bin;F:\MiKTeX\miktex\bin\x64\;D:\go\workspace\bin;F:\Microsoft VS Code Insiders\bin;.]
At least one JAR was scanned for TLDs yet contained no TLDs. Enable debug logging for this logger for a complete list of JARs that were scanned but no TLDs were found in them. Skipping unneeded JARs during scanning can improve startup time and JSP compilation time.
Initializing Spring embedded WebApplicationContext
Root WebApplicationContext: initialization completed in 12072 ms
Exposing 16 endpoint(s) beneath base path '/actuator'
Mapped URL path [/v2/api-docs] onto method [public org.springframework.http.ResponseEntity<springfox.documentation.spring.web.json.Json> springfox.documentation.swagger2.web.Swagger2Controller.getDocumentation(java.lang.String,javax.servlet.http.HttpServletRequest)]
Initializing ExecutorService 'applicationTaskExecutor'
Unable to start LiveReload server
[THYMELEAF][restartedMain] Template Mode 'HTML5' is deprecated. Using Template Mode 'HTML' instead.
Adding welcome page template: index
Using default implementation for ThreadExecutor
Initialized Scheduler Signaller of type: class org.quartz.core.SchedulerSignalerImpl
Quartz Scheduler v.2.3.0 created.
RAMJobStore initialized.
Scheduler meta-data: Quartz Scheduler (v2.3.0) 'quartzScheduler' with instanceId 'NON_CLUSTERED'
  Scheduler class: 'org.quartz.core.QuartzScheduler' - running locally.
  NOT STARTED.
  Currently in standby mode.
  Number of jobs executed: 0
  Using thread pool 'org.quartz.simpl.SimpleThreadPool' - with 10 threads.
  Using job-store 'org.quartz.simpl.RAMJobStore' - which does not support persistence. and is not clustered.

Quartz scheduler 'quartzScheduler' initialized from an externally provided properties instance.
Quartz scheduler version: 2.3.0
JobFactory set to: org.springframework.scheduling.quartz.SpringBeanJobFactory@3f831d4a
Context refreshed
Found 1 custom documentation plugin(s)
Scanning for api listing references
Generating unique operation named: saveRoleUsingPOST_1
Generating unique operation named: dbRestoreUsingPOST_1
Generating unique operation named: echarts0UsingGET_1
Generating unique operation named: echarts1UsingGET_1
Generating unique operation named: echarts2UsingGET_1
Generating unique operation named: listEMenuUsingPOST_1
Generating unique operation named: delByPKUsingPOST_1
Generating unique operation named: insertSelectiveUsingPOST_1
Generating unique operation named: loginUsingPOST_1
Generating unique operation named: updateByPKSelectiveUsingPOST_1
Generating unique operation named: loginUsingGET_1
Generating unique operation named: indexUsingGET_1
Starting Quartz Scheduler now
Scheduler quartzScheduler_$_NON_CLUSTERED started.
Starting ProtocolHandler ["http-nio-80"]
Using a shared selector for servlet write/read
Pausing ProtocolHandler ["http-nio-80"]
Stopping service [Tomcat]
The web application [ROOT] appears to have started a thread named [lettuce-eventExecutorLoop-1-1] but has failed to stop it. This is very likely to create a memory leak. Stack trace of thread:
 sun.misc.Unsafe.park(Native Method)
 java.util.concurrent.locks.LockSupport.parkNanos(LockSupport.java:215)
 java.util.concurrent.locks.AbstractQueuedSynchronizer$ConditionObject.awaitNanos(AbstractQueuedSynchronizer.java:2078)
 java.util.concurrent.LinkedBlockingQueue.poll(LinkedBlockingQueue.java:467)
 io.netty.util.concurrent.SingleThreadEventExecutor.takeTask(SingleThreadEventExecutor.java:251)
 io.netty.util.concurrent.DefaultEventExecutor.run(DefaultEventExecutor.java:64)
 io.netty.util.concurrent.SingleThreadEventExecutor$5.run(SingleThreadEventExecutor.java:897)
 io.netty.util.concurrent.FastThreadLocalRunnable.run(FastThreadLocalRunnable.java:30)
 java.lang.Thread.run(Thread.java:748)
The stop() method was called on component [StandardServer[-1]] after stop() had already been called. The second call will be ignored.
Stopping ProtocolHandler ["http-nio-80"]
Destroying ProtocolHandler ["http-nio-80"]


Error starting ApplicationContext. To display the conditions report re-run your application with 'debug' enabled.
Scheduler quartzScheduler_$_NON_CLUSTERED paused.
Shutting down Quartz Scheduler
Scheduler quartzScheduler_$_NON_CLUSTERED shutting down.
Scheduler quartzScheduler_$_NON_CLUSTERED paused.
Scheduler quartzScheduler_$_NON_CLUSTERED shutdown complete.
Shutting down ExecutorService 'applicationTaskExecutor'
{dataSource-1} closed
Starting Test1Application on UnDead with PID 19768 (started by SeeClanUkyo in D:\新建文件夹\test1)
No active profile set, falling back to default profiles: default
Devtools property defaults active! Set 'spring.devtools.add-properties' to 'false' to disable
For additional web related logging consider setting the 'logging.level.web' property to 'DEBUG'
Multiple Spring Data modules found, entering strict repository configuration mode!
Bootstrapping Spring Data repositories in DEFAULT mode.
Finished Spring Data repository scanning in 48ms. Found 0 repository interfaces.
Bean 'shiroConfiguration' of type [com.tansuo365.test1.config.shiro.ShiroConfiguration$$EnhancerBySpringCGLIB$$d4113f82] is not eligible for getting processed by all BeanPostProcessors (for example: not eligible for auto-proxying)
Bean 'hashedCredentialsMatcher' of type [org.apache.shiro.authc.credential.HashedCredentialsMatcher] is not eligible for getting processed by all BeanPostProcessors (for example: not eligible for auto-proxying)
Bean 'mybatis-org.mybatis.spring.boot.autoconfigure.MybatisProperties' of type [org.mybatis.spring.boot.autoconfigure.MybatisProperties] is not eligible for getting processed by all BeanPostProcessors (for example: not eligible for auto-proxying)
Bean 'org.mybatis.spring.boot.autoconfigure.MybatisAutoConfiguration' of type [org.mybatis.spring.boot.autoconfigure.MybatisAutoConfiguration$$EnhancerBySpringCGLIB$$bef2e5e3] is not eligible for getting processed by all BeanPostProcessors (for example: not eligible for auto-proxying)
Bean 'com.alibaba.druid.spring.boot.autoconfigure.DruidDataSourceAutoConfigure' of type [com.alibaba.druid.spring.boot.autoconfigure.DruidDataSourceAutoConfigure$$EnhancerBySpringCGLIB$$a5ca8a25] is not eligible for getting processed by all BeanPostProcessors (for example: not eligible for auto-proxying)
Init DruidDataSource
Bean 'spring.datasource-org.springframework.boot.autoconfigure.jdbc.DataSourceProperties' of type [org.springframework.boot.autoconfigure.jdbc.DataSourceProperties] is not eligible for getting processed by all BeanPostProcessors (for example: not eligible for auto-proxying)
Bean 'com.alibaba.druid.spring.boot.autoconfigure.stat.DruidFilterConfiguration' of type [com.alibaba.druid.spring.boot.autoconfigure.stat.DruidFilterConfiguration] is not eligible for getting processed by all BeanPostProcessors (for example: not eligible for auto-proxying)
Bean 'statFilter' of type [com.alibaba.druid.filter.stat.StatFilter] is not eligible for getting processed by all BeanPostProcessors (for example: not eligible for auto-proxying)
{dataSource-1} inited
Bean 'dataSource' of type [com.alibaba.druid.spring.boot.autoconfigure.DruidDataSourceWrapper] is not eligible for getting processed by all BeanPostProcessors (for example: not eligible for auto-proxying)
Bean 'sqlSessionFactory' of type [org.apache.ibatis.session.defaults.DefaultSqlSessionFactory] is not eligible for getting processed by all BeanPostProcessors (for example: not eligible for auto-proxying)
Bean 'sqlSessionTemplate' of type [org.mybatis.spring.SqlSessionTemplate] is not eligible for getting processed by all BeanPostProcessors (for example: not eligible for auto-proxying)
Bean 'userMapper' of type [org.mybatis.spring.mapper.MapperFactoryBean] is not eligible for getting processed by all BeanPostProcessors (for example: not eligible for auto-proxying)
Bean 'userMapper' of type [com.sun.proxy.$Proxy78] is not eligible for getting processed by all BeanPostProcessors (for example: not eligible for auto-proxying)
Bean 'userRoleMapper' of type [org.mybatis.spring.mapper.MapperFactoryBean] is not eligible for getting processed by all BeanPostProcessors (for example: not eligible for auto-proxying)
Bean 'userRoleMapper' of type [com.sun.proxy.$Proxy79] is not eligible for getting processed by all BeanPostProcessors (for example: not eligible for auto-proxying)
Bean 'userRoleServiceImpl' of type [com.tansuo365.test1.service.user.impl.UserRoleServiceImpl] is not eligible for getting processed by all BeanPostProcessors (for example: not eligible for auto-proxying)
Bean 'passwordEncrypt' of type [com.tansuo365.test1.util.PasswordEncrypt] is not eligible for getting processed by all BeanPostProcessors (for example: not eligible for auto-proxying)
Bean 'userServiceImpl' of type [com.tansuo365.test1.service.user.impl.UserServiceImpl] is not eligible for getting processed by all BeanPostProcessors (for example: not eligible for auto-proxying)
Bean 'roleMapper' of type [org.mybatis.spring.mapper.MapperFactoryBean] is not eligible for getting processed by all BeanPostProcessors (for example: not eligible for auto-proxying)
Bean 'roleMapper' of type [com.sun.proxy.$Proxy83] is not eligible for getting processed by all BeanPostProcessors (for example: not eligible for auto-proxying)
Bean 'roleServiceImpl' of type [com.tansuo365.test1.service.user.impl.RoleServiceImpl] is not eligible for getting processed by all BeanPostProcessors (for example: not eligible for auto-proxying)
Bean 'EMenuMapper' of type [org.mybatis.spring.mapper.MapperFactoryBean] is not eligible for getting processed by all BeanPostProcessors (for example: not eligible for auto-proxying)
Bean 'EMenuMapper' of type [com.sun.proxy.$Proxy84] is not eligible for getting processed by all BeanPostProcessors (for example: not eligible for auto-proxying)
Bean 'EMenuServiceImpl' of type [com.tansuo365.test1.service.user.impl.EMenuServiceImpl] is not eligible for getting processed by all BeanPostProcessors (for example: not eligible for auto-proxying)
Bean 'getDatabaseRealm' of type [com.tansuo365.test1.config.shiro.realm.DatabaseRealm] is not eligible for getting processed by all BeanPostProcessors (for example: not eligible for auto-proxying)
Bean 'rememberMeCookie' of type [org.apache.shiro.web.servlet.SimpleCookie] is not eligible for getting processed by all BeanPostProcessors (for example: not eligible for auto-proxying)
Bean 'rememberMeManager' of type [org.apache.shiro.web.mgt.CookieRememberMeManager] is not eligible for getting processed by all BeanPostProcessors (for example: not eligible for auto-proxying)
Bean 'securityManager' of type [org.apache.shiro.web.mgt.DefaultWebSecurityManager] is not eligible for getting processed by all BeanPostProcessors (for example: not eligible for auto-proxying)
Bean 'redisConfig' of type [com.tansuo365.test1.config.RedisConfig$$EnhancerBySpringCGLIB$$13f6eecd] is not eligible for getting processed by all BeanPostProcessors (for example: not eligible for auto-proxying)
Bean 'org.springframework.transaction.annotation.ProxyTransactionManagementConfiguration' of type [org.springframework.transaction.annotation.ProxyTransactionManagementConfiguration$$EnhancerBySpringCGLIB$$8c1e94b3] is not eligible for getting processed by all BeanPostProcessors (for example: not eligible for auto-proxying)
Bean 'authorizationAttributeSourceAdvisor' of type [org.apache.shiro.spring.security.interceptor.AuthorizationAttributeSourceAdvisor] is not eligible for getting processed by all BeanPostProcessors (for example: not eligible for auto-proxying)
Tomcat initialized with port(s): 81 (http)
Initializing ProtocolHandler ["http-nio-81"]
Starting service [Tomcat]
Starting Servlet Engine: Apache Tomcat/9.0.13
The APR based Apache Tomcat Native library which allows optimal performance in production environments was not found on the java.library.path: [C:\Program Files\Java\jdk1.8.0_191\bin;C:\WINDOWS\Sun\Java\bin;C:\WINDOWS\system32;C:\WINDOWS;C:\ProgramData\DockerDesktop\version-bin;C:\Program Files\Docker\Docker\Resources\bin;F:\Xshell6\;C:\Program Files (x86)\Common Files\Oracle\Java\javapath;C:\Program Files (x86)\Intel\Intel(R) Management Engine Components\iCLS\;C:\Program Files\Intel\Intel(R) Management Engine Components\iCLS\;F:\Oracle\app\oracle\product\10.2.0\server\bin;C:\ProgramData\Oracle\Java\javapath;C:\Windows\system32;C:\Windows;C:\Windows\System32\Wbem;C:\Windows\System32\WindowsPowerShell\v1.0\;C:\Program Files (x86)\NVIDIA Corporation\PhysX\Common;F:\kranalyzer;"F:\apache-tomcat-8.5.30\lib;F:\apache-tomcat-8.5.30\bin";F:\apache-maven-3.6.0\bin;F:\apache-maven-3.6.0\bin;F:\spring-2.0.1.RELEASE\bin;F:\commons-logging-1.2;F:\nodejs\;C:\Program Files (x86)\Calibre2\;C:\WINDOWS\system32;C:\WINDOWS;C:\WINDOWS\System32\Wbem;C:\WINDOWS\System32\WindowsPowerShell\v1.0\;C:\WINDOWS\System32\OpenSSH\;F:\postgreSQL\pg10\bin;C:\Program Files (x86)\Intel\Intel(R) Management Engine Components\DAL;C:\Program Files\Intel\Intel(R) Management Engine Components\DAL;C:\Program Files (x86)\Intel\Intel(R) Management Engine Components\IPT;C:\Program Files\Intel\Intel(R) Management Engine Components\IPT;C:\Program Files\Intel\WiFi\bin\;C:\Program Files\Common Files\Intel\WirelessCommon\;F:\mysql\mysql-5.7.21-winx64\bin;F:\spring-2.0.4.RELEASE\bin;F:\gradle-4.10.1\bin;C:\Program Files\Java\jdk1.8.0_191\bin;F:\redis\;F:\Go\bin;C:\Program Files\Microsoft SQL Server\Client SDK\ODBC\130\Tools\Binn\;C:\Program Files (x86)\Microsoft SQL Server\140\Tools\Binn\;C:\Program Files\Microsoft SQL Server\140\Tools\Binn\;C:\Program Files\Microsoft SQL Server\140\DTS\Binn\;C:\Program Files (x86)\Microsoft SQL Server\Client SDK\ODBC\130\Tools\Binn\;C:\Program Files (x86)\Microsoft SQL Server\140\DTS\Binn\;C:\Program Files (x86)\Microsoft SQL Server\140\Tools\Binn\ManagementStudio\;F:\Git\cmd;F:\erl7.1\bin;F:\newngrok;F:\TortoiseSVN\bin;F:\SVNtool\bin;C:\Program Files\Java\jre1.8.0_191\bin;F:\texlive\2018\bin\win32;C:\Users\SeeClanUkyo\AppData\Local\Programs\Python\Python36\Scripts\;C:\Users\SeeClanUkyo\AppData\Local\Programs\Python\Python36\;C:\Users\SeeClanUkyo\AppData\Local\Microsoft\WindowsApps;F:\Nmap;C:\Users\SeeClanUkyo\AppData\Roaming\npm;C:\Users\SeeClanUkyo\AppData\Local\GitHubDesktop\bin;F:\MiKTeX\miktex\bin\x64\;D:\go\workspace\bin;F:\Microsoft VS Code Insiders\bin;.]
At least one JAR was scanned for TLDs yet contained no TLDs. Enable debug logging for this logger for a complete list of JARs that were scanned but no TLDs were found in them. Skipping unneeded JARs during scanning can improve startup time and JSP compilation time.
Initializing Spring embedded WebApplicationContext
Root WebApplicationContext: initialization completed in 8234 ms
Exposing 16 endpoint(s) beneath base path '/actuator'
Mapped URL path [/v2/api-docs] onto method [public org.springframework.http.ResponseEntity<springfox.documentation.spring.web.json.Json> springfox.documentation.swagger2.web.Swagger2Controller.getDocumentation(java.lang.String,javax.servlet.http.HttpServletRequest)]
Initializing ExecutorService 'applicationTaskExecutor'
Unable to start LiveReload server
[THYMELEAF][restartedMain] Template Mode 'HTML5' is deprecated. Using Template Mode 'HTML' instead.
Adding welcome page template: index
Using default implementation for ThreadExecutor
Initialized Scheduler Signaller of type: class org.quartz.core.SchedulerSignalerImpl
Quartz Scheduler v.2.3.0 created.
RAMJobStore initialized.
Scheduler meta-data: Quartz Scheduler (v2.3.0) 'quartzScheduler' with instanceId 'NON_CLUSTERED'
  Scheduler class: 'org.quartz.core.QuartzScheduler' - running locally.
  NOT STARTED.
  Currently in standby mode.
  Number of jobs executed: 0
  Using thread pool 'org.quartz.simpl.SimpleThreadPool' - with 10 threads.
  Using job-store 'org.quartz.simpl.RAMJobStore' - which does not support persistence. and is not clustered.

Quartz scheduler 'quartzScheduler' initialized from an externally provided properties instance.
Quartz scheduler version: 2.3.0
JobFactory set to: org.springframework.scheduling.quartz.SpringBeanJobFactory@19e84a5c
Context refreshed
Found 1 custom documentation plugin(s)
Scanning for api listing references
Generating unique operation named: saveRoleUsingPOST_1
Generating unique operation named: dbRestoreUsingPOST_1
Generating unique operation named: echarts0UsingGET_1
Generating unique operation named: echarts1UsingGET_1
Generating unique operation named: echarts2UsingGET_1
Generating unique operation named: listEMenuUsingPOST_1
Generating unique operation named: delByPKUsingPOST_1
Generating unique operation named: insertSelectiveUsingPOST_1
Generating unique operation named: loginUsingPOST_1
Generating unique operation named: updateByPKSelectiveUsingPOST_1
Generating unique operation named: loginUsingGET_1
Generating unique operation named: indexUsingGET_1
Starting Quartz Scheduler now
Scheduler quartzScheduler_$_NON_CLUSTERED started.
Starting ProtocolHandler ["http-nio-81"]
Using a shared selector for servlet write/read
Tomcat started on port(s): 81 (http) with context path ''
Started Test1Application in 15.892 seconds (JVM running for 21.389)
Initializing Spring DispatcherServlet 'dispatcherServlet'
Initializing Servlet 'dispatcherServlet'
Completed initialization in 35 ms
Starting without optional epoll library
Starting without optional kqueue library
Scheduler quartzScheduler_$_NON_CLUSTERED paused.
Shutting down Quartz Scheduler
Scheduler quartzScheduler_$_NON_CLUSTERED shutting down.
Scheduler quartzScheduler_$_NON_CLUSTERED paused.
Scheduler quartzScheduler_$_NON_CLUSTERED shutdown complete.
Shutting down ExecutorService 'applicationTaskExecutor'
{dataSource-1} closed
Resolved [org.springframework.web.HttpRequestMethodNotSupportedException: Request method 'POST' not supported]
Starting Test1Application on UnDead with PID 19768 (started by SeeClanUkyo in D:\新建文件夹\test1)
No active profile set, falling back to default profiles: default
Multiple Spring Data modules found, entering strict repository configuration mode!
Bootstrapping Spring Data repositories in DEFAULT mode.
Finished Spring Data repository scanning in 161ms. Found 0 repository interfaces.
Bean 'shiroConfiguration' of type [com.tansuo365.test1.config.shiro.ShiroConfiguration$$EnhancerBySpringCGLIB$$d4113f82] is not eligible for getting processed by all BeanPostProcessors (for example: not eligible for auto-proxying)
Bean 'hashedCredentialsMatcher' of type [org.apache.shiro.authc.credential.HashedCredentialsMatcher] is not eligible for getting processed by all BeanPostProcessors (for example: not eligible for auto-proxying)
Bean 'mybatis-org.mybatis.spring.boot.autoconfigure.MybatisProperties' of type [org.mybatis.spring.boot.autoconfigure.MybatisProperties] is not eligible for getting processed by all BeanPostProcessors (for example: not eligible for auto-proxying)
Bean 'org.mybatis.spring.boot.autoconfigure.MybatisAutoConfiguration' of type [org.mybatis.spring.boot.autoconfigure.MybatisAutoConfiguration$$EnhancerBySpringCGLIB$$bef2e5e3] is not eligible for getting processed by all BeanPostProcessors (for example: not eligible for auto-proxying)
Bean 'com.alibaba.druid.spring.boot.autoconfigure.DruidDataSourceAutoConfigure' of type [com.alibaba.druid.spring.boot.autoconfigure.DruidDataSourceAutoConfigure$$EnhancerBySpringCGLIB$$a5ca8a25] is not eligible for getting processed by all BeanPostProcessors (for example: not eligible for auto-proxying)
Init DruidDataSource
Bean 'spring.datasource-org.springframework.boot.autoconfigure.jdbc.DataSourceProperties' of type [org.springframework.boot.autoconfigure.jdbc.DataSourceProperties] is not eligible for getting processed by all BeanPostProcessors (for example: not eligible for auto-proxying)
Bean 'com.alibaba.druid.spring.boot.autoconfigure.stat.DruidFilterConfiguration' of type [com.alibaba.druid.spring.boot.autoconfigure.stat.DruidFilterConfiguration] is not eligible for getting processed by all BeanPostProcessors (for example: not eligible for auto-proxying)
Bean 'statFilter' of type [com.alibaba.druid.filter.stat.StatFilter] is not eligible for getting processed by all BeanPostProcessors (for example: not eligible for auto-proxying)
{dataSource-2} inited
Bean 'dataSource' of type [com.alibaba.druid.spring.boot.autoconfigure.DruidDataSourceWrapper] is not eligible for getting processed by all BeanPostProcessors (for example: not eligible for auto-proxying)
Bean 'sqlSessionFactory' of type [org.apache.ibatis.session.defaults.DefaultSqlSessionFactory] is not eligible for getting processed by all BeanPostProcessors (for example: not eligible for auto-proxying)
Bean 'sqlSessionTemplate' of type [org.mybatis.spring.SqlSessionTemplate] is not eligible for getting processed by all BeanPostProcessors (for example: not eligible for auto-proxying)
Bean 'userMapper' of type [org.mybatis.spring.mapper.MapperFactoryBean] is not eligible for getting processed by all BeanPostProcessors (for example: not eligible for auto-proxying)
Bean 'userMapper' of type [com.sun.proxy.$Proxy178] is not eligible for getting processed by all BeanPostProcessors (for example: not eligible for auto-proxying)
Bean 'userRoleMapper' of type [org.mybatis.spring.mapper.MapperFactoryBean] is not eligible for getting processed by all BeanPostProcessors (for example: not eligible for auto-proxying)
Bean 'userRoleMapper' of type [com.sun.proxy.$Proxy179] is not eligible for getting processed by all BeanPostProcessors (for example: not eligible for auto-proxying)
Bean 'userRoleServiceImpl' of type [com.tansuo365.test1.service.user.impl.UserRoleServiceImpl] is not eligible for getting processed by all BeanPostProcessors (for example: not eligible for auto-proxying)
Bean 'passwordEncrypt' of type [com.tansuo365.test1.util.PasswordEncrypt] is not eligible for getting processed by all BeanPostProcessors (for example: not eligible for auto-proxying)
Bean 'userServiceImpl' of type [com.tansuo365.test1.service.user.impl.UserServiceImpl] is not eligible for getting processed by all BeanPostProcessors (for example: not eligible for auto-proxying)
Bean 'roleMapper' of type [org.mybatis.spring.mapper.MapperFactoryBean] is not eligible for getting processed by all BeanPostProcessors (for example: not eligible for auto-proxying)
Bean 'roleMapper' of type [com.sun.proxy.$Proxy180] is not eligible for getting processed by all BeanPostProcessors (for example: not eligible for auto-proxying)
Bean 'roleServiceImpl' of type [com.tansuo365.test1.service.user.impl.RoleServiceImpl] is not eligible for getting processed by all BeanPostProcessors (for example: not eligible for auto-proxying)
Bean 'EMenuMapper' of type [org.mybatis.spring.mapper.MapperFactoryBean] is not eligible for getting processed by all BeanPostProcessors (for example: not eligible for auto-proxying)
Bean 'EMenuMapper' of type [com.sun.proxy.$Proxy181] is not eligible for getting processed by all BeanPostProcessors (for example: not eligible for auto-proxying)
Bean 'EMenuServiceImpl' of type [com.tansuo365.test1.service.user.impl.EMenuServiceImpl] is not eligible for getting processed by all BeanPostProcessors (for example: not eligible for auto-proxying)
Bean 'getDatabaseRealm' of type [com.tansuo365.test1.config.shiro.realm.DatabaseRealm] is not eligible for getting processed by all BeanPostProcessors (for example: not eligible for auto-proxying)
Bean 'rememberMeCookie' of type [org.apache.shiro.web.servlet.SimpleCookie] is not eligible for getting processed by all BeanPostProcessors (for example: not eligible for auto-proxying)
Bean 'rememberMeManager' of type [org.apache.shiro.web.mgt.CookieRememberMeManager] is not eligible for getting processed by all BeanPostProcessors (for example: not eligible for auto-proxying)
Bean 'securityManager' of type [org.apache.shiro.web.mgt.DefaultWebSecurityManager] is not eligible for getting processed by all BeanPostProcessors (for example: not eligible for auto-proxying)
Bean 'redisConfig' of type [com.tansuo365.test1.config.RedisConfig$$EnhancerBySpringCGLIB$$13f6eecd] is not eligible for getting processed by all BeanPostProcessors (for example: not eligible for auto-proxying)
Bean 'org.springframework.transaction.annotation.ProxyTransactionManagementConfiguration' of type [org.springframework.transaction.annotation.ProxyTransactionManagementConfiguration$$EnhancerBySpringCGLIB$$8c1e94b3] is not eligible for getting processed by all BeanPostProcessors (for example: not eligible for auto-proxying)
Bean 'authorizationAttributeSourceAdvisor' of type [org.apache.shiro.spring.security.interceptor.AuthorizationAttributeSourceAdvisor] is not eligible for getting processed by all BeanPostProcessors (for example: not eligible for auto-proxying)
Tomcat initialized with port(s): 81 (http)
Initializing ProtocolHandler ["http-nio-81"]
Starting service [Tomcat]
Starting Servlet Engine: Apache Tomcat/9.0.13
At least one JAR was scanned for TLDs yet contained no TLDs. Enable debug logging for this logger for a complete list of JARs that were scanned but no TLDs were found in them. Skipping unneeded JARs during scanning can improve startup time and JSP compilation time.
Initializing Spring embedded WebApplicationContext
Root WebApplicationContext: initialization completed in 13244 ms
Cannot deserialize session attribute [roleList] for session [7CE99E66D1D4DFA913C0EA47761645E9]
Exposing 16 endpoint(s) beneath base path '/actuator'
Mapped URL path [/v2/api-docs] onto method [public org.springframework.http.ResponseEntity<springfox.documentation.spring.web.json.Json> springfox.documentation.swagger2.web.Swagger2Controller.getDocumentation(java.lang.String,javax.servlet.http.HttpServletRequest)]
Initializing ExecutorService 'applicationTaskExecutor'
Unable to start LiveReload server
[THYMELEAF][restartedMain] Template Mode 'HTML5' is deprecated. Using Template Mode 'HTML' instead.
Adding welcome page template: index
Using default implementation for ThreadExecutor
Initialized Scheduler Signaller of type: class org.quartz.core.SchedulerSignalerImpl
Quartz Scheduler v.2.3.0 created.
RAMJobStore initialized.
Scheduler meta-data: Quartz Scheduler (v2.3.0) 'quartzScheduler' with instanceId 'NON_CLUSTERED'
  Scheduler class: 'org.quartz.core.QuartzScheduler' - running locally.
  NOT STARTED.
  Currently in standby mode.
  Number of jobs executed: 0
  Using thread pool 'org.quartz.simpl.SimpleThreadPool' - with 10 threads.
  Using job-store 'org.quartz.simpl.RAMJobStore' - which does not support persistence. and is not clustered.

Quartz scheduler 'quartzScheduler' initialized from an externally provided properties instance.
Quartz scheduler version: 2.3.0
JobFactory set to: org.springframework.scheduling.quartz.SpringBeanJobFactory@745b6027
Context refreshed
Found 1 custom documentation plugin(s)
Scanning for api listing references
Generating unique operation named: saveRoleUsingPOST_1
Generating unique operation named: dbRestoreUsingPOST_1
Generating unique operation named: echarts0UsingGET_1
Generating unique operation named: echarts1UsingGET_1
Generating unique operation named: echarts2UsingGET_1
Generating unique operation named: listEMenuUsingPOST_1
Generating unique operation named: delByPKUsingPOST_1
Generating unique operation named: insertSelectiveUsingPOST_1
Generating unique operation named: loginUsingPOST_1
Generating unique operation named: updateByPKSelectiveUsingPOST_1
Generating unique operation named: loginUsingGET_1
Generating unique operation named: indexUsingGET_1
Starting Quartz Scheduler now
Scheduler quartzScheduler_$_NON_CLUSTERED started.
Starting ProtocolHandler ["http-nio-81"]
Using a shared selector for servlet write/read
Tomcat started on port(s): 81 (http) with context path ''
Started Test1Application in 17.357 seconds (JVM running for 261.705)
Condition evaluation unchanged
Initializing Spring DispatcherServlet 'dispatcherServlet'
Initializing Servlet 'dispatcherServlet'
Completed initialization in 44 ms
Resolved [org.springframework.web.HttpRequestMethodNotSupportedException: Request method 'POST' not supported]
Resolved [org.springframework.web.HttpRequestMethodNotSupportedException: Request method 'POST' not supported]
Resolved [org.springframework.web.HttpRequestMethodNotSupportedException: Request method 'POST' not supported]
Starting Test1Application on UnDead with PID 7692 (started by SeeClanUkyo in D:\新建文件夹\test1)
No active profile set, falling back to default profiles: default
Devtools property defaults active! Set 'spring.devtools.add-properties' to 'false' to disable
For additional web related logging consider setting the 'logging.level.web' property to 'DEBUG'
Multiple Spring Data modules found, entering strict repository configuration mode!
Bootstrapping Spring Data repositories in DEFAULT mode.
Finished Spring Data repository scanning in 33ms. Found 0 repository interfaces.
Bean 'shiroConfiguration' of type [com.tansuo365.test1.config.shiro.ShiroConfiguration$$EnhancerBySpringCGLIB$$6d476fe3] is not eligible for getting processed by all BeanPostProcessors (for example: not eligible for auto-proxying)
Bean 'hashedCredentialsMatcher' of type [org.apache.shiro.authc.credential.HashedCredentialsMatcher] is not eligible for getting processed by all BeanPostProcessors (for example: not eligible for auto-proxying)
Bean 'mybatis-org.mybatis.spring.boot.autoconfigure.MybatisProperties' of type [org.mybatis.spring.boot.autoconfigure.MybatisProperties] is not eligible for getting processed by all BeanPostProcessors (for example: not eligible for auto-proxying)
Bean 'org.mybatis.spring.boot.autoconfigure.MybatisAutoConfiguration' of type [org.mybatis.spring.boot.autoconfigure.MybatisAutoConfiguration$$EnhancerBySpringCGLIB$$58291644] is not eligible for getting processed by all BeanPostProcessors (for example: not eligible for auto-proxying)
Bean 'com.alibaba.druid.spring.boot.autoconfigure.DruidDataSourceAutoConfigure' of type [com.alibaba.druid.spring.boot.autoconfigure.DruidDataSourceAutoConfigure$$EnhancerBySpringCGLIB$$3f00ba86] is not eligible for getting processed by all BeanPostProcessors (for example: not eligible for auto-proxying)
Init DruidDataSource
Bean 'spring.datasource-org.springframework.boot.autoconfigure.jdbc.DataSourceProperties' of type [org.springframework.boot.autoconfigure.jdbc.DataSourceProperties] is not eligible for getting processed by all BeanPostProcessors (for example: not eligible for auto-proxying)
Bean 'com.alibaba.druid.spring.boot.autoconfigure.stat.DruidFilterConfiguration' of type [com.alibaba.druid.spring.boot.autoconfigure.stat.DruidFilterConfiguration] is not eligible for getting processed by all BeanPostProcessors (for example: not eligible for auto-proxying)
Bean 'statFilter' of type [com.alibaba.druid.filter.stat.StatFilter] is not eligible for getting processed by all BeanPostProcessors (for example: not eligible for auto-proxying)
{dataSource-1} inited
Bean 'dataSource' of type [com.alibaba.druid.spring.boot.autoconfigure.DruidDataSourceWrapper] is not eligible for getting processed by all BeanPostProcessors (for example: not eligible for auto-proxying)
Bean 'sqlSessionFactory' of type [org.apache.ibatis.session.defaults.DefaultSqlSessionFactory] is not eligible for getting processed by all BeanPostProcessors (for example: not eligible for auto-proxying)
Bean 'sqlSessionTemplate' of type [org.mybatis.spring.SqlSessionTemplate] is not eligible for getting processed by all BeanPostProcessors (for example: not eligible for auto-proxying)
Bean 'userMapper' of type [org.mybatis.spring.mapper.MapperFactoryBean] is not eligible for getting processed by all BeanPostProcessors (for example: not eligible for auto-proxying)
Bean 'userMapper' of type [com.sun.proxy.$Proxy78] is not eligible for getting processed by all BeanPostProcessors (for example: not eligible for auto-proxying)
Bean 'userRoleMapper' of type [org.mybatis.spring.mapper.MapperFactoryBean] is not eligible for getting processed by all BeanPostProcessors (for example: not eligible for auto-proxying)
Bean 'userRoleMapper' of type [com.sun.proxy.$Proxy79] is not eligible for getting processed by all BeanPostProcessors (for example: not eligible for auto-proxying)
Bean 'userRoleServiceImpl' of type [com.tansuo365.test1.service.user.impl.UserRoleServiceImpl] is not eligible for getting processed by all BeanPostProcessors (for example: not eligible for auto-proxying)
Bean 'passwordEncrypt' of type [com.tansuo365.test1.util.PasswordEncrypt] is not eligible for getting processed by all BeanPostProcessors (for example: not eligible for auto-proxying)
Bean 'userServiceImpl' of type [com.tansuo365.test1.service.user.impl.UserServiceImpl] is not eligible for getting processed by all BeanPostProcessors (for example: not eligible for auto-proxying)
Bean 'roleMapper' of type [org.mybatis.spring.mapper.MapperFactoryBean] is not eligible for getting processed by all BeanPostProcessors (for example: not eligible for auto-proxying)
Bean 'roleMapper' of type [com.sun.proxy.$Proxy83] is not eligible for getting processed by all BeanPostProcessors (for example: not eligible for auto-proxying)
Bean 'roleServiceImpl' of type [com.tansuo365.test1.service.user.impl.RoleServiceImpl] is not eligible for getting processed by all BeanPostProcessors (for example: not eligible for auto-proxying)
Bean 'EMenuMapper' of type [org.mybatis.spring.mapper.MapperFactoryBean] is not eligible for getting processed by all BeanPostProcessors (for example: not eligible for auto-proxying)
Bean 'EMenuMapper' of type [com.sun.proxy.$Proxy84] is not eligible for getting processed by all BeanPostProcessors (for example: not eligible for auto-proxying)
Bean 'EMenuServiceImpl' of type [com.tansuo365.test1.service.user.impl.EMenuServiceImpl] is not eligible for getting processed by all BeanPostProcessors (for example: not eligible for auto-proxying)
Bean 'getDatabaseRealm' of type [com.tansuo365.test1.config.shiro.realm.DatabaseRealm] is not eligible for getting processed by all BeanPostProcessors (for example: not eligible for auto-proxying)
Bean 'rememberMeCookie' of type [org.apache.shiro.web.servlet.SimpleCookie] is not eligible for getting processed by all BeanPostProcessors (for example: not eligible for auto-proxying)
Bean 'rememberMeManager' of type [org.apache.shiro.web.mgt.CookieRememberMeManager] is not eligible for getting processed by all BeanPostProcessors (for example: not eligible for auto-proxying)
Bean 'securityManager' of type [org.apache.shiro.web.mgt.DefaultWebSecurityManager] is not eligible for getting processed by all BeanPostProcessors (for example: not eligible for auto-proxying)
Bean 'redisConfig' of type [com.tansuo365.test1.config.RedisConfig$$EnhancerBySpringCGLIB$$ad2d1f2e] is not eligible for getting processed by all BeanPostProcessors (for example: not eligible for auto-proxying)
Bean 'org.springframework.transaction.annotation.ProxyTransactionManagementConfiguration' of type [org.springframework.transaction.annotation.ProxyTransactionManagementConfiguration$$EnhancerBySpringCGLIB$$2554c514] is not eligible for getting processed by all BeanPostProcessors (for example: not eligible for auto-proxying)
Bean 'authorizationAttributeSourceAdvisor' of type [org.apache.shiro.spring.security.interceptor.AuthorizationAttributeSourceAdvisor] is not eligible for getting processed by all BeanPostProcessors (for example: not eligible for auto-proxying)
Tomcat initialized with port(s): 81 (http)
Initializing ProtocolHandler ["http-nio-81"]
Starting service [Tomcat]
Starting Servlet Engine: Apache Tomcat/9.0.13
The APR based Apache Tomcat Native library which allows optimal performance in production environments was not found on the java.library.path: [C:\Program Files\Java\jdk1.8.0_191\bin;C:\WINDOWS\Sun\Java\bin;C:\WINDOWS\system32;C:\WINDOWS;C:\ProgramData\DockerDesktop\version-bin;C:\Program Files\Docker\Docker\Resources\bin;F:\Xshell6\;C:\Program Files (x86)\Common Files\Oracle\Java\javapath;C:\Program Files (x86)\Intel\Intel(R) Management Engine Components\iCLS\;C:\Program Files\Intel\Intel(R) Management Engine Components\iCLS\;F:\Oracle\app\oracle\product\10.2.0\server\bin;C:\ProgramData\Oracle\Java\javapath;C:\Windows\system32;C:\Windows;C:\Windows\System32\Wbem;C:\Windows\System32\WindowsPowerShell\v1.0\;C:\Program Files (x86)\NVIDIA Corporation\PhysX\Common;F:\kranalyzer;"F:\apache-tomcat-8.5.30\lib;F:\apache-tomcat-8.5.30\bin";F:\apache-maven-3.6.0\bin;F:\apache-maven-3.6.0\bin;F:\spring-2.0.1.RELEASE\bin;F:\commons-logging-1.2;F:\nodejs\;C:\Program Files (x86)\Calibre2\;C:\WINDOWS\system32;C:\WINDOWS;C:\WINDOWS\System32\Wbem;C:\WINDOWS\System32\WindowsPowerShell\v1.0\;C:\WINDOWS\System32\OpenSSH\;F:\postgreSQL\pg10\bin;C:\Program Files (x86)\Intel\Intel(R) Management Engine Components\DAL;C:\Program Files\Intel\Intel(R) Management Engine Components\DAL;C:\Program Files (x86)\Intel\Intel(R) Management Engine Components\IPT;C:\Program Files\Intel\Intel(R) Management Engine Components\IPT;C:\Program Files\Intel\WiFi\bin\;C:\Program Files\Common Files\Intel\WirelessCommon\;F:\mysql\mysql-5.7.21-winx64\bin;F:\spring-2.0.4.RELEASE\bin;F:\gradle-4.10.1\bin;C:\Program Files\Java\jdk1.8.0_191\bin;F:\redis\;F:\Go\bin;C:\Program Files\Microsoft SQL Server\Client SDK\ODBC\130\Tools\Binn\;C:\Program Files (x86)\Microsoft SQL Server\140\Tools\Binn\;C:\Program Files\Microsoft SQL Server\140\Tools\Binn\;C:\Program Files\Microsoft SQL Server\140\DTS\Binn\;C:\Program Files (x86)\Microsoft SQL Server\Client SDK\ODBC\130\Tools\Binn\;C:\Program Files (x86)\Microsoft SQL Server\140\DTS\Binn\;C:\Program Files (x86)\Microsoft SQL Server\140\Tools\Binn\ManagementStudio\;F:\Git\cmd;F:\erl7.1\bin;F:\newngrok;F:\TortoiseSVN\bin;F:\SVNtool\bin;C:\Program Files\Java\jre1.8.0_191\bin;F:\texlive\2018\bin\win32;C:\Users\SeeClanUkyo\AppData\Local\Programs\Python\Python36\Scripts\;C:\Users\SeeClanUkyo\AppData\Local\Programs\Python\Python36\;C:\Users\SeeClanUkyo\AppData\Local\Microsoft\WindowsApps;F:\Nmap;C:\Users\SeeClanUkyo\AppData\Roaming\npm;C:\Users\SeeClanUkyo\AppData\Local\GitHubDesktop\bin;F:\MiKTeX\miktex\bin\x64\;D:\go\workspace\bin;F:\Microsoft VS Code Insiders\bin;.]
At least one JAR was scanned for TLDs yet contained no TLDs. Enable debug logging for this logger for a complete list of JARs that were scanned but no TLDs were found in them. Skipping unneeded JARs during scanning can improve startup time and JSP compilation time.
Initializing Spring embedded WebApplicationContext
Root WebApplicationContext: initialization completed in 15423 ms
Exposing 16 endpoint(s) beneath base path '/actuator'
Mapped URL path [/v2/api-docs] onto method [public org.springframework.http.ResponseEntity<springfox.documentation.spring.web.json.Json> springfox.documentation.swagger2.web.Swagger2Controller.getDocumentation(java.lang.String,javax.servlet.http.HttpServletRequest)]
Initializing ExecutorService 'applicationTaskExecutor'
Unable to start LiveReload server
[THYMELEAF][restartedMain] Template Mode 'HTML5' is deprecated. Using Template Mode 'HTML' instead.
Adding welcome page template: index
Using default implementation for ThreadExecutor
Initialized Scheduler Signaller of type: class org.quartz.core.SchedulerSignalerImpl
Quartz Scheduler v.2.3.0 created.
RAMJobStore initialized.
Scheduler meta-data: Quartz Scheduler (v2.3.0) 'quartzScheduler' with instanceId 'NON_CLUSTERED'
  Scheduler class: 'org.quartz.core.QuartzScheduler' - running locally.
  NOT STARTED.
  Currently in standby mode.
  Number of jobs executed: 0
  Using thread pool 'org.quartz.simpl.SimpleThreadPool' - with 10 threads.
  Using job-store 'org.quartz.simpl.RAMJobStore' - which does not support persistence. and is not clustered.

Quartz scheduler 'quartzScheduler' initialized from an externally provided properties instance.
Quartz scheduler version: 2.3.0
JobFactory set to: org.springframework.scheduling.quartz.SpringBeanJobFactory@8a48791
Context refreshed
Found 1 custom documentation plugin(s)
Scanning for api listing references
Generating unique operation named: saveRoleUsingPOST_1
Generating unique operation named: dbRestoreUsingPOST_1
Generating unique operation named: echarts0UsingGET_1
Generating unique operation named: echarts1UsingGET_1
Generating unique operation named: echarts2UsingGET_1
Generating unique operation named: listEMenuUsingPOST_1
Generating unique operation named: delByPKUsingPOST_1
Generating unique operation named: insertSelectiveUsingPOST_1
Generating unique operation named: loginUsingPOST_1
Generating unique operation named: updateByPKSelectiveUsingPOST_1
Generating unique operation named: loginUsingGET_1
Generating unique operation named: indexUsingGET_1
Starting Quartz Scheduler now
Scheduler quartzScheduler_$_NON_CLUSTERED started.
Starting ProtocolHandler ["http-nio-81"]
Using a shared selector for servlet write/read
Tomcat started on port(s): 81 (http) with context path ''
Started Test1Application in 19.366 seconds (JVM running for 27.388)
Initializing Spring DispatcherServlet 'dispatcherServlet'
Initializing Servlet 'dispatcherServlet'
Completed initialization in 71 ms
Starting without optional epoll library
Starting without optional kqueue library
